<?xml version="1.0" encoding="UTF-8"?>
<testsuite xmlns:xsi="http://www.w3.org/2001/XMLSchema-instance" xsi:noNamespaceSchemaLocation="https://maven.apache.org/surefire/maven-surefire-plugin/xsd/surefire-test-report.xsd" version="3.0.2" name="hotel.rest.main.HotelRestTp3ApplicationTests" time="24.423" tests="1" errors="0" skipped="0" failures="0">
  <properties>
    <property name="java.specification.version" value="21"/>
    <property name="sun.jnu.encoding" value="UTF-8"/>
    <property name="java.class.path" value="/mnt/c/Users/Miguel/git/hotel_rest_tp3/target/test-classes:/mnt/c/Users/Miguel/git/hotel_rest_tp3/target/classes:/home/miguel/.m2/repository/org/springframework/boot/spring-boot-starter-data-jpa/3.4.1/spring-boot-starter-data-jpa-3.4.1.jar:/home/miguel/.m2/repository/org/springframework/boot/spring-boot-starter/3.4.1/spring-boot-starter-3.4.1.jar:/home/miguel/.m2/repository/org/springframework/boot/spring-boot/3.4.1/spring-boot-3.4.1.jar:/home/miguel/.m2/repository/org/springframework/boot/spring-boot-autoconfigure/3.4.1/spring-boot-autoconfigure-3.4.1.jar:/home/miguel/.m2/repository/org/springframework/boot/spring-boot-starter-logging/3.4.1/spring-boot-starter-logging-3.4.1.jar:/home/miguel/.m2/repository/ch/qos/logback/logback-classic/1.5.12/logback-classic-1.5.12.jar:/home/miguel/.m2/repository/ch/qos/logback/logback-core/1.5.12/logback-core-1.5.12.jar:/home/miguel/.m2/repository/org/apache/logging/log4j/log4j-to-slf4j/2.24.3/log4j-to-slf4j-2.24.3.jar:/home/miguel/.m2/repository/org/apache/logging/log4j/log4j-api/2.24.3/log4j-api-2.24.3.jar:/home/miguel/.m2/repository/org/slf4j/jul-to-slf4j/2.0.16/jul-to-slf4j-2.0.16.jar:/home/miguel/.m2/repository/jakarta/annotation/jakarta.annotation-api/2.1.1/jakarta.annotation-api-2.1.1.jar:/home/miguel/.m2/repository/org/yaml/snakeyaml/2.3/snakeyaml-2.3.jar:/home/miguel/.m2/repository/org/springframework/boot/spring-boot-starter-jdbc/3.4.1/spring-boot-starter-jdbc-3.4.1.jar:/home/miguel/.m2/repository/com/zaxxer/HikariCP/5.1.0/HikariCP-5.1.0.jar:/home/miguel/.m2/repository/org/springframework/spring-jdbc/6.2.1/spring-jdbc-6.2.1.jar:/home/miguel/.m2/repository/org/hibernate/orm/hibernate-core/6.6.4.Final/hibernate-core-6.6.4.Final.jar:/home/miguel/.m2/repository/jakarta/persistence/jakarta.persistence-api/3.1.0/jakarta.persistence-api-3.1.0.jar:/home/miguel/.m2/repository/jakarta/transaction/jakarta.transaction-api/2.0.1/jakarta.transaction-api-2.0.1.jar:/home/miguel/.m2/repository/org/jboss/logging/jboss-logging/3.6.1.Final/jboss-logging-3.6.1.Final.jar:/home/miguel/.m2/repository/org/hibernate/common/hibernate-commons-annotations/7.0.3.Final/hibernate-commons-annotations-7.0.3.Final.jar:/home/miguel/.m2/repository/io/smallrye/jandex/3.2.0/jandex-3.2.0.jar:/home/miguel/.m2/repository/com/fasterxml/classmate/1.7.0/classmate-1.7.0.jar:/home/miguel/.m2/repository/net/bytebuddy/byte-buddy/1.15.11/byte-buddy-1.15.11.jar:/home/miguel/.m2/repository/org/glassfish/jaxb/jaxb-runtime/4.0.5/jaxb-runtime-4.0.5.jar:/home/miguel/.m2/repository/org/glassfish/jaxb/jaxb-core/4.0.5/jaxb-core-4.0.5.jar:/home/miguel/.m2/repository/org/eclipse/angus/angus-activation/2.0.2/angus-activation-2.0.2.jar:/home/miguel/.m2/repository/org/glassfish/jaxb/txw2/4.0.5/txw2-4.0.5.jar:/home/miguel/.m2/repository/com/sun/istack/istack-commons-runtime/4.1.2/istack-commons-runtime-4.1.2.jar:/home/miguel/.m2/repository/jakarta/inject/jakarta.inject-api/2.0.1/jakarta.inject-api-2.0.1.jar:/home/miguel/.m2/repository/org/antlr/antlr4-runtime/4.13.0/antlr4-runtime-4.13.0.jar:/home/miguel/.m2/repository/org/springframework/data/spring-data-jpa/3.4.1/spring-data-jpa-3.4.1.jar:/home/miguel/.m2/repository/org/springframework/data/spring-data-commons/3.4.1/spring-data-commons-3.4.1.jar:/home/miguel/.m2/repository/org/springframework/spring-orm/6.2.1/spring-orm-6.2.1.jar:/home/miguel/.m2/repository/org/springframework/spring-context/6.2.1/spring-context-6.2.1.jar:/home/miguel/.m2/repository/org/springframework/spring-aop/6.2.1/spring-aop-6.2.1.jar:/home/miguel/.m2/repository/org/springframework/spring-tx/6.2.1/spring-tx-6.2.1.jar:/home/miguel/.m2/repository/org/springframework/spring-beans/6.2.1/spring-beans-6.2.1.jar:/home/miguel/.m2/repository/org/slf4j/slf4j-api/2.0.16/slf4j-api-2.0.16.jar:/home/miguel/.m2/repository/org/springframework/spring-aspects/6.2.1/spring-aspects-6.2.1.jar:/home/miguel/.m2/repository/org/aspectj/aspectjweaver/1.9.22.1/aspectjweaver-1.9.22.1.jar:/home/miguel/.m2/repository/org/springframework/boot/spring-boot-starter-web/3.4.1/spring-boot-starter-web-3.4.1.jar:/home/miguel/.m2/repository/org/springframework/boot/spring-boot-starter-json/3.4.1/spring-boot-starter-json-3.4.1.jar:/home/miguel/.m2/repository/com/fasterxml/jackson/core/jackson-databind/2.18.2/jackson-databind-2.18.2.jar:/home/miguel/.m2/repository/com/fasterxml/jackson/core/jackson-annotations/2.18.2/jackson-annotations-2.18.2.jar:/home/miguel/.m2/repository/com/fasterxml/jackson/core/jackson-core/2.18.2/jackson-core-2.18.2.jar:/home/miguel/.m2/repository/com/fasterxml/jackson/datatype/jackson-datatype-jdk8/2.18.2/jackson-datatype-jdk8-2.18.2.jar:/home/miguel/.m2/repository/com/fasterxml/jackson/datatype/jackson-datatype-jsr310/2.18.2/jackson-datatype-jsr310-2.18.2.jar:/home/miguel/.m2/repository/com/fasterxml/jackson/module/jackson-module-parameter-names/2.18.2/jackson-module-parameter-names-2.18.2.jar:/home/miguel/.m2/repository/org/springframework/boot/spring-boot-starter-tomcat/3.4.1/spring-boot-starter-tomcat-3.4.1.jar:/home/miguel/.m2/repository/org/apache/tomcat/embed/tomcat-embed-core/10.1.34/tomcat-embed-core-10.1.34.jar:/home/miguel/.m2/repository/org/apache/tomcat/embed/tomcat-embed-el/10.1.34/tomcat-embed-el-10.1.34.jar:/home/miguel/.m2/repository/org/apache/tomcat/embed/tomcat-embed-websocket/10.1.34/tomcat-embed-websocket-10.1.34.jar:/home/miguel/.m2/repository/org/springframework/spring-web/6.2.1/spring-web-6.2.1.jar:/home/miguel/.m2/repository/io/micrometer/micrometer-observation/1.14.2/micrometer-observation-1.14.2.jar:/home/miguel/.m2/repository/io/micrometer/micrometer-commons/1.14.2/micrometer-commons-1.14.2.jar:/home/miguel/.m2/repository/org/springframework/spring-webmvc/6.2.1/spring-webmvc-6.2.1.jar:/home/miguel/.m2/repository/org/springframework/spring-expression/6.2.1/spring-expression-6.2.1.jar:/home/miguel/.m2/repository/com/h2database/h2/2.3.232/h2-2.3.232.jar:/home/miguel/.m2/repository/org/springframework/boot/spring-boot-starter-test/3.4.1/spring-boot-starter-test-3.4.1.jar:/home/miguel/.m2/repository/org/springframework/boot/spring-boot-test/3.4.1/spring-boot-test-3.4.1.jar:/home/miguel/.m2/repository/org/springframework/boot/spring-boot-test-autoconfigure/3.4.1/spring-boot-test-autoconfigure-3.4.1.jar:/home/miguel/.m2/repository/com/jayway/jsonpath/json-path/2.9.0/json-path-2.9.0.jar:/home/miguel/.m2/repository/jakarta/xml/bind/jakarta.xml.bind-api/4.0.2/jakarta.xml.bind-api-4.0.2.jar:/home/miguel/.m2/repository/jakarta/activation/jakarta.activation-api/2.1.3/jakarta.activation-api-2.1.3.jar:/home/miguel/.m2/repository/net/minidev/json-smart/2.5.1/json-smart-2.5.1.jar:/home/miguel/.m2/repository/net/minidev/accessors-smart/2.5.1/accessors-smart-2.5.1.jar:/home/miguel/.m2/repository/org/ow2/asm/asm/9.6/asm-9.6.jar:/home/miguel/.m2/repository/org/assertj/assertj-core/3.26.3/assertj-core-3.26.3.jar:/home/miguel/.m2/repository/org/awaitility/awaitility/4.2.2/awaitility-4.2.2.jar:/home/miguel/.m2/repository/org/hamcrest/hamcrest/2.2/hamcrest-2.2.jar:/home/miguel/.m2/repository/org/junit/jupiter/junit-jupiter/5.11.4/junit-jupiter-5.11.4.jar:/home/miguel/.m2/repository/org/junit/jupiter/junit-jupiter-api/5.11.4/junit-jupiter-api-5.11.4.jar:/home/miguel/.m2/repository/org/opentest4j/opentest4j/1.3.0/opentest4j-1.3.0.jar:/home/miguel/.m2/repository/org/junit/platform/junit-platform-commons/1.11.4/junit-platform-commons-1.11.4.jar:/home/miguel/.m2/repository/org/apiguardian/apiguardian-api/1.1.2/apiguardian-api-1.1.2.jar:/home/miguel/.m2/repository/org/junit/jupiter/junit-jupiter-params/5.11.4/junit-jupiter-params-5.11.4.jar:/home/miguel/.m2/repository/org/junit/jupiter/junit-jupiter-engine/5.11.4/junit-jupiter-engine-5.11.4.jar:/home/miguel/.m2/repository/org/junit/platform/junit-platform-engine/1.11.4/junit-platform-engine-1.11.4.jar:/home/miguel/.m2/repository/org/mockito/mockito-core/5.14.2/mockito-core-5.14.2.jar:/home/miguel/.m2/repository/net/bytebuddy/byte-buddy-agent/1.15.11/byte-buddy-agent-1.15.11.jar:/home/miguel/.m2/repository/org/objenesis/objenesis/3.3/objenesis-3.3.jar:/home/miguel/.m2/repository/org/mockito/mockito-junit-jupiter/5.14.2/mockito-junit-jupiter-5.14.2.jar:/home/miguel/.m2/repository/org/skyscreamer/jsonassert/1.5.3/jsonassert-1.5.3.jar:/home/miguel/.m2/repository/com/vaadin/external/google/android-json/0.0.20131108.vaadin1/android-json-0.0.20131108.vaadin1.jar:/home/miguel/.m2/repository/org/springframework/spring-core/6.2.1/spring-core-6.2.1.jar:/home/miguel/.m2/repository/org/springframework/spring-jcl/6.2.1/spring-jcl-6.2.1.jar:/home/miguel/.m2/repository/org/springframework/spring-test/6.2.1/spring-test-6.2.1.jar:/home/miguel/.m2/repository/org/xmlunit/xmlunit-core/2.10.0/xmlunit-core-2.10.0.jar:/home/miguel/.m2/repository/org/springdoc/springdoc-openapi-starter-webmvc-ui/2.2.0/springdoc-openapi-starter-webmvc-ui-2.2.0.jar:/home/miguel/.m2/repository/org/springdoc/springdoc-openapi-starter-webmvc-api/2.2.0/springdoc-openapi-starter-webmvc-api-2.2.0.jar:/home/miguel/.m2/repository/org/springdoc/springdoc-openapi-starter-common/2.2.0/springdoc-openapi-starter-common-2.2.0.jar:/home/miguel/.m2/repository/io/swagger/core/v3/swagger-core-jakarta/2.2.15/swagger-core-jakarta-2.2.15.jar:/home/miguel/.m2/repository/org/apache/commons/commons-lang3/3.17.0/commons-lang3-3.17.0.jar:/home/miguel/.m2/repository/io/swagger/core/v3/swagger-annotations-jakarta/2.2.15/swagger-annotations-jakarta-2.2.15.jar:/home/miguel/.m2/repository/io/swagger/core/v3/swagger-models-jakarta/2.2.15/swagger-models-jakarta-2.2.15.jar:/home/miguel/.m2/repository/jakarta/validation/jakarta.validation-api/3.0.2/jakarta.validation-api-3.0.2.jar:/home/miguel/.m2/repository/com/fasterxml/jackson/dataformat/jackson-dataformat-yaml/2.18.2/jackson-dataformat-yaml-2.18.2.jar:/home/miguel/.m2/repository/org/webjars/swagger-ui/5.2.0/swagger-ui-5.2.0.jar:"/>
    <property name="java.vm.vendor" value="Ubuntu"/>
    <property name="sun.arch.data.model" value="64"/>
    <property name="java.vendor.url" value="https://ubuntu.com/"/>
    <property name="user.timezone" value="Europe/Paris"/>
    <property name="org.jboss.logging.provider" value="slf4j"/>
    <property name="os.name" value="Linux"/>
    <property name="java.vm.specification.version" value="21"/>
    <property name="APPLICATION_NAME" value="hotel_rest_tp3"/>
    <property name="sun.java.launcher" value="SUN_STANDARD"/>
    <property name="sun.boot.library.path" value="/usr/lib/jvm/java-21-openjdk-amd64/lib"/>
    <property name="sun.java.command" value="/mnt/c/Users/Miguel/git/hotel_rest_tp3/target/surefire/surefirebooter-20250116001014629_3.jar /mnt/c/Users/Miguel/git/hotel_rest_tp3/target/surefire 2025-01-16T00-10-14_458-jvmRun1 surefire-20250116001014629_1tmp surefire_0-20250116001014629_2tmp"/>
    <property name="jdk.debug" value="release"/>
    <property name="surefire.test.class.path" value="/mnt/c/Users/Miguel/git/hotel_rest_tp3/target/test-classes:/mnt/c/Users/Miguel/git/hotel_rest_tp3/target/classes:/home/miguel/.m2/repository/org/springframework/boot/spring-boot-starter-data-jpa/3.4.1/spring-boot-starter-data-jpa-3.4.1.jar:/home/miguel/.m2/repository/org/springframework/boot/spring-boot-starter/3.4.1/spring-boot-starter-3.4.1.jar:/home/miguel/.m2/repository/org/springframework/boot/spring-boot/3.4.1/spring-boot-3.4.1.jar:/home/miguel/.m2/repository/org/springframework/boot/spring-boot-autoconfigure/3.4.1/spring-boot-autoconfigure-3.4.1.jar:/home/miguel/.m2/repository/org/springframework/boot/spring-boot-starter-logging/3.4.1/spring-boot-starter-logging-3.4.1.jar:/home/miguel/.m2/repository/ch/qos/logback/logback-classic/1.5.12/logback-classic-1.5.12.jar:/home/miguel/.m2/repository/ch/qos/logback/logback-core/1.5.12/logback-core-1.5.12.jar:/home/miguel/.m2/repository/org/apache/logging/log4j/log4j-to-slf4j/2.24.3/log4j-to-slf4j-2.24.3.jar:/home/miguel/.m2/repository/org/apache/logging/log4j/log4j-api/2.24.3/log4j-api-2.24.3.jar:/home/miguel/.m2/repository/org/slf4j/jul-to-slf4j/2.0.16/jul-to-slf4j-2.0.16.jar:/home/miguel/.m2/repository/jakarta/annotation/jakarta.annotation-api/2.1.1/jakarta.annotation-api-2.1.1.jar:/home/miguel/.m2/repository/org/yaml/snakeyaml/2.3/snakeyaml-2.3.jar:/home/miguel/.m2/repository/org/springframework/boot/spring-boot-starter-jdbc/3.4.1/spring-boot-starter-jdbc-3.4.1.jar:/home/miguel/.m2/repository/com/zaxxer/HikariCP/5.1.0/HikariCP-5.1.0.jar:/home/miguel/.m2/repository/org/springframework/spring-jdbc/6.2.1/spring-jdbc-6.2.1.jar:/home/miguel/.m2/repository/org/hibernate/orm/hibernate-core/6.6.4.Final/hibernate-core-6.6.4.Final.jar:/home/miguel/.m2/repository/jakarta/persistence/jakarta.persistence-api/3.1.0/jakarta.persistence-api-3.1.0.jar:/home/miguel/.m2/repository/jakarta/transaction/jakarta.transaction-api/2.0.1/jakarta.transaction-api-2.0.1.jar:/home/miguel/.m2/repository/org/jboss/logging/jboss-logging/3.6.1.Final/jboss-logging-3.6.1.Final.jar:/home/miguel/.m2/repository/org/hibernate/common/hibernate-commons-annotations/7.0.3.Final/hibernate-commons-annotations-7.0.3.Final.jar:/home/miguel/.m2/repository/io/smallrye/jandex/3.2.0/jandex-3.2.0.jar:/home/miguel/.m2/repository/com/fasterxml/classmate/1.7.0/classmate-1.7.0.jar:/home/miguel/.m2/repository/net/bytebuddy/byte-buddy/1.15.11/byte-buddy-1.15.11.jar:/home/miguel/.m2/repository/org/glassfish/jaxb/jaxb-runtime/4.0.5/jaxb-runtime-4.0.5.jar:/home/miguel/.m2/repository/org/glassfish/jaxb/jaxb-core/4.0.5/jaxb-core-4.0.5.jar:/home/miguel/.m2/repository/org/eclipse/angus/angus-activation/2.0.2/angus-activation-2.0.2.jar:/home/miguel/.m2/repository/org/glassfish/jaxb/txw2/4.0.5/txw2-4.0.5.jar:/home/miguel/.m2/repository/com/sun/istack/istack-commons-runtime/4.1.2/istack-commons-runtime-4.1.2.jar:/home/miguel/.m2/repository/jakarta/inject/jakarta.inject-api/2.0.1/jakarta.inject-api-2.0.1.jar:/home/miguel/.m2/repository/org/antlr/antlr4-runtime/4.13.0/antlr4-runtime-4.13.0.jar:/home/miguel/.m2/repository/org/springframework/data/spring-data-jpa/3.4.1/spring-data-jpa-3.4.1.jar:/home/miguel/.m2/repository/org/springframework/data/spring-data-commons/3.4.1/spring-data-commons-3.4.1.jar:/home/miguel/.m2/repository/org/springframework/spring-orm/6.2.1/spring-orm-6.2.1.jar:/home/miguel/.m2/repository/org/springframework/spring-context/6.2.1/spring-context-6.2.1.jar:/home/miguel/.m2/repository/org/springframework/spring-aop/6.2.1/spring-aop-6.2.1.jar:/home/miguel/.m2/repository/org/springframework/spring-tx/6.2.1/spring-tx-6.2.1.jar:/home/miguel/.m2/repository/org/springframework/spring-beans/6.2.1/spring-beans-6.2.1.jar:/home/miguel/.m2/repository/org/slf4j/slf4j-api/2.0.16/slf4j-api-2.0.16.jar:/home/miguel/.m2/repository/org/springframework/spring-aspects/6.2.1/spring-aspects-6.2.1.jar:/home/miguel/.m2/repository/org/aspectj/aspectjweaver/1.9.22.1/aspectjweaver-1.9.22.1.jar:/home/miguel/.m2/repository/org/springframework/boot/spring-boot-starter-web/3.4.1/spring-boot-starter-web-3.4.1.jar:/home/miguel/.m2/repository/org/springframework/boot/spring-boot-starter-json/3.4.1/spring-boot-starter-json-3.4.1.jar:/home/miguel/.m2/repository/com/fasterxml/jackson/core/jackson-databind/2.18.2/jackson-databind-2.18.2.jar:/home/miguel/.m2/repository/com/fasterxml/jackson/core/jackson-annotations/2.18.2/jackson-annotations-2.18.2.jar:/home/miguel/.m2/repository/com/fasterxml/jackson/core/jackson-core/2.18.2/jackson-core-2.18.2.jar:/home/miguel/.m2/repository/com/fasterxml/jackson/datatype/jackson-datatype-jdk8/2.18.2/jackson-datatype-jdk8-2.18.2.jar:/home/miguel/.m2/repository/com/fasterxml/jackson/datatype/jackson-datatype-jsr310/2.18.2/jackson-datatype-jsr310-2.18.2.jar:/home/miguel/.m2/repository/com/fasterxml/jackson/module/jackson-module-parameter-names/2.18.2/jackson-module-parameter-names-2.18.2.jar:/home/miguel/.m2/repository/org/springframework/boot/spring-boot-starter-tomcat/3.4.1/spring-boot-starter-tomcat-3.4.1.jar:/home/miguel/.m2/repository/org/apache/tomcat/embed/tomcat-embed-core/10.1.34/tomcat-embed-core-10.1.34.jar:/home/miguel/.m2/repository/org/apache/tomcat/embed/tomcat-embed-el/10.1.34/tomcat-embed-el-10.1.34.jar:/home/miguel/.m2/repository/org/apache/tomcat/embed/tomcat-embed-websocket/10.1.34/tomcat-embed-websocket-10.1.34.jar:/home/miguel/.m2/repository/org/springframework/spring-web/6.2.1/spring-web-6.2.1.jar:/home/miguel/.m2/repository/io/micrometer/micrometer-observation/1.14.2/micrometer-observation-1.14.2.jar:/home/miguel/.m2/repository/io/micrometer/micrometer-commons/1.14.2/micrometer-commons-1.14.2.jar:/home/miguel/.m2/repository/org/springframework/spring-webmvc/6.2.1/spring-webmvc-6.2.1.jar:/home/miguel/.m2/repository/org/springframework/spring-expression/6.2.1/spring-expression-6.2.1.jar:/home/miguel/.m2/repository/com/h2database/h2/2.3.232/h2-2.3.232.jar:/home/miguel/.m2/repository/org/springframework/boot/spring-boot-starter-test/3.4.1/spring-boot-starter-test-3.4.1.jar:/home/miguel/.m2/repository/org/springframework/boot/spring-boot-test/3.4.1/spring-boot-test-3.4.1.jar:/home/miguel/.m2/repository/org/springframework/boot/spring-boot-test-autoconfigure/3.4.1/spring-boot-test-autoconfigure-3.4.1.jar:/home/miguel/.m2/repository/com/jayway/jsonpath/json-path/2.9.0/json-path-2.9.0.jar:/home/miguel/.m2/repository/jakarta/xml/bind/jakarta.xml.bind-api/4.0.2/jakarta.xml.bind-api-4.0.2.jar:/home/miguel/.m2/repository/jakarta/activation/jakarta.activation-api/2.1.3/jakarta.activation-api-2.1.3.jar:/home/miguel/.m2/repository/net/minidev/json-smart/2.5.1/json-smart-2.5.1.jar:/home/miguel/.m2/repository/net/minidev/accessors-smart/2.5.1/accessors-smart-2.5.1.jar:/home/miguel/.m2/repository/org/ow2/asm/asm/9.6/asm-9.6.jar:/home/miguel/.m2/repository/org/assertj/assertj-core/3.26.3/assertj-core-3.26.3.jar:/home/miguel/.m2/repository/org/awaitility/awaitility/4.2.2/awaitility-4.2.2.jar:/home/miguel/.m2/repository/org/hamcrest/hamcrest/2.2/hamcrest-2.2.jar:/home/miguel/.m2/repository/org/junit/jupiter/junit-jupiter/5.11.4/junit-jupiter-5.11.4.jar:/home/miguel/.m2/repository/org/junit/jupiter/junit-jupiter-api/5.11.4/junit-jupiter-api-5.11.4.jar:/home/miguel/.m2/repository/org/opentest4j/opentest4j/1.3.0/opentest4j-1.3.0.jar:/home/miguel/.m2/repository/org/junit/platform/junit-platform-commons/1.11.4/junit-platform-commons-1.11.4.jar:/home/miguel/.m2/repository/org/apiguardian/apiguardian-api/1.1.2/apiguardian-api-1.1.2.jar:/home/miguel/.m2/repository/org/junit/jupiter/junit-jupiter-params/5.11.4/junit-jupiter-params-5.11.4.jar:/home/miguel/.m2/repository/org/junit/jupiter/junit-jupiter-engine/5.11.4/junit-jupiter-engine-5.11.4.jar:/home/miguel/.m2/repository/org/junit/platform/junit-platform-engine/1.11.4/junit-platform-engine-1.11.4.jar:/home/miguel/.m2/repository/org/mockito/mockito-core/5.14.2/mockito-core-5.14.2.jar:/home/miguel/.m2/repository/net/bytebuddy/byte-buddy-agent/1.15.11/byte-buddy-agent-1.15.11.jar:/home/miguel/.m2/repository/org/objenesis/objenesis/3.3/objenesis-3.3.jar:/home/miguel/.m2/repository/org/mockito/mockito-junit-jupiter/5.14.2/mockito-junit-jupiter-5.14.2.jar:/home/miguel/.m2/repository/org/skyscreamer/jsonassert/1.5.3/jsonassert-1.5.3.jar:/home/miguel/.m2/repository/com/vaadin/external/google/android-json/0.0.20131108.vaadin1/android-json-0.0.20131108.vaadin1.jar:/home/miguel/.m2/repository/org/springframework/spring-core/6.2.1/spring-core-6.2.1.jar:/home/miguel/.m2/repository/org/springframework/spring-jcl/6.2.1/spring-jcl-6.2.1.jar:/home/miguel/.m2/repository/org/springframework/spring-test/6.2.1/spring-test-6.2.1.jar:/home/miguel/.m2/repository/org/xmlunit/xmlunit-core/2.10.0/xmlunit-core-2.10.0.jar:/home/miguel/.m2/repository/org/springdoc/springdoc-openapi-starter-webmvc-ui/2.2.0/springdoc-openapi-starter-webmvc-ui-2.2.0.jar:/home/miguel/.m2/repository/org/springdoc/springdoc-openapi-starter-webmvc-api/2.2.0/springdoc-openapi-starter-webmvc-api-2.2.0.jar:/home/miguel/.m2/repository/org/springdoc/springdoc-openapi-starter-common/2.2.0/springdoc-openapi-starter-common-2.2.0.jar:/home/miguel/.m2/repository/io/swagger/core/v3/swagger-core-jakarta/2.2.15/swagger-core-jakarta-2.2.15.jar:/home/miguel/.m2/repository/org/apache/commons/commons-lang3/3.17.0/commons-lang3-3.17.0.jar:/home/miguel/.m2/repository/io/swagger/core/v3/swagger-annotations-jakarta/2.2.15/swagger-annotations-jakarta-2.2.15.jar:/home/miguel/.m2/repository/io/swagger/core/v3/swagger-models-jakarta/2.2.15/swagger-models-jakarta-2.2.15.jar:/home/miguel/.m2/repository/jakarta/validation/jakarta.validation-api/3.0.2/jakarta.validation-api-3.0.2.jar:/home/miguel/.m2/repository/com/fasterxml/jackson/dataformat/jackson-dataformat-yaml/2.18.2/jackson-dataformat-yaml-2.18.2.jar:/home/miguel/.m2/repository/org/webjars/swagger-ui/5.2.0/swagger-ui-5.2.0.jar:"/>
    <property name="sun.cpu.endian" value="little"/>
    <property name="user.home" value="/home/miguel"/>
    <property name="user.language" value="en"/>
    <property name="java.specification.vendor" value="Oracle Corporation"/>
    <property name="java.version.date" value="2024-10-15"/>
    <property name="java.home" value="/usr/lib/jvm/java-21-openjdk-amd64"/>
    <property name="file.separator" value="/"/>
    <property name="basedir" value="/mnt/c/Users/Miguel/git/hotel_rest_tp3"/>
    <property name="java.vm.compressedOopsMode" value="32-bit"/>
    <property name="line.separator" value="&#10;"/>
    <property name="java.specification.name" value="Java Platform API Specification"/>
    <property name="java.vm.specification.vendor" value="Oracle Corporation"/>
    <property name="FILE_LOG_CHARSET" value="UTF-8"/>
    <property name="java.awt.headless" value="true"/>
    <property name="surefire.real.class.path" value="/mnt/c/Users/Miguel/git/hotel_rest_tp3/target/surefire/surefirebooter-20250116001014629_3.jar"/>
    <property name="sun.management.compiler" value="HotSpot 64-Bit Tiered Compilers"/>
    <property name="java.runtime.version" value="21.0.5+11-Ubuntu-1ubuntu122.04"/>
    <property name="user.name" value="miguel"/>
    <property name="stdout.encoding" value="UTF-8"/>
    <property name="path.separator" value=":"/>
    <property name="os.version" value="5.15.167.4-microsoft-standard-WSL2"/>
    <property name="java.runtime.name" value="OpenJDK Runtime Environment"/>
    <property name="file.encoding" value="UTF-8"/>
    <property name="java.vm.name" value="OpenJDK 64-Bit Server VM"/>
    <property name="localRepository" value="/home/miguel/.m2/repository"/>
    <property name="java.vendor.url.bug" value="https://bugs.launchpad.net/ubuntu/+source/openjdk-21"/>
    <property name="java.io.tmpdir" value="/tmp"/>
    <property name="com.zaxxer.hikari.pool_number" value="1"/>
    <property name="java.version" value="21.0.5"/>
    <property name="user.dir" value="/mnt/c/Users/Miguel/git/hotel_rest_tp3"/>
    <property name="os.arch" value="amd64"/>
    <property name="java.vm.specification.name" value="Java Virtual Machine Specification"/>
    <property name="PID" value="36632"/>
    <property name="CONSOLE_LOG_CHARSET" value="UTF-8"/>
    <property name="native.encoding" value="UTF-8"/>
    <property name="java.library.path" value="/usr/java/packages/lib:/usr/lib/x86_64-linux-gnu/jni:/lib/x86_64-linux-gnu:/usr/lib/x86_64-linux-gnu:/usr/lib/jni:/lib:/usr/lib"/>
    <property name="stderr.encoding" value="UTF-8"/>
    <property name="java.vm.info" value="mixed mode, sharing"/>
    <property name="java.vendor" value="Ubuntu"/>
    <property name="java.vm.version" value="21.0.5+11-Ubuntu-1ubuntu122.04"/>
    <property name="sun.io.unicode.encoding" value="UnicodeLittle"/>
    <property name="java.class.version" value="65.0"/>
    <property name="LOGGED_APPLICATION_NAME" value="[hotel_rest_tp3] "/>
  </properties>
  <testcase name="contextLoads" classname="hotel.rest.main.HotelRestTp3ApplicationTests" time="1.152">
    <system-out><![CDATA[00:10:16.702 [main] INFO org.springframework.test.context.support.AnnotationConfigContextLoaderUtils -- Could not detect default configuration classes for test class [hotel.rest.main.HotelRestTp3ApplicationTests]: HotelRestTp3ApplicationTests does not declare any static, non-private, non-final, nested classes annotated with @Configuration.
00:10:17.255 [main] INFO org.springframework.boot.test.context.SpringBootTestContextBootstrapper -- Found @SpringBootConfiguration hotel.rest.main.HotelRestTp3Application for test class hotel.rest.main.HotelRestTp3ApplicationTests

  .   ____          _            __ _ _
 /\\ / ___'_ __ _ _(_)_ __  __ _ \ \ \ \
( ( )\___ | '_ | '_| | '_ \/ _` | \ \ \ \
 \\/  ___)| |_)| | | | | || (_| |  ) ) ) )
  '  |____| .__|_| |_|_| |_\__, | / / / /
 =========|_|==============|___/=/_/_/_/

 :: Spring Boot ::                (v3.4.1)

2025-01-16T00:10:19.371+01:00  INFO 36632 --- [hotel_rest_tp3] [           main] h.r.main.HotelRestTp3ApplicationTests    : Starting HotelRestTp3ApplicationTests using Java 21.0.5 with PID 36632 (started by miguel in /mnt/c/Users/Miguel/git/hotel_rest_tp3)
2025-01-16T00:10:19.376+01:00  INFO 36632 --- [hotel_rest_tp3] [           main] h.r.main.HotelRestTp3ApplicationTests    : No active profile set, falling back to 1 default profile: "default"
2025-01-16T00:10:21.817+01:00  INFO 36632 --- [hotel_rest_tp3] [           main] .s.d.r.c.RepositoryConfigurationDelegate : Bootstrapping Spring Data JPA repositories in DEFAULT mode.
2025-01-16T00:10:22.183+01:00  INFO 36632 --- [hotel_rest_tp3] [           main] .s.d.r.c.RepositoryConfigurationDelegate : Finished Spring Data repository scanning in 322 ms. Found 5 JPA repository interfaces.
2025-01-16T00:10:24.886+01:00  INFO 36632 --- [hotel_rest_tp3] [           main] com.zaxxer.hikari.HikariDataSource       : HikariPool-1 - Starting...
2025-01-16T00:10:25.915+01:00  INFO 36632 --- [hotel_rest_tp3] [           main] com.zaxxer.hikari.pool.HikariPool        : HikariPool-1 - Added connection conn0: url=jdbc:h2:mem:hotel user=SA
2025-01-16T00:10:25.927+01:00  INFO 36632 --- [hotel_rest_tp3] [           main] com.zaxxer.hikari.HikariDataSource       : HikariPool-1 - Start completed.
2025-01-16T00:10:26.317+01:00 DEBUG 36632 --- [hotel_rest_tp3] [           main] j.LocalContainerEntityManagerFactoryBean : Building JPA container EntityManagerFactory for persistence unit 'default'
2025-01-16T00:10:26.426+01:00 DEBUG 36632 --- [hotel_rest_tp3] [           main] o.hibernate.jpa.internal.util.LogHelper  : PersistenceUnitInfo [
	name: default
	persistence provider classname: null
	classloader: jdk.internal.loader.ClassLoaders$AppClassLoader@639fee48
	excludeUnlistedClasses: true
	JTA datasource: null
	Non JTA datasource: HikariDataSource (HikariPool-1)
	Transaction type: RESOURCE_LOCAL
	PU root URL: file:/mnt/c/Users/Miguel/git/hotel_rest_tp3/target/test-classes/
	Shared Cache Mode: UNSPECIFIED
	Validation Mode: AUTO
	Jar files URLs []
	Managed classes names [
		hotel.rest.models.Adresse
		hotel.rest.models.Chambre
		hotel.rest.models.Hotel
		hotel.rest.models.Personne
		hotel.rest.models.Reservation]
	Mapping files names []
	Properties []
2025-01-16T00:10:26.504+01:00 DEBUG 36632 --- [hotel_rest_tp3] [           main] o.h.i.internal.IntegratorServiceImpl     : Adding Integrator [org.hibernate.boot.beanvalidation.BeanValidationIntegrator].
2025-01-16T00:10:26.519+01:00 DEBUG 36632 --- [hotel_rest_tp3] [           main] o.h.i.internal.IntegratorServiceImpl     : Adding Integrator [org.hibernate.cache.internal.CollectionCacheInvalidator].
2025-01-16T00:10:26.894+01:00  INFO 36632 --- [hotel_rest_tp3] [           main] org.hibernate.Version                    : HHH000412: Hibernate ORM core version 6.6.4.Final
2025-01-16T00:10:26.904+01:00 DEBUG 36632 --- [hotel_rest_tp3] [           main] org.hibernate.cfg.Environment            : HHH000206: 'hibernate.properties' not found
2025-01-16T00:10:27.043+01:00 DEBUG 36632 --- [hotel_rest_tp3] [           main] org.hibernate.orm.idgen.factory          : Registering IdentifierGenerator strategy [uuid2] -> [org.hibernate.id.UUIDGenerator]
2025-01-16T00:10:27.045+01:00 DEBUG 36632 --- [hotel_rest_tp3] [           main] org.hibernate.orm.idgen.factory          : Registering IdentifierGenerator strategy [guid] -> [org.hibernate.id.GUIDGenerator]
2025-01-16T00:10:27.049+01:00 DEBUG 36632 --- [hotel_rest_tp3] [           main] org.hibernate.orm.idgen.factory          : Registering IdentifierGenerator strategy [uuid] -> [org.hibernate.id.UUIDHexGenerator]
2025-01-16T00:10:27.049+01:00 DEBUG 36632 --- [hotel_rest_tp3] [           main] org.hibernate.orm.idgen.factory          : Registering IdentifierGenerator strategy [uuid.hex] -> [org.hibernate.id.UUIDHexGenerator]
2025-01-16T00:10:27.051+01:00 DEBUG 36632 --- [hotel_rest_tp3] [           main] org.hibernate.orm.idgen.factory          : Registering IdentifierGenerator strategy [assigned] -> [org.hibernate.id.Assigned]
2025-01-16T00:10:27.058+01:00 DEBUG 36632 --- [hotel_rest_tp3] [           main] org.hibernate.orm.idgen.factory          : Registering IdentifierGenerator strategy [identity] -> [org.hibernate.id.IdentityGenerator]
2025-01-16T00:10:27.061+01:00 DEBUG 36632 --- [hotel_rest_tp3] [           main] org.hibernate.orm.idgen.factory          : Registering IdentifierGenerator strategy [select] -> [org.hibernate.id.SelectGenerator]
2025-01-16T00:10:27.067+01:00 DEBUG 36632 --- [hotel_rest_tp3] [           main] org.hibernate.orm.idgen.factory          : Registering IdentifierGenerator strategy [sequence] -> [org.hibernate.id.enhanced.SequenceStyleGenerator]
2025-01-16T00:10:27.070+01:00 DEBUG 36632 --- [hotel_rest_tp3] [           main] org.hibernate.orm.idgen.factory          : Registering IdentifierGenerator strategy [increment] -> [org.hibernate.id.IncrementGenerator]
2025-01-16T00:10:27.073+01:00 DEBUG 36632 --- [hotel_rest_tp3] [           main] org.hibernate.orm.idgen.factory          : Registering IdentifierGenerator strategy [foreign] -> [org.hibernate.id.ForeignGenerator]
2025-01-16T00:10:27.073+01:00 DEBUG 36632 --- [hotel_rest_tp3] [           main] org.hibernate.orm.idgen.factory          : Registering IdentifierGenerator strategy [enhanced-sequence] -> [org.hibernate.id.enhanced.SequenceStyleGenerator]
2025-01-16T00:10:27.076+01:00 DEBUG 36632 --- [hotel_rest_tp3] [           main] org.hibernate.orm.idgen.factory          : Registering IdentifierGenerator strategy [enhanced-table] -> [org.hibernate.id.enhanced.TableGenerator]
2025-01-16T00:10:27.119+01:00 DEBUG 36632 --- [hotel_rest_tp3] [           main] o.h.c.internal.RegionFactoryInitiator    : Cannot default RegionFactory based on registered strategies as `[]` RegionFactory strategies were registered
2025-01-16T00:10:27.125+01:00  INFO 36632 --- [hotel_rest_tp3] [           main] o.h.c.internal.RegionFactoryInitiator    : HHH000026: Second-level cache disabled
2025-01-16T00:10:27.660+01:00 DEBUG 36632 --- [hotel_rest_tp3] [           main] org.hibernate.type.BasicTypeRegistry     : Adding type registration boolean -> org.hibernate.type.BasicTypeReference@2e3f324e
2025-01-16T00:10:27.660+01:00 DEBUG 36632 --- [hotel_rest_tp3] [           main] org.hibernate.type.BasicTypeRegistry     : Adding type registration boolean -> org.hibernate.type.BasicTypeReference@2e3f324e
2025-01-16T00:10:27.660+01:00 DEBUG 36632 --- [hotel_rest_tp3] [           main] org.hibernate.type.BasicTypeRegistry     : Adding type registration java.lang.Boolean -> org.hibernate.type.BasicTypeReference@2e3f324e
2025-01-16T00:10:27.660+01:00 DEBUG 36632 --- [hotel_rest_tp3] [           main] org.hibernate.type.BasicTypeRegistry     : Adding type registration numeric_boolean -> org.hibernate.type.BasicTypeReference@46cf8c07
2025-01-16T00:10:27.660+01:00 DEBUG 36632 --- [hotel_rest_tp3] [           main] org.hibernate.type.BasicTypeRegistry     : Adding type registration org.hibernate.type.NumericBooleanConverter -> org.hibernate.type.BasicTypeReference@46cf8c07
2025-01-16T00:10:27.661+01:00 DEBUG 36632 --- [hotel_rest_tp3] [           main] org.hibernate.type.BasicTypeRegistry     : Adding type registration true_false -> org.hibernate.type.BasicTypeReference@b56ec6c
2025-01-16T00:10:27.661+01:00 DEBUG 36632 --- [hotel_rest_tp3] [           main] org.hibernate.type.BasicTypeRegistry     : Adding type registration org.hibernate.type.TrueFalseConverter -> org.hibernate.type.BasicTypeReference@b56ec6c
2025-01-16T00:10:27.661+01:00 DEBUG 36632 --- [hotel_rest_tp3] [           main] org.hibernate.type.BasicTypeRegistry     : Adding type registration yes_no -> org.hibernate.type.BasicTypeReference@5abf6a99
2025-01-16T00:10:27.661+01:00 DEBUG 36632 --- [hotel_rest_tp3] [           main] org.hibernate.type.BasicTypeRegistry     : Adding type registration org.hibernate.type.YesNoConverter -> org.hibernate.type.BasicTypeReference@5abf6a99
2025-01-16T00:10:27.661+01:00 DEBUG 36632 --- [hotel_rest_tp3] [           main] org.hibernate.type.BasicTypeRegistry     : Adding type registration byte -> org.hibernate.type.BasicTypeReference@dc59ec2
2025-01-16T00:10:27.662+01:00 DEBUG 36632 --- [hotel_rest_tp3] [           main] org.hibernate.type.BasicTypeRegistry     : Adding type registration byte -> org.hibernate.type.BasicTypeReference@dc59ec2
2025-01-16T00:10:27.662+01:00 DEBUG 36632 --- [hotel_rest_tp3] [           main] org.hibernate.type.BasicTypeRegistry     : Adding type registration java.lang.Byte -> org.hibernate.type.BasicTypeReference@dc59ec2
2025-01-16T00:10:27.662+01:00 DEBUG 36632 --- [hotel_rest_tp3] [           main] org.hibernate.type.BasicTypeRegistry     : Adding type registration binary -> org.hibernate.type.BasicTypeReference@375084c9
2025-01-16T00:10:27.663+01:00 DEBUG 36632 --- [hotel_rest_tp3] [           main] org.hibernate.type.BasicTypeRegistry     : Adding type registration byte[] -> org.hibernate.type.BasicTypeReference@375084c9
2025-01-16T00:10:27.663+01:00 DEBUG 36632 --- [hotel_rest_tp3] [           main] org.hibernate.type.BasicTypeRegistry     : Adding type registration [B -> org.hibernate.type.BasicTypeReference@375084c9
2025-01-16T00:10:27.664+01:00 DEBUG 36632 --- [hotel_rest_tp3] [           main] org.hibernate.type.BasicTypeRegistry     : Adding type registration binary_wrapper -> org.hibernate.type.BasicTypeReference@bd93bc3
2025-01-16T00:10:27.664+01:00 DEBUG 36632 --- [hotel_rest_tp3] [           main] org.hibernate.type.BasicTypeRegistry     : Adding type registration wrapper-binary -> org.hibernate.type.BasicTypeReference@bd93bc3
2025-01-16T00:10:27.664+01:00 DEBUG 36632 --- [hotel_rest_tp3] [           main] org.hibernate.type.BasicTypeRegistry     : Adding type registration image -> org.hibernate.type.BasicTypeReference@2a136383
2025-01-16T00:10:27.664+01:00 DEBUG 36632 --- [hotel_rest_tp3] [           main] org.hibernate.type.BasicTypeRegistry     : Adding type registration blob -> org.hibernate.type.BasicTypeReference@b01cb8d
2025-01-16T00:10:27.664+01:00 DEBUG 36632 --- [hotel_rest_tp3] [           main] org.hibernate.type.BasicTypeRegistry     : Adding type registration java.sql.Blob -> org.hibernate.type.BasicTypeReference@b01cb8d
2025-01-16T00:10:27.665+01:00 DEBUG 36632 --- [hotel_rest_tp3] [           main] org.hibernate.type.BasicTypeRegistry     : Adding type registration materialized_blob -> org.hibernate.type.BasicTypeReference@38c460e8
2025-01-16T00:10:27.665+01:00 DEBUG 36632 --- [hotel_rest_tp3] [           main] org.hibernate.type.BasicTypeRegistry     : Adding type registration materialized_blob_wrapper -> org.hibernate.type.BasicTypeReference@7a814310
2025-01-16T00:10:27.665+01:00 DEBUG 36632 --- [hotel_rest_tp3] [           main] org.hibernate.type.BasicTypeRegistry     : Adding type registration short -> org.hibernate.type.BasicTypeReference@4bbf38b8
2025-01-16T00:10:27.666+01:00 DEBUG 36632 --- [hotel_rest_tp3] [           main] org.hibernate.type.BasicTypeRegistry     : Adding type registration short -> org.hibernate.type.BasicTypeReference@4bbf38b8
2025-01-16T00:10:27.666+01:00 DEBUG 36632 --- [hotel_rest_tp3] [           main] org.hibernate.type.BasicTypeRegistry     : Adding type registration java.lang.Short -> org.hibernate.type.BasicTypeReference@4bbf38b8
2025-01-16T00:10:27.666+01:00 DEBUG 36632 --- [hotel_rest_tp3] [           main] org.hibernate.type.BasicTypeRegistry     : Adding type registration integer -> org.hibernate.type.BasicTypeReference@4e67cfe1
2025-01-16T00:10:27.667+01:00 DEBUG 36632 --- [hotel_rest_tp3] [           main] org.hibernate.type.BasicTypeRegistry     : Adding type registration int -> org.hibernate.type.BasicTypeReference@4e67cfe1
2025-01-16T00:10:27.667+01:00 DEBUG 36632 --- [hotel_rest_tp3] [           main] org.hibernate.type.BasicTypeRegistry     : Adding type registration java.lang.Integer -> org.hibernate.type.BasicTypeReference@4e67cfe1
2025-01-16T00:10:27.668+01:00 DEBUG 36632 --- [hotel_rest_tp3] [           main] org.hibernate.type.BasicTypeRegistry     : Adding type registration long -> org.hibernate.type.BasicTypeReference@55bf35e5
2025-01-16T00:10:27.668+01:00 DEBUG 36632 --- [hotel_rest_tp3] [           main] org.hibernate.type.BasicTypeRegistry     : Adding type registration long -> org.hibernate.type.BasicTypeReference@55bf35e5
2025-01-16T00:10:27.668+01:00 DEBUG 36632 --- [hotel_rest_tp3] [           main] org.hibernate.type.BasicTypeRegistry     : Adding type registration java.lang.Long -> org.hibernate.type.BasicTypeReference@55bf35e5
2025-01-16T00:10:27.669+01:00 DEBUG 36632 --- [hotel_rest_tp3] [           main] org.hibernate.type.BasicTypeRegistry     : Adding type registration float -> org.hibernate.type.BasicTypeReference@25567581
2025-01-16T00:10:27.669+01:00 DEBUG 36632 --- [hotel_rest_tp3] [           main] org.hibernate.type.BasicTypeRegistry     : Adding type registration float -> org.hibernate.type.BasicTypeReference@25567581
2025-01-16T00:10:27.669+01:00 DEBUG 36632 --- [hotel_rest_tp3] [           main] org.hibernate.type.BasicTypeRegistry     : Adding type registration java.lang.Float -> org.hibernate.type.BasicTypeReference@25567581
2025-01-16T00:10:27.670+01:00 DEBUG 36632 --- [hotel_rest_tp3] [           main] org.hibernate.type.BasicTypeRegistry     : Adding type registration double -> org.hibernate.type.BasicTypeReference@179ee36b
2025-01-16T00:10:27.670+01:00 DEBUG 36632 --- [hotel_rest_tp3] [           main] org.hibernate.type.BasicTypeRegistry     : Adding type registration double -> org.hibernate.type.BasicTypeReference@179ee36b
2025-01-16T00:10:27.670+01:00 DEBUG 36632 --- [hotel_rest_tp3] [           main] org.hibernate.type.BasicTypeRegistry     : Adding type registration java.lang.Double -> org.hibernate.type.BasicTypeReference@179ee36b
2025-01-16T00:10:27.671+01:00 DEBUG 36632 --- [hotel_rest_tp3] [           main] org.hibernate.type.BasicTypeRegistry     : Adding type registration big_integer -> org.hibernate.type.BasicTypeReference@67763ebe
2025-01-16T00:10:27.671+01:00 DEBUG 36632 --- [hotel_rest_tp3] [           main] org.hibernate.type.BasicTypeRegistry     : Adding type registration java.math.BigInteger -> org.hibernate.type.BasicTypeReference@67763ebe
2025-01-16T00:10:27.671+01:00 DEBUG 36632 --- [hotel_rest_tp3] [           main] org.hibernate.type.BasicTypeRegistry     : Adding type registration big_decimal -> org.hibernate.type.BasicTypeReference@4b4a2fa8
2025-01-16T00:10:27.671+01:00 DEBUG 36632 --- [hotel_rest_tp3] [           main] org.hibernate.type.BasicTypeRegistry     : Adding type registration java.math.BigDecimal -> org.hibernate.type.BasicTypeReference@4b4a2fa8
2025-01-16T00:10:27.672+01:00 DEBUG 36632 --- [hotel_rest_tp3] [           main] org.hibernate.type.BasicTypeRegistry     : Adding type registration character -> org.hibernate.type.BasicTypeReference@5da6b13d
2025-01-16T00:10:27.672+01:00 DEBUG 36632 --- [hotel_rest_tp3] [           main] org.hibernate.type.BasicTypeRegistry     : Adding type registration char -> org.hibernate.type.BasicTypeReference@5da6b13d
2025-01-16T00:10:27.672+01:00 DEBUG 36632 --- [hotel_rest_tp3] [           main] org.hibernate.type.BasicTypeRegistry     : Adding type registration java.lang.Character -> org.hibernate.type.BasicTypeReference@5da6b13d
2025-01-16T00:10:27.672+01:00 DEBUG 36632 --- [hotel_rest_tp3] [           main] org.hibernate.type.BasicTypeRegistry     : Adding type registration character_nchar -> org.hibernate.type.BasicTypeReference@3dc39459
2025-01-16T00:10:27.672+01:00 DEBUG 36632 --- [hotel_rest_tp3] [           main] org.hibernate.type.BasicTypeRegistry     : Adding type registration string -> org.hibernate.type.BasicTypeReference@6b16de91
2025-01-16T00:10:27.672+01:00 DEBUG 36632 --- [hotel_rest_tp3] [           main] org.hibernate.type.BasicTypeRegistry     : Adding type registration java.lang.String -> org.hibernate.type.BasicTypeReference@6b16de91
2025-01-16T00:10:27.673+01:00 DEBUG 36632 --- [hotel_rest_tp3] [           main] org.hibernate.type.BasicTypeRegistry     : Adding type registration nstring -> org.hibernate.type.BasicTypeReference@71bb8b34
2025-01-16T00:10:27.673+01:00 DEBUG 36632 --- [hotel_rest_tp3] [           main] org.hibernate.type.BasicTypeRegistry     : Adding type registration characters -> org.hibernate.type.BasicTypeReference@197ce367
2025-01-16T00:10:27.673+01:00 DEBUG 36632 --- [hotel_rest_tp3] [           main] org.hibernate.type.BasicTypeRegistry     : Adding type registration char[] -> org.hibernate.type.BasicTypeReference@197ce367
2025-01-16T00:10:27.673+01:00 DEBUG 36632 --- [hotel_rest_tp3] [           main] org.hibernate.type.BasicTypeRegistry     : Adding type registration [C -> org.hibernate.type.BasicTypeReference@197ce367
2025-01-16T00:10:27.673+01:00 DEBUG 36632 --- [hotel_rest_tp3] [           main] org.hibernate.type.BasicTypeRegistry     : Adding type registration wrapper-characters -> org.hibernate.type.BasicTypeReference@383cdd4d
2025-01-16T00:10:27.673+01:00 DEBUG 36632 --- [hotel_rest_tp3] [           main] org.hibernate.type.BasicTypeRegistry     : Adding type registration text -> org.hibernate.type.BasicTypeReference@65036e8d
2025-01-16T00:10:27.673+01:00 DEBUG 36632 --- [hotel_rest_tp3] [           main] org.hibernate.type.BasicTypeRegistry     : Adding type registration ntext -> org.hibernate.type.BasicTypeReference@48ccbb32
2025-01-16T00:10:27.673+01:00 DEBUG 36632 --- [hotel_rest_tp3] [           main] org.hibernate.type.BasicTypeRegistry     : Adding type registration clob -> org.hibernate.type.BasicTypeReference@36551e97
2025-01-16T00:10:27.674+01:00 DEBUG 36632 --- [hotel_rest_tp3] [           main] org.hibernate.type.BasicTypeRegistry     : Adding type registration java.sql.Clob -> org.hibernate.type.BasicTypeReference@36551e97
2025-01-16T00:10:27.674+01:00 DEBUG 36632 --- [hotel_rest_tp3] [           main] org.hibernate.type.BasicTypeRegistry     : Adding type registration nclob -> org.hibernate.type.BasicTypeReference@685d7ba5
2025-01-16T00:10:27.674+01:00 DEBUG 36632 --- [hotel_rest_tp3] [           main] org.hibernate.type.BasicTypeRegistry     : Adding type registration java.sql.NClob -> org.hibernate.type.BasicTypeReference@685d7ba5
2025-01-16T00:10:27.674+01:00 DEBUG 36632 --- [hotel_rest_tp3] [           main] org.hibernate.type.BasicTypeRegistry     : Adding type registration materialized_clob -> org.hibernate.type.BasicTypeReference@16d41725
2025-01-16T00:10:27.674+01:00 DEBUG 36632 --- [hotel_rest_tp3] [           main] org.hibernate.type.BasicTypeRegistry     : Adding type registration materialized_clob_char_array -> org.hibernate.type.BasicTypeReference@3b6c2be6
2025-01-16T00:10:27.674+01:00 DEBUG 36632 --- [hotel_rest_tp3] [           main] org.hibernate.type.BasicTypeRegistry     : Adding type registration materialized_clob_character_array -> org.hibernate.type.BasicTypeReference@25533bba
2025-01-16T00:10:27.674+01:00 DEBUG 36632 --- [hotel_rest_tp3] [           main] org.hibernate.type.BasicTypeRegistry     : Adding type registration materialized_nclob -> org.hibernate.type.BasicTypeReference@26d0ece6
2025-01-16T00:10:27.674+01:00 DEBUG 36632 --- [hotel_rest_tp3] [           main] org.hibernate.type.BasicTypeRegistry     : Adding type registration materialized_nclob_character_array -> org.hibernate.type.BasicTypeReference@100bba26
2025-01-16T00:10:27.674+01:00 DEBUG 36632 --- [hotel_rest_tp3] [           main] org.hibernate.type.BasicTypeRegistry     : Adding type registration materialized_nclob_char_array -> org.hibernate.type.BasicTypeReference@4ae280da
2025-01-16T00:10:27.674+01:00 DEBUG 36632 --- [hotel_rest_tp3] [           main] org.hibernate.type.BasicTypeRegistry     : Adding type registration Duration -> org.hibernate.type.BasicTypeReference@76d0ecd7
2025-01-16T00:10:27.675+01:00 DEBUG 36632 --- [hotel_rest_tp3] [           main] org.hibernate.type.BasicTypeRegistry     : Adding type registration java.time.Duration -> org.hibernate.type.BasicTypeReference@76d0ecd7
2025-01-16T00:10:27.675+01:00 DEBUG 36632 --- [hotel_rest_tp3] [           main] org.hibernate.type.BasicTypeRegistry     : Adding type registration LocalDateTime -> org.hibernate.type.BasicTypeReference@57c69937
2025-01-16T00:10:27.675+01:00 DEBUG 36632 --- [hotel_rest_tp3] [           main] org.hibernate.type.BasicTypeRegistry     : Adding type registration java.time.LocalDateTime -> org.hibernate.type.BasicTypeReference@57c69937
2025-01-16T00:10:27.675+01:00 DEBUG 36632 --- [hotel_rest_tp3] [           main] org.hibernate.type.BasicTypeRegistry     : Adding type registration LocalDate -> org.hibernate.type.BasicTypeReference@1ad1c363
2025-01-16T00:10:27.675+01:00 DEBUG 36632 --- [hotel_rest_tp3] [           main] org.hibernate.type.BasicTypeRegistry     : Adding type registration java.time.LocalDate -> org.hibernate.type.BasicTypeReference@1ad1c363
2025-01-16T00:10:27.675+01:00 DEBUG 36632 --- [hotel_rest_tp3] [           main] org.hibernate.type.BasicTypeRegistry     : Adding type registration LocalTime -> org.hibernate.type.BasicTypeReference@446b64b3
2025-01-16T00:10:27.675+01:00 DEBUG 36632 --- [hotel_rest_tp3] [           main] org.hibernate.type.BasicTypeRegistry     : Adding type registration java.time.LocalTime -> org.hibernate.type.BasicTypeReference@446b64b3
2025-01-16T00:10:27.675+01:00 DEBUG 36632 --- [hotel_rest_tp3] [           main] org.hibernate.type.BasicTypeRegistry     : Adding type registration OffsetDateTime -> org.hibernate.type.BasicTypeReference@35ac9ebd
2025-01-16T00:10:27.675+01:00 DEBUG 36632 --- [hotel_rest_tp3] [           main] org.hibernate.type.BasicTypeRegistry     : Adding type registration java.time.OffsetDateTime -> org.hibernate.type.BasicTypeReference@35ac9ebd
2025-01-16T00:10:27.675+01:00 DEBUG 36632 --- [hotel_rest_tp3] [           main] org.hibernate.type.BasicTypeRegistry     : Adding type registration OffsetDateTimeWithTimezone -> org.hibernate.type.BasicTypeReference@56c0a61e
2025-01-16T00:10:27.676+01:00 DEBUG 36632 --- [hotel_rest_tp3] [           main] org.hibernate.type.BasicTypeRegistry     : Adding type registration OffsetDateTimeWithoutTimezone -> org.hibernate.type.BasicTypeReference@421ead7e
2025-01-16T00:10:27.676+01:00 DEBUG 36632 --- [hotel_rest_tp3] [           main] org.hibernate.type.BasicTypeRegistry     : Adding type registration OffsetTime -> org.hibernate.type.BasicTypeReference@5dcf0772
2025-01-16T00:10:27.677+01:00 DEBUG 36632 --- [hotel_rest_tp3] [           main] org.hibernate.type.BasicTypeRegistry     : Adding type registration java.time.OffsetTime -> org.hibernate.type.BasicTypeReference@5dcf0772
2025-01-16T00:10:27.677+01:00 DEBUG 36632 --- [hotel_rest_tp3] [           main] org.hibernate.type.BasicTypeRegistry     : Adding type registration OffsetTimeUtc -> org.hibernate.type.BasicTypeReference@c472300
2025-01-16T00:10:27.677+01:00 DEBUG 36632 --- [hotel_rest_tp3] [           main] org.hibernate.type.BasicTypeRegistry     : Adding type registration OffsetTimeWithTimezone -> org.hibernate.type.BasicTypeReference@5f6494c0
2025-01-16T00:10:27.677+01:00 DEBUG 36632 --- [hotel_rest_tp3] [           main] org.hibernate.type.BasicTypeRegistry     : Adding type registration OffsetTimeWithoutTimezone -> org.hibernate.type.BasicTypeReference@6826b70f
2025-01-16T00:10:27.677+01:00 DEBUG 36632 --- [hotel_rest_tp3] [           main] org.hibernate.type.BasicTypeRegistry     : Adding type registration ZonedDateTime -> org.hibernate.type.BasicTypeReference@4df7d9ee
2025-01-16T00:10:27.677+01:00 DEBUG 36632 --- [hotel_rest_tp3] [           main] org.hibernate.type.BasicTypeRegistry     : Adding type registration java.time.ZonedDateTime -> org.hibernate.type.BasicTypeReference@4df7d9ee
2025-01-16T00:10:27.677+01:00 DEBUG 36632 --- [hotel_rest_tp3] [           main] org.hibernate.type.BasicTypeRegistry     : Adding type registration ZonedDateTimeWithTimezone -> org.hibernate.type.BasicTypeReference@781dac73
2025-01-16T00:10:27.677+01:00 DEBUG 36632 --- [hotel_rest_tp3] [           main] org.hibernate.type.BasicTypeRegistry     : Adding type registration ZonedDateTimeWithoutTimezone -> org.hibernate.type.BasicTypeReference@3a4e524
2025-01-16T00:10:27.677+01:00 DEBUG 36632 --- [hotel_rest_tp3] [           main] org.hibernate.type.BasicTypeRegistry     : Adding type registration date -> org.hibernate.type.BasicTypeReference@5e67a490
2025-01-16T00:10:27.677+01:00 DEBUG 36632 --- [hotel_rest_tp3] [           main] org.hibernate.type.BasicTypeRegistry     : Adding type registration java.sql.Date -> org.hibernate.type.BasicTypeReference@5e67a490
2025-01-16T00:10:27.678+01:00 DEBUG 36632 --- [hotel_rest_tp3] [           main] org.hibernate.type.BasicTypeRegistry     : Adding type registration time -> org.hibernate.type.BasicTypeReference@2dac2e1b
2025-01-16T00:10:27.678+01:00 DEBUG 36632 --- [hotel_rest_tp3] [           main] org.hibernate.type.BasicTypeRegistry     : Adding type registration java.sql.Time -> org.hibernate.type.BasicTypeReference@2dac2e1b
2025-01-16T00:10:27.678+01:00 DEBUG 36632 --- [hotel_rest_tp3] [           main] org.hibernate.type.BasicTypeRegistry     : Adding type registration timestamp -> org.hibernate.type.BasicTypeReference@38c761e9
2025-01-16T00:10:27.678+01:00 DEBUG 36632 --- [hotel_rest_tp3] [           main] org.hibernate.type.BasicTypeRegistry     : Adding type registration java.sql.Timestamp -> org.hibernate.type.BasicTypeReference@38c761e9
2025-01-16T00:10:27.678+01:00 DEBUG 36632 --- [hotel_rest_tp3] [           main] org.hibernate.type.BasicTypeRegistry     : Adding type registration java.util.Date -> org.hibernate.type.BasicTypeReference@38c761e9
2025-01-16T00:10:27.678+01:00 DEBUG 36632 --- [hotel_rest_tp3] [           main] org.hibernate.type.BasicTypeRegistry     : Adding type registration calendar -> org.hibernate.type.BasicTypeReference@1cee2e10
2025-01-16T00:10:27.678+01:00 DEBUG 36632 --- [hotel_rest_tp3] [           main] org.hibernate.type.BasicTypeRegistry     : Adding type registration java.util.Calendar -> org.hibernate.type.BasicTypeReference@1cee2e10
2025-01-16T00:10:27.678+01:00 DEBUG 36632 --- [hotel_rest_tp3] [           main] org.hibernate.type.BasicTypeRegistry     : Adding type registration java.util.GregorianCalendar -> org.hibernate.type.BasicTypeReference@1cee2e10
2025-01-16T00:10:27.678+01:00 DEBUG 36632 --- [hotel_rest_tp3] [           main] org.hibernate.type.BasicTypeRegistry     : Adding type registration calendar_date -> org.hibernate.type.BasicTypeReference@7f4e5a39
2025-01-16T00:10:27.678+01:00 DEBUG 36632 --- [hotel_rest_tp3] [           main] org.hibernate.type.BasicTypeRegistry     : Adding type registration calendar_time -> org.hibernate.type.BasicTypeReference@33de7f3d
2025-01-16T00:10:27.678+01:00 DEBUG 36632 --- [hotel_rest_tp3] [           main] org.hibernate.type.BasicTypeRegistry     : Adding type registration instant -> org.hibernate.type.BasicTypeReference@30159886
2025-01-16T00:10:27.679+01:00 DEBUG 36632 --- [hotel_rest_tp3] [           main] org.hibernate.type.BasicTypeRegistry     : Adding type registration java.time.Instant -> org.hibernate.type.BasicTypeReference@30159886
2025-01-16T00:10:27.679+01:00 DEBUG 36632 --- [hotel_rest_tp3] [           main] org.hibernate.type.BasicTypeRegistry     : Adding type registration uuid -> org.hibernate.type.BasicTypeReference@5d66ae3a
2025-01-16T00:10:27.679+01:00 DEBUG 36632 --- [hotel_rest_tp3] [           main] org.hibernate.type.BasicTypeRegistry     : Adding type registration java.util.UUID -> org.hibernate.type.BasicTypeReference@5d66ae3a
2025-01-16T00:10:27.679+01:00 DEBUG 36632 --- [hotel_rest_tp3] [           main] org.hibernate.type.BasicTypeRegistry     : Adding type registration pg-uuid -> org.hibernate.type.BasicTypeReference@5d66ae3a
2025-01-16T00:10:27.679+01:00 DEBUG 36632 --- [hotel_rest_tp3] [           main] org.hibernate.type.BasicTypeRegistry     : Adding type registration uuid-binary -> org.hibernate.type.BasicTypeReference@50f4b83d
2025-01-16T00:10:27.679+01:00 DEBUG 36632 --- [hotel_rest_tp3] [           main] org.hibernate.type.BasicTypeRegistry     : Adding type registration uuid-char -> org.hibernate.type.BasicTypeReference@10131289
2025-01-16T00:10:27.679+01:00 DEBUG 36632 --- [hotel_rest_tp3] [           main] org.hibernate.type.BasicTypeRegistry     : Adding type registration class -> org.hibernate.type.BasicTypeReference@c5e69a5
2025-01-16T00:10:27.679+01:00 DEBUG 36632 --- [hotel_rest_tp3] [           main] org.hibernate.type.BasicTypeRegistry     : Adding type registration java.lang.Class -> org.hibernate.type.BasicTypeReference@c5e69a5
2025-01-16T00:10:27.680+01:00 DEBUG 36632 --- [hotel_rest_tp3] [           main] org.hibernate.type.BasicTypeRegistry     : Adding type registration currency -> org.hibernate.type.BasicTypeReference@64a1116a
2025-01-16T00:10:27.680+01:00 DEBUG 36632 --- [hotel_rest_tp3] [           main] org.hibernate.type.BasicTypeRegistry     : Adding type registration Currency -> org.hibernate.type.BasicTypeReference@64a1116a
2025-01-16T00:10:27.680+01:00 DEBUG 36632 --- [hotel_rest_tp3] [           main] org.hibernate.type.BasicTypeRegistry     : Adding type registration java.util.Currency -> org.hibernate.type.BasicTypeReference@64a1116a
2025-01-16T00:10:27.680+01:00 DEBUG 36632 --- [hotel_rest_tp3] [           main] org.hibernate.type.BasicTypeRegistry     : Adding type registration locale -> org.hibernate.type.BasicTypeReference@19eea77c
2025-01-16T00:10:27.680+01:00 DEBUG 36632 --- [hotel_rest_tp3] [           main] org.hibernate.type.BasicTypeRegistry     : Adding type registration java.util.Locale -> org.hibernate.type.BasicTypeReference@19eea77c
2025-01-16T00:10:27.680+01:00 DEBUG 36632 --- [hotel_rest_tp3] [           main] org.hibernate.type.BasicTypeRegistry     : Adding type registration serializable -> org.hibernate.type.BasicTypeReference@6682e6a5
2025-01-16T00:10:27.681+01:00 DEBUG 36632 --- [hotel_rest_tp3] [           main] org.hibernate.type.BasicTypeRegistry     : Adding type registration java.io.Serializable -> org.hibernate.type.BasicTypeReference@6682e6a5
2025-01-16T00:10:27.681+01:00 DEBUG 36632 --- [hotel_rest_tp3] [           main] org.hibernate.type.BasicTypeRegistry     : Adding type registration timezone -> org.hibernate.type.BasicTypeReference@ac4915e
2025-01-16T00:10:27.681+01:00 DEBUG 36632 --- [hotel_rest_tp3] [           main] org.hibernate.type.BasicTypeRegistry     : Adding type registration java.util.TimeZone -> org.hibernate.type.BasicTypeReference@ac4915e
2025-01-16T00:10:27.681+01:00 DEBUG 36632 --- [hotel_rest_tp3] [           main] org.hibernate.type.BasicTypeRegistry     : Adding type registration ZoneOffset -> org.hibernate.type.BasicTypeReference@10fb4575
2025-01-16T00:10:27.681+01:00 DEBUG 36632 --- [hotel_rest_tp3] [           main] org.hibernate.type.BasicTypeRegistry     : Adding type registration java.time.ZoneOffset -> org.hibernate.type.BasicTypeReference@10fb4575
2025-01-16T00:10:27.682+01:00 DEBUG 36632 --- [hotel_rest_tp3] [           main] org.hibernate.type.BasicTypeRegistry     : Adding type registration url -> org.hibernate.type.BasicTypeReference@7cc2c551
2025-01-16T00:10:27.682+01:00 DEBUG 36632 --- [hotel_rest_tp3] [           main] org.hibernate.type.BasicTypeRegistry     : Adding type registration java.net.URL -> org.hibernate.type.BasicTypeReference@7cc2c551
2025-01-16T00:10:27.682+01:00 DEBUG 36632 --- [hotel_rest_tp3] [           main] org.hibernate.type.BasicTypeRegistry     : Adding type registration vector -> org.hibernate.type.BasicTypeReference@d84b3a2
2025-01-16T00:10:27.682+01:00 DEBUG 36632 --- [hotel_rest_tp3] [           main] org.hibernate.type.BasicTypeRegistry     : Adding type registration float_vector -> org.hibernate.type.BasicTypeReference@23648d2d
2025-01-16T00:10:27.682+01:00 DEBUG 36632 --- [hotel_rest_tp3] [           main] org.hibernate.type.BasicTypeRegistry     : Adding type registration double_vector -> org.hibernate.type.BasicTypeReference@69feb4d9
2025-01-16T00:10:27.682+01:00 DEBUG 36632 --- [hotel_rest_tp3] [           main] org.hibernate.type.BasicTypeRegistry     : Adding type registration byte_vector -> org.hibernate.type.BasicTypeReference@37c1cfa
2025-01-16T00:10:27.682+01:00 DEBUG 36632 --- [hotel_rest_tp3] [           main] org.hibernate.type.BasicTypeRegistry     : Adding type registration row_version -> org.hibernate.type.BasicTypeReference@2bcda694
2025-01-16T00:10:27.718+01:00 DEBUG 36632 --- [hotel_rest_tp3] [           main] org.hibernate.type.BasicTypeRegistry     : Adding type registration object -> org.hibernate.type.JavaObjectType@6d31f106
2025-01-16T00:10:27.718+01:00 DEBUG 36632 --- [hotel_rest_tp3] [           main] org.hibernate.type.BasicTypeRegistry     : Adding type registration java.lang.Object -> org.hibernate.type.JavaObjectType@6d31f106
2025-01-16T00:10:27.726+01:00 DEBUG 36632 --- [hotel_rest_tp3] [           main] org.hibernate.type.BasicTypeRegistry     : Adding type registration null -> org.hibernate.type.NullType@733534f9
2025-01-16T00:10:27.727+01:00 DEBUG 36632 --- [hotel_rest_tp3] [           main] org.hibernate.type.BasicTypeRegistry     : Adding type registration imm_date -> org.hibernate.type.BasicTypeReference@661e279d
2025-01-16T00:10:27.727+01:00 DEBUG 36632 --- [hotel_rest_tp3] [           main] org.hibernate.type.BasicTypeRegistry     : Adding type registration imm_time -> org.hibernate.type.BasicTypeReference@beabd6b
2025-01-16T00:10:27.728+01:00 DEBUG 36632 --- [hotel_rest_tp3] [           main] org.hibernate.type.BasicTypeRegistry     : Adding type registration imm_timestamp -> org.hibernate.type.BasicTypeReference@38de5daf
2025-01-16T00:10:27.728+01:00 DEBUG 36632 --- [hotel_rest_tp3] [           main] org.hibernate.type.BasicTypeRegistry     : Adding type registration imm_calendar -> org.hibernate.type.BasicTypeReference@621624b1
2025-01-16T00:10:27.728+01:00 DEBUG 36632 --- [hotel_rest_tp3] [           main] org.hibernate.type.BasicTypeRegistry     : Adding type registration imm_calendar_date -> org.hibernate.type.BasicTypeReference@7523d5a1
2025-01-16T00:10:27.728+01:00 DEBUG 36632 --- [hotel_rest_tp3] [           main] org.hibernate.type.BasicTypeRegistry     : Adding type registration imm_calendar_time -> org.hibernate.type.BasicTypeReference@2bfc2f8b
2025-01-16T00:10:27.729+01:00 DEBUG 36632 --- [hotel_rest_tp3] [           main] org.hibernate.type.BasicTypeRegistry     : Adding type registration imm_binary -> org.hibernate.type.BasicTypeReference@61853c7e
2025-01-16T00:10:27.729+01:00 DEBUG 36632 --- [hotel_rest_tp3] [           main] org.hibernate.type.BasicTypeRegistry     : Adding type registration imm_serializable -> org.hibernate.type.BasicTypeReference@32e5af53
2025-01-16T00:10:27.806+01:00 DEBUG 36632 --- [hotel_rest_tp3] [           main] o.h.boot.internal.BootstrapContextImpl   : Injecting JPA temp ClassLoader [org.springframework.instrument.classloading.SimpleThrowawayClassLoader@372954e1] into BootstrapContext; was [null]
2025-01-16T00:10:27.807+01:00 DEBUG 36632 --- [hotel_rest_tp3] [           main] o.h.boot.internal.ClassLoaderAccessImpl  : ClassLoaderAccessImpl#injectTempClassLoader(org.springframework.instrument.classloading.SimpleThrowawayClassLoader@372954e1) [was null]
2025-01-16T00:10:27.810+01:00 DEBUG 36632 --- [hotel_rest_tp3] [           main] o.h.boot.internal.BootstrapContextImpl   : Injecting ScanEnvironment [org.hibernate.jpa.boot.internal.StandardJpaScanEnvironmentImpl@9281d19] into BootstrapContext; was [null]
2025-01-16T00:10:27.810+01:00 DEBUG 36632 --- [hotel_rest_tp3] [           main] o.h.boot.internal.BootstrapContextImpl   : Injecting ScanOptions [org.hibernate.boot.archive.scan.internal.StandardScanOptions@36ad5f2a] into BootstrapContext; was [org.hibernate.boot.archive.scan.internal.StandardScanOptions@53cddaf8]
2025-01-16T00:10:28.958+01:00  INFO 36632 --- [hotel_rest_tp3] [           main] o.s.o.j.p.SpringPersistenceUnitInfo      : No LoadTimeWeaver setup: ignoring JPA class transformer
2025-01-16T00:10:28.959+01:00 DEBUG 36632 --- [hotel_rest_tp3] [           main] o.h.boot.internal.BootstrapContextImpl   : Injecting JPA temp ClassLoader [null] into BootstrapContext; was [org.springframework.instrument.classloading.SimpleThrowawayClassLoader@372954e1]
2025-01-16T00:10:28.959+01:00 DEBUG 36632 --- [hotel_rest_tp3] [           main] o.h.boot.internal.ClassLoaderAccessImpl  : ClassLoaderAccessImpl#injectTempClassLoader(null) [was org.springframework.instrument.classloading.SimpleThrowawayClassLoader@372954e1]
2025-01-16T00:10:29.140+01:00 DEBUG 36632 --- [hotel_rest_tp3] [           main] o.h.e.j.e.i.JdbcEnvironmentInitiator     : Database ->
	   name : H2
	version : 2.3.232 (2024-08-11)
	  major : 2
	  minor : 3
2025-01-16T00:10:29.140+01:00 DEBUG 36632 --- [hotel_rest_tp3] [           main] o.h.e.j.e.i.JdbcEnvironmentInitiator     : Driver ->
	   name : H2 JDBC Driver
	version : 2.3.232 (2024-08-11)
	  major : 2
	  minor : 3
2025-01-16T00:10:29.140+01:00 DEBUG 36632 --- [hotel_rest_tp3] [           main] o.h.e.j.e.i.JdbcEnvironmentInitiator     : JDBC version : 4.3
2025-01-16T00:10:29.233+01:00  WARN 36632 --- [hotel_rest_tp3] [           main] org.hibernate.orm.deprecation            : HHH90000025: H2Dialect does not need to be specified explicitly using 'hibernate.dialect' (remove the property setting and it will be selected by default)
2025-01-16T00:10:29.238+01:00 DEBUG 36632 --- [hotel_rest_tp3] [           main] org.hibernate.orm.dialect                : HHH035001: Using dialect: org.hibernate.dialect.H2Dialect, version: 2.3.232
2025-01-16T00:10:29.255+01:00 DEBUG 36632 --- [hotel_rest_tp3] [           main] o.h.e.j.env.spi.IdentifierHelperBuilder  : JDBC driver metadata reported database stores quoted identifiers in neither upper, lower nor mixed case
2025-01-16T00:10:29.350+01:00  INFO 36632 --- [hotel_rest_tp3] [           main] org.hibernate.orm.connections.pooling    : HHH10001005: Database info:
	Database JDBC URL [Connecting through datasource 'HikariDataSource (HikariPool-1)']
	Database driver: undefined/unknown
	Database version: 2.3.232
	Autocommit mode: undefined/unknown
	Isolation level: undefined/unknown
	Minimum pool size: undefined/unknown
	Maximum pool size: undefined/unknown
2025-01-16T00:10:29.422+01:00 DEBUG 36632 --- [hotel_rest_tp3] [           main] o.h.t.d.jdbc.spi.JdbcTypeRegistry        : addDescriptor(NCharTypeDescriptor) replaced previous registration(CharTypeDescriptor)
2025-01-16T00:10:29.422+01:00 DEBUG 36632 --- [hotel_rest_tp3] [           main] o.h.t.d.jdbc.spi.JdbcTypeRegistry        : addDescriptor(NVarcharTypeDescriptor) replaced previous registration(VarcharTypeDescriptor)
2025-01-16T00:10:29.425+01:00 DEBUG 36632 --- [hotel_rest_tp3] [           main] o.h.t.d.jdbc.spi.JdbcTypeRegistry        : addDescriptor(LongNVarcharTypeDescriptor) replaced previous registration(LongVarcharTypeDescriptor)
2025-01-16T00:10:29.446+01:00 DEBUG 36632 --- [hotel_rest_tp3] [           main] o.h.t.d.jdbc.spi.JdbcTypeRegistry        : addDescriptor(NClobTypeDescriptor(DEFAULT)) replaced previous registration(ClobTypeDescriptor(DEFAULT))
2025-01-16T00:10:29.463+01:00 DEBUG 36632 --- [hotel_rest_tp3] [           main] o.h.t.d.jdbc.spi.JdbcTypeRegistry        : addDescriptor(TimestampUtcDescriptor) replaced previous registration(TimestampUtcDescriptor)
2025-01-16T00:10:29.511+01:00 DEBUG 36632 --- [hotel_rest_tp3] [           main] org.hibernate.type.BasicTypeRegistry     : Adding type registration org.hibernate.type.DurationType -> basicType@1(java.time.Duration,3015)
2025-01-16T00:10:29.511+01:00 DEBUG 36632 --- [hotel_rest_tp3] [           main] org.hibernate.type.BasicTypeRegistry     : Adding type registration Duration -> basicType@1(java.time.Duration,3015)
2025-01-16T00:10:29.512+01:00 DEBUG 36632 --- [hotel_rest_tp3] [           main] org.hibernate.type.BasicTypeRegistry     : Adding type registration java.time.Duration -> basicType@1(java.time.Duration,3015)
2025-01-16T00:10:29.553+01:00 DEBUG 36632 --- [hotel_rest_tp3] [           main] o.h.type.spi.TypeConfiguration$Scope     : Scoping TypeConfiguration [org.hibernate.type.spi.TypeConfiguration@59f3426f] to MetadataBuildingContext [org.hibernate.boot.internal.MetadataBuildingContextRootImpl@120411ec]
2025-01-16T00:10:29.813+01:00 DEBUG 36632 --- [hotel_rest_tp3] [           main] o.h.boot.model.relational.Namespace      : Created database namespace [logicalName=Name{catalog=null, schema=null}, physicalName=Name{catalog=null, schema=null}]
2025-01-16T00:10:29.951+01:00 DEBUG 36632 --- [hotel_rest_tp3] [           main] o.h.boot.model.internal.EntityBinder     : Binding entity from annotated class: hotel.rest.models.Adresse
2025-01-16T00:10:30.028+01:00 DEBUG 36632 --- [hotel_rest_tp3] [           main] o.h.boot.model.internal.EntityBinder     : Import with entity name Adresse
2025-01-16T00:10:30.088+01:00 DEBUG 36632 --- [hotel_rest_tp3] [           main] o.h.boot.model.internal.EntityBinder     : Bind entity hotel.rest.models.Adresse on table adresse
2025-01-16T00:10:30.177+01:00 DEBUG 36632 --- [hotel_rest_tp3] [           main] o.h.boot.model.internal.AnnotatedColumn  : Binding column: AnnotatedDiscriminatorColumn(column='DTYPE')
2025-01-16T00:10:30.263+01:00 DEBUG 36632 --- [hotel_rest_tp3] [           main] o.h.boot.model.internal.AnnotatedColumn  : Binding column: AnnotatedColumn()
2025-01-16T00:10:30.269+01:00 DEBUG 36632 --- [hotel_rest_tp3] [           main] o.h.boot.internal.ClassLoaderAccessImpl  : Not known whether passed class name [hotel.rest.models.Adresse] is safe
2025-01-16T00:10:30.269+01:00 DEBUG 36632 --- [hotel_rest_tp3] [           main] o.h.boot.internal.ClassLoaderAccessImpl  : No temp ClassLoader provided; using live ClassLoader for loading potentially unsafe class : hotel.rest.models.Adresse
2025-01-16T00:10:30.283+01:00 DEBUG 36632 --- [hotel_rest_tp3] [           main] o.h.boot.model.internal.PropertyBinder   : MetadataSourceProcessor property id with lazy=false
2025-01-16T00:10:30.309+01:00 DEBUG 36632 --- [hotel_rest_tp3] [           main] o.h.b.m.internal.AbstractPropertyHolder  : Attempting to locate auto-apply AttributeConverter for property [hotel.rest.models.Adresse:id]
2025-01-16T00:10:30.333+01:00 DEBUG 36632 --- [hotel_rest_tp3] [           main] o.h.b.model.internal.BasicValueBinder    : building BasicValue for id
2025-01-16T00:10:30.344+01:00 DEBUG 36632 --- [hotel_rest_tp3] [           main] org.hibernate.mapping.BasicValue         : Skipping column re-registration: adresse.id
2025-01-16T00:10:30.347+01:00 DEBUG 36632 --- [hotel_rest_tp3] [           main] o.h.boot.model.internal.PropertyBinder   : Building property id
2025-01-16T00:10:30.369+01:00 DEBUG 36632 --- [hotel_rest_tp3] [           main] o.h.boot.model.internal.BinderHelper     : #makeIdGenerator(BasicValue([Column(id)]), id, org.hibernate.id.enhanced.SequenceStyleGenerator, , ...)
2025-01-16T00:10:30.372+01:00 DEBUG 36632 --- [hotel_rest_tp3] [           main] o.h.boot.model.internal.AnnotatedColumn  : Binding column: AnnotatedColumn()
2025-01-16T00:10:30.373+01:00 DEBUG 36632 --- [hotel_rest_tp3] [           main] o.h.boot.model.internal.PropertyBinder   : MetadataSourceProcessor property codePostal with lazy=false
2025-01-16T00:10:30.373+01:00 DEBUG 36632 --- [hotel_rest_tp3] [           main] o.h.b.m.internal.AbstractPropertyHolder  : Attempting to locate auto-apply AttributeConverter for property [hotel.rest.models.Adresse:codePostal]
2025-01-16T00:10:30.373+01:00 DEBUG 36632 --- [hotel_rest_tp3] [           main] o.h.b.model.internal.BasicValueBinder    : building BasicValue for codePostal
2025-01-16T00:10:30.373+01:00 DEBUG 36632 --- [hotel_rest_tp3] [           main] org.hibernate.mapping.BasicValue         : Skipping column re-registration: adresse.code_postal
2025-01-16T00:10:30.374+01:00 DEBUG 36632 --- [hotel_rest_tp3] [           main] o.h.boot.model.internal.PropertyBinder   : Building property codePostal
2025-01-16T00:10:30.374+01:00 DEBUG 36632 --- [hotel_rest_tp3] [           main] o.h.boot.model.internal.AnnotatedColumn  : Binding column: AnnotatedColumn()
2025-01-16T00:10:30.374+01:00 DEBUG 36632 --- [hotel_rest_tp3] [           main] o.h.boot.model.internal.PropertyBinder   : MetadataSourceProcessor property numero with lazy=false
2025-01-16T00:10:30.374+01:00 DEBUG 36632 --- [hotel_rest_tp3] [           main] o.h.b.m.internal.AbstractPropertyHolder  : Attempting to locate auto-apply AttributeConverter for property [hotel.rest.models.Adresse:numero]
2025-01-16T00:10:30.375+01:00 DEBUG 36632 --- [hotel_rest_tp3] [           main] o.h.b.model.internal.BasicValueBinder    : building BasicValue for numero
2025-01-16T00:10:30.375+01:00 DEBUG 36632 --- [hotel_rest_tp3] [           main] org.hibernate.mapping.BasicValue         : Skipping column re-registration: adresse.numero
2025-01-16T00:10:30.375+01:00 DEBUG 36632 --- [hotel_rest_tp3] [           main] o.h.boot.model.internal.PropertyBinder   : Building property numero
2025-01-16T00:10:30.375+01:00 DEBUG 36632 --- [hotel_rest_tp3] [           main] o.h.boot.model.internal.AnnotatedColumn  : Binding column: AnnotatedColumn()
2025-01-16T00:10:30.375+01:00 DEBUG 36632 --- [hotel_rest_tp3] [           main] o.h.boot.model.internal.PropertyBinder   : MetadataSourceProcessor property pays with lazy=false
2025-01-16T00:10:30.375+01:00 DEBUG 36632 --- [hotel_rest_tp3] [           main] o.h.b.m.internal.AbstractPropertyHolder  : Attempting to locate auto-apply AttributeConverter for property [hotel.rest.models.Adresse:pays]
2025-01-16T00:10:30.375+01:00 DEBUG 36632 --- [hotel_rest_tp3] [           main] o.h.b.model.internal.BasicValueBinder    : building BasicValue for pays
2025-01-16T00:10:30.375+01:00 DEBUG 36632 --- [hotel_rest_tp3] [           main] org.hibernate.mapping.BasicValue         : Skipping column re-registration: adresse.pays
2025-01-16T00:10:30.375+01:00 DEBUG 36632 --- [hotel_rest_tp3] [           main] o.h.boot.model.internal.PropertyBinder   : Building property pays
2025-01-16T00:10:30.376+01:00 DEBUG 36632 --- [hotel_rest_tp3] [           main] o.h.boot.model.internal.AnnotatedColumn  : Binding column: AnnotatedColumn()
2025-01-16T00:10:30.376+01:00 DEBUG 36632 --- [hotel_rest_tp3] [           main] o.h.boot.model.internal.PropertyBinder   : MetadataSourceProcessor property rue with lazy=false
2025-01-16T00:10:30.376+01:00 DEBUG 36632 --- [hotel_rest_tp3] [           main] o.h.b.m.internal.AbstractPropertyHolder  : Attempting to locate auto-apply AttributeConverter for property [hotel.rest.models.Adresse:rue]
2025-01-16T00:10:30.376+01:00 DEBUG 36632 --- [hotel_rest_tp3] [           main] o.h.b.model.internal.BasicValueBinder    : building BasicValue for rue
2025-01-16T00:10:30.376+01:00 DEBUG 36632 --- [hotel_rest_tp3] [           main] org.hibernate.mapping.BasicValue         : Skipping column re-registration: adresse.rue
2025-01-16T00:10:30.376+01:00 DEBUG 36632 --- [hotel_rest_tp3] [           main] o.h.boot.model.internal.PropertyBinder   : Building property rue
2025-01-16T00:10:30.377+01:00 DEBUG 36632 --- [hotel_rest_tp3] [           main] o.h.boot.model.internal.AnnotatedColumn  : Binding column: AnnotatedColumn()
2025-01-16T00:10:30.377+01:00 DEBUG 36632 --- [hotel_rest_tp3] [           main] o.h.boot.model.internal.PropertyBinder   : MetadataSourceProcessor property ville with lazy=false
2025-01-16T00:10:30.377+01:00 DEBUG 36632 --- [hotel_rest_tp3] [           main] o.h.b.m.internal.AbstractPropertyHolder  : Attempting to locate auto-apply AttributeConverter for property [hotel.rest.models.Adresse:ville]
2025-01-16T00:10:30.377+01:00 DEBUG 36632 --- [hotel_rest_tp3] [           main] o.h.b.model.internal.BasicValueBinder    : building BasicValue for ville
2025-01-16T00:10:30.377+01:00 DEBUG 36632 --- [hotel_rest_tp3] [           main] org.hibernate.mapping.BasicValue         : Skipping column re-registration: adresse.ville
2025-01-16T00:10:30.377+01:00 DEBUG 36632 --- [hotel_rest_tp3] [           main] o.h.boot.model.internal.PropertyBinder   : Building property ville
2025-01-16T00:10:30.394+01:00 DEBUG 36632 --- [hotel_rest_tp3] [           main] o.h.b.r.c.i.ClassLoaderServiceImpl       : HHH000194: Package not found or no package-info.java: hotel.rest.models
2025-01-16T00:10:30.425+01:00 DEBUG 36632 --- [hotel_rest_tp3] [           main] o.h.boot.model.internal.EntityBinder     : Binding entity from annotated class: hotel.rest.models.Chambre
2025-01-16T00:10:30.425+01:00 DEBUG 36632 --- [hotel_rest_tp3] [           main] o.h.boot.model.internal.EntityBinder     : Import with entity name Chambre
2025-01-16T00:10:30.426+01:00 DEBUG 36632 --- [hotel_rest_tp3] [           main] o.h.boot.model.internal.EntityBinder     : Bind entity hotel.rest.models.Chambre on table chambre
2025-01-16T00:10:30.426+01:00 DEBUG 36632 --- [hotel_rest_tp3] [           main] o.h.boot.model.internal.AnnotatedColumn  : Binding column: AnnotatedDiscriminatorColumn(column='DTYPE')
2025-01-16T00:10:30.447+01:00 DEBUG 36632 --- [hotel_rest_tp3] [           main] o.h.boot.model.internal.AnnotatedColumn  : Binding column: AnnotatedColumn()
2025-01-16T00:10:30.447+01:00 DEBUG 36632 --- [hotel_rest_tp3] [           main] o.h.boot.internal.ClassLoaderAccessImpl  : Not known whether passed class name [hotel.rest.models.Chambre] is safe
2025-01-16T00:10:30.447+01:00 DEBUG 36632 --- [hotel_rest_tp3] [           main] o.h.boot.internal.ClassLoaderAccessImpl  : No temp ClassLoader provided; using live ClassLoader for loading potentially unsafe class : hotel.rest.models.Chambre
2025-01-16T00:10:30.447+01:00 DEBUG 36632 --- [hotel_rest_tp3] [           main] o.h.boot.model.internal.PropertyBinder   : MetadataSourceProcessor property id with lazy=false
2025-01-16T00:10:30.447+01:00 DEBUG 36632 --- [hotel_rest_tp3] [           main] o.h.b.m.internal.AbstractPropertyHolder  : Attempting to locate auto-apply AttributeConverter for property [hotel.rest.models.Chambre:id]
2025-01-16T00:10:30.447+01:00 DEBUG 36632 --- [hotel_rest_tp3] [           main] o.h.b.model.internal.BasicValueBinder    : building BasicValue for id
2025-01-16T00:10:30.447+01:00 DEBUG 36632 --- [hotel_rest_tp3] [           main] org.hibernate.mapping.BasicValue         : Skipping column re-registration: chambre.id
2025-01-16T00:10:30.448+01:00 DEBUG 36632 --- [hotel_rest_tp3] [           main] o.h.boot.model.internal.PropertyBinder   : Building property id
2025-01-16T00:10:30.448+01:00 DEBUG 36632 --- [hotel_rest_tp3] [           main] o.h.boot.model.internal.BinderHelper     : #makeIdGenerator(BasicValue([Column(id)]), id, org.hibernate.id.enhanced.SequenceStyleGenerator, , ...)
2025-01-16T00:10:30.448+01:00 DEBUG 36632 --- [hotel_rest_tp3] [           main] o.h.boot.model.internal.AnnotatedColumn  : Binding column: AnnotatedColumn()
2025-01-16T00:10:30.451+01:00 DEBUG 36632 --- [hotel_rest_tp3] [           main] o.h.boot.model.internal.PropertyBinder   : MetadataSourceProcessor property dateReservee with lazy=false
2025-01-16T00:10:30.451+01:00 DEBUG 36632 --- [hotel_rest_tp3] [           main] o.h.b.m.internal.AbstractPropertyHolder  : Attempting to locate auto-apply AttributeConverter for property [hotel.rest.models.Chambre:dateReservee]
2025-01-16T00:10:30.454+01:00 DEBUG 36632 --- [hotel_rest_tp3] [           main] o.h.b.model.internal.BasicValueBinder    : building BasicValue for dateReservee
2025-01-16T00:10:30.455+01:00 DEBUG 36632 --- [hotel_rest_tp3] [           main] org.hibernate.mapping.BasicValue         : Skipping column re-registration: chambre.date_reservee
2025-01-16T00:10:30.455+01:00 DEBUG 36632 --- [hotel_rest_tp3] [           main] o.h.boot.model.internal.PropertyBinder   : Building property dateReservee
2025-01-16T00:10:30.455+01:00 DEBUG 36632 --- [hotel_rest_tp3] [           main] o.h.boot.model.internal.AnnotatedColumn  : Binding column: AnnotatedColumn()
2025-01-16T00:10:30.455+01:00 DEBUG 36632 --- [hotel_rest_tp3] [           main] o.h.boot.model.internal.PropertyBinder   : MetadataSourceProcessor property nombreLit with lazy=false
2025-01-16T00:10:30.456+01:00 DEBUG 36632 --- [hotel_rest_tp3] [           main] o.h.b.m.internal.AbstractPropertyHolder  : Attempting to locate auto-apply AttributeConverter for property [hotel.rest.models.Chambre:nombreLit]
2025-01-16T00:10:30.456+01:00 DEBUG 36632 --- [hotel_rest_tp3] [           main] o.h.b.model.internal.BasicValueBinder    : building BasicValue for nombreLit
2025-01-16T00:10:30.456+01:00 DEBUG 36632 --- [hotel_rest_tp3] [           main] org.hibernate.mapping.BasicValue         : Skipping column re-registration: chambre.nombre_lit
2025-01-16T00:10:30.456+01:00 DEBUG 36632 --- [hotel_rest_tp3] [           main] o.h.boot.model.internal.PropertyBinder   : Building property nombreLit
2025-01-16T00:10:30.457+01:00 DEBUG 36632 --- [hotel_rest_tp3] [           main] o.h.boot.model.internal.AnnotatedColumn  : Binding column: AnnotatedColumn()
2025-01-16T00:10:30.457+01:00 DEBUG 36632 --- [hotel_rest_tp3] [           main] o.h.boot.model.internal.PropertyBinder   : MetadataSourceProcessor property prix with lazy=false
2025-01-16T00:10:30.457+01:00 DEBUG 36632 --- [hotel_rest_tp3] [           main] o.h.b.m.internal.AbstractPropertyHolder  : Attempting to locate auto-apply AttributeConverter for property [hotel.rest.models.Chambre:prix]
2025-01-16T00:10:30.457+01:00 DEBUG 36632 --- [hotel_rest_tp3] [           main] o.h.b.model.internal.BasicValueBinder    : building BasicValue for prix
2025-01-16T00:10:30.457+01:00 DEBUG 36632 --- [hotel_rest_tp3] [           main] org.hibernate.mapping.BasicValue         : Skipping column re-registration: chambre.prix
2025-01-16T00:10:30.457+01:00 DEBUG 36632 --- [hotel_rest_tp3] [           main] o.h.boot.model.internal.PropertyBinder   : Building property prix
2025-01-16T00:10:30.463+01:00 DEBUG 36632 --- [hotel_rest_tp3] [           main] o.h.boot.model.internal.AnnotatedColumn  : Binding column: AnnotatedJoinColumn(column='reservation_id')
2025-01-16T00:10:30.463+01:00 DEBUG 36632 --- [hotel_rest_tp3] [           main] o.h.boot.model.internal.AnnotatedColumn  : Binding column: AnnotatedColumn()
2025-01-16T00:10:30.544+01:00 DEBUG 36632 --- [hotel_rest_tp3] [           main] o.h.boot.model.internal.AnnotatedColumn  : Binding column: IndexColumn(column='reservation_ORDER')
2025-01-16T00:10:30.557+01:00 DEBUG 36632 --- [hotel_rest_tp3] [           main] o.h.boot.model.internal.AnnotatedColumn  : Binding column: AnnotatedColumn()
2025-01-16T00:10:30.563+01:00 DEBUG 36632 --- [hotel_rest_tp3] [           main] o.h.boot.model.internal.AnnotatedColumn  : Binding column: AnnotatedColumn(column='reservation_KEY')
2025-01-16T00:10:30.566+01:00 DEBUG 36632 --- [hotel_rest_tp3] [           main] o.h.boot.model.internal.AnnotatedColumn  : Binding column: AnnotatedJoinColumn(column='reservation_KEY')
2025-01-16T00:10:30.574+01:00 DEBUG 36632 --- [hotel_rest_tp3] [           main] o.h.boot.model.internal.AnnotatedColumn  : Binding column: AnnotatedJoinColumn()
2025-01-16T00:10:30.574+01:00 DEBUG 36632 --- [hotel_rest_tp3] [           main] o.h.boot.model.internal.AnnotatedColumn  : Binding column: AnnotatedJoinColumn()
2025-01-16T00:10:30.583+01:00 DEBUG 36632 --- [hotel_rest_tp3] [           main] o.h.b.model.internal.CollectionBinder    : Collection role: hotel.rest.models.Chambre.reservation
2025-01-16T00:10:30.598+01:00 DEBUG 36632 --- [hotel_rest_tp3] [           main] o.h.boot.model.internal.PropertyBinder   : Building property reservation
2025-01-16T00:10:30.599+01:00 DEBUG 36632 --- [hotel_rest_tp3] [           main] o.h.boot.model.internal.AnnotatedColumn  : Binding column: AnnotatedColumn()
2025-01-16T00:10:30.599+01:00 DEBUG 36632 --- [hotel_rest_tp3] [           main] o.h.boot.model.internal.PropertyBinder   : MetadataSourceProcessor property typeChambre with lazy=false
2025-01-16T00:10:30.599+01:00 DEBUG 36632 --- [hotel_rest_tp3] [           main] o.h.b.m.internal.AbstractPropertyHolder  : Attempting to locate auto-apply AttributeConverter for property [hotel.rest.models.Chambre:typeChambre]
2025-01-16T00:10:30.599+01:00 DEBUG 36632 --- [hotel_rest_tp3] [           main] o.h.b.model.internal.BasicValueBinder    : building BasicValue for typeChambre
2025-01-16T00:10:30.599+01:00 DEBUG 36632 --- [hotel_rest_tp3] [           main] org.hibernate.mapping.BasicValue         : Skipping column re-registration: chambre.type_chambre
2025-01-16T00:10:30.599+01:00 DEBUG 36632 --- [hotel_rest_tp3] [           main] o.h.boot.model.internal.PropertyBinder   : Building property typeChambre
2025-01-16T00:10:30.612+01:00 DEBUG 36632 --- [hotel_rest_tp3] [           main] o.h.b.r.c.i.ClassLoaderServiceImpl       : HHH000194: Package not found or no package-info.java: hotel.rest.models
2025-01-16T00:10:30.613+01:00 DEBUG 36632 --- [hotel_rest_tp3] [           main] o.h.boot.model.internal.EntityBinder     : Binding entity from annotated class: hotel.rest.models.Hotel
2025-01-16T00:10:30.614+01:00 DEBUG 36632 --- [hotel_rest_tp3] [           main] o.h.boot.model.internal.EntityBinder     : Import with entity name Hotel
2025-01-16T00:10:30.614+01:00 DEBUG 36632 --- [hotel_rest_tp3] [           main] o.h.boot.model.internal.EntityBinder     : Bind entity hotel.rest.models.Hotel on table hotel
2025-01-16T00:10:30.614+01:00 DEBUG 36632 --- [hotel_rest_tp3] [           main] o.h.boot.model.internal.AnnotatedColumn  : Binding column: AnnotatedDiscriminatorColumn(column='DTYPE')
2025-01-16T00:10:30.625+01:00 DEBUG 36632 --- [hotel_rest_tp3] [           main] o.h.boot.model.internal.AnnotatedColumn  : Binding column: AnnotatedColumn()
2025-01-16T00:10:30.626+01:00 DEBUG 36632 --- [hotel_rest_tp3] [           main] o.h.boot.internal.ClassLoaderAccessImpl  : Not known whether passed class name [hotel.rest.models.Hotel] is safe
2025-01-16T00:10:30.626+01:00 DEBUG 36632 --- [hotel_rest_tp3] [           main] o.h.boot.internal.ClassLoaderAccessImpl  : No temp ClassLoader provided; using live ClassLoader for loading potentially unsafe class : hotel.rest.models.Hotel
2025-01-16T00:10:30.626+01:00 DEBUG 36632 --- [hotel_rest_tp3] [           main] o.h.boot.model.internal.PropertyBinder   : MetadataSourceProcessor property id with lazy=false
2025-01-16T00:10:30.626+01:00 DEBUG 36632 --- [hotel_rest_tp3] [           main] o.h.b.m.internal.AbstractPropertyHolder  : Attempting to locate auto-apply AttributeConverter for property [hotel.rest.models.Hotel:id]
2025-01-16T00:10:30.626+01:00 DEBUG 36632 --- [hotel_rest_tp3] [           main] o.h.b.model.internal.BasicValueBinder    : building BasicValue for id
2025-01-16T00:10:30.626+01:00 DEBUG 36632 --- [hotel_rest_tp3] [           main] org.hibernate.mapping.BasicValue         : Skipping column re-registration: hotel.id
2025-01-16T00:10:30.626+01:00 DEBUG 36632 --- [hotel_rest_tp3] [           main] o.h.boot.model.internal.PropertyBinder   : Building property id
2025-01-16T00:10:30.626+01:00 DEBUG 36632 --- [hotel_rest_tp3] [           main] o.h.boot.model.internal.AnnotatedColumn  : Binding column: AnnotatedJoinColumn(column='adresse_id')
2025-01-16T00:10:30.627+01:00 DEBUG 36632 --- [hotel_rest_tp3] [           main] o.h.boot.model.internal.AnnotatedColumn  : Binding column: AnnotatedColumn()
2025-01-16T00:10:30.636+01:00 DEBUG 36632 --- [hotel_rest_tp3] [           main] o.h.boot.model.internal.PropertyBinder   : Building property adresse
2025-01-16T00:10:30.637+01:00 DEBUG 36632 --- [hotel_rest_tp3] [           main] o.h.boot.model.internal.AnnotatedColumn  : Binding column: AnnotatedJoinColumn(column='chambre_id')
2025-01-16T00:10:30.637+01:00 DEBUG 36632 --- [hotel_rest_tp3] [           main] o.h.boot.model.internal.AnnotatedColumn  : Binding column: AnnotatedColumn()
2025-01-16T00:10:30.637+01:00 DEBUG 36632 --- [hotel_rest_tp3] [           main] o.h.boot.model.internal.AnnotatedColumn  : Binding column: IndexColumn(column='listeChambre_ORDER')
2025-01-16T00:10:30.638+01:00 DEBUG 36632 --- [hotel_rest_tp3] [           main] o.h.boot.model.internal.AnnotatedColumn  : Binding column: AnnotatedColumn()
2025-01-16T00:10:30.638+01:00 DEBUG 36632 --- [hotel_rest_tp3] [           main] o.h.boot.model.internal.AnnotatedColumn  : Binding column: AnnotatedColumn(column='listeChambre_KEY')
2025-01-16T00:10:30.638+01:00 DEBUG 36632 --- [hotel_rest_tp3] [           main] o.h.boot.model.internal.AnnotatedColumn  : Binding column: AnnotatedJoinColumn(column='listeChambre_KEY')
2025-01-16T00:10:30.638+01:00 DEBUG 36632 --- [hotel_rest_tp3] [           main] o.h.boot.model.internal.AnnotatedColumn  : Binding column: AnnotatedJoinColumn()
2025-01-16T00:10:30.638+01:00 DEBUG 36632 --- [hotel_rest_tp3] [           main] o.h.boot.model.internal.AnnotatedColumn  : Binding column: AnnotatedJoinColumn()
2025-01-16T00:10:30.638+01:00 DEBUG 36632 --- [hotel_rest_tp3] [           main] o.h.b.model.internal.CollectionBinder    : Collection role: hotel.rest.models.Hotel.listeChambre
2025-01-16T00:10:30.638+01:00 DEBUG 36632 --- [hotel_rest_tp3] [           main] o.h.boot.model.internal.PropertyBinder   : Building property listeChambre
2025-01-16T00:10:30.638+01:00 DEBUG 36632 --- [hotel_rest_tp3] [           main] o.h.boot.model.internal.AnnotatedColumn  : Binding column: AnnotatedColumn()
2025-01-16T00:10:30.638+01:00 DEBUG 36632 --- [hotel_rest_tp3] [           main] o.h.boot.model.internal.PropertyBinder   : MetadataSourceProcessor property nom with lazy=false
2025-01-16T00:10:30.638+01:00 DEBUG 36632 --- [hotel_rest_tp3] [           main] o.h.b.m.internal.AbstractPropertyHolder  : Attempting to locate auto-apply AttributeConverter for property [hotel.rest.models.Hotel:nom]
2025-01-16T00:10:30.639+01:00 DEBUG 36632 --- [hotel_rest_tp3] [           main] o.h.b.model.internal.BasicValueBinder    : building BasicValue for nom
2025-01-16T00:10:30.639+01:00 DEBUG 36632 --- [hotel_rest_tp3] [           main] org.hibernate.mapping.BasicValue         : Skipping column re-registration: hotel.nom
2025-01-16T00:10:30.639+01:00 DEBUG 36632 --- [hotel_rest_tp3] [           main] o.h.boot.model.internal.PropertyBinder   : Building property nom
2025-01-16T00:10:30.639+01:00 DEBUG 36632 --- [hotel_rest_tp3] [           main] o.h.boot.model.internal.AnnotatedColumn  : Binding column: AnnotatedColumn()
2025-01-16T00:10:30.639+01:00 DEBUG 36632 --- [hotel_rest_tp3] [           main] o.h.boot.model.internal.PropertyBinder   : MetadataSourceProcessor property nombreEtoile with lazy=false
2025-01-16T00:10:30.639+01:00 DEBUG 36632 --- [hotel_rest_tp3] [           main] o.h.b.m.internal.AbstractPropertyHolder  : Attempting to locate auto-apply AttributeConverter for property [hotel.rest.models.Hotel:nombreEtoile]
2025-01-16T00:10:30.639+01:00 DEBUG 36632 --- [hotel_rest_tp3] [           main] o.h.b.model.internal.BasicValueBinder    : building BasicValue for nombreEtoile
2025-01-16T00:10:30.639+01:00 DEBUG 36632 --- [hotel_rest_tp3] [           main] org.hibernate.mapping.BasicValue         : Skipping column re-registration: hotel.nombre_etoile
2025-01-16T00:10:30.639+01:00 DEBUG 36632 --- [hotel_rest_tp3] [           main] o.h.boot.model.internal.PropertyBinder   : Building property nombreEtoile
2025-01-16T00:10:30.651+01:00 DEBUG 36632 --- [hotel_rest_tp3] [           main] o.h.b.r.c.i.ClassLoaderServiceImpl       : HHH000194: Package not found or no package-info.java: hotel.rest.models
2025-01-16T00:10:30.653+01:00 DEBUG 36632 --- [hotel_rest_tp3] [           main] o.h.boot.model.internal.EntityBinder     : Binding entity from annotated class: hotel.rest.models.Personne
2025-01-16T00:10:30.653+01:00 DEBUG 36632 --- [hotel_rest_tp3] [           main] o.h.boot.model.internal.EntityBinder     : Import with entity name Personne
2025-01-16T00:10:30.653+01:00 DEBUG 36632 --- [hotel_rest_tp3] [           main] o.h.boot.model.internal.EntityBinder     : Bind entity hotel.rest.models.Personne on table personne
2025-01-16T00:10:30.654+01:00 DEBUG 36632 --- [hotel_rest_tp3] [           main] o.h.boot.model.internal.AnnotatedColumn  : Binding column: AnnotatedDiscriminatorColumn(column='DTYPE')
2025-01-16T00:10:30.667+01:00 DEBUG 36632 --- [hotel_rest_tp3] [           main] o.h.boot.model.internal.AnnotatedColumn  : Binding column: AnnotatedColumn()
2025-01-16T00:10:30.668+01:00 DEBUG 36632 --- [hotel_rest_tp3] [           main] o.h.boot.internal.ClassLoaderAccessImpl  : Not known whether passed class name [hotel.rest.models.Personne] is safe
2025-01-16T00:10:30.668+01:00 DEBUG 36632 --- [hotel_rest_tp3] [           main] o.h.boot.internal.ClassLoaderAccessImpl  : No temp ClassLoader provided; using live ClassLoader for loading potentially unsafe class : hotel.rest.models.Personne
2025-01-16T00:10:30.668+01:00 DEBUG 36632 --- [hotel_rest_tp3] [           main] o.h.boot.model.internal.PropertyBinder   : MetadataSourceProcessor property id with lazy=false
2025-01-16T00:10:30.668+01:00 DEBUG 36632 --- [hotel_rest_tp3] [           main] o.h.b.m.internal.AbstractPropertyHolder  : Attempting to locate auto-apply AttributeConverter for property [hotel.rest.models.Personne:id]
2025-01-16T00:10:30.668+01:00 DEBUG 36632 --- [hotel_rest_tp3] [           main] o.h.b.model.internal.BasicValueBinder    : building BasicValue for id
2025-01-16T00:10:30.668+01:00 DEBUG 36632 --- [hotel_rest_tp3] [           main] org.hibernate.mapping.BasicValue         : Skipping column re-registration: personne.id
2025-01-16T00:10:30.668+01:00 DEBUG 36632 --- [hotel_rest_tp3] [           main] o.h.boot.model.internal.PropertyBinder   : Building property id
2025-01-16T00:10:30.668+01:00 DEBUG 36632 --- [hotel_rest_tp3] [           main] o.h.boot.model.internal.BinderHelper     : #makeIdGenerator(BasicValue([Column(id)]), id, org.hibernate.id.enhanced.SequenceStyleGenerator, , ...)
2025-01-16T00:10:30.668+01:00 DEBUG 36632 --- [hotel_rest_tp3] [           main] o.h.boot.model.internal.AnnotatedColumn  : Binding column: AnnotatedJoinColumn(column='adresse_id')
2025-01-16T00:10:30.668+01:00 DEBUG 36632 --- [hotel_rest_tp3] [           main] o.h.boot.model.internal.AnnotatedColumn  : Binding column: AnnotatedColumn()
2025-01-16T00:10:30.669+01:00 DEBUG 36632 --- [hotel_rest_tp3] [           main] o.h.boot.model.internal.PropertyBinder   : Building property adressePersonne
2025-01-16T00:10:30.669+01:00 DEBUG 36632 --- [hotel_rest_tp3] [           main] o.h.boot.model.internal.AnnotatedColumn  : Binding column: AnnotatedColumn()
2025-01-16T00:10:30.669+01:00 DEBUG 36632 --- [hotel_rest_tp3] [           main] o.h.boot.model.internal.PropertyBinder   : MetadataSourceProcessor property age with lazy=false
2025-01-16T00:10:30.669+01:00 DEBUG 36632 --- [hotel_rest_tp3] [           main] o.h.b.m.internal.AbstractPropertyHolder  : Attempting to locate auto-apply AttributeConverter for property [hotel.rest.models.Personne:age]
2025-01-16T00:10:30.669+01:00 DEBUG 36632 --- [hotel_rest_tp3] [           main] o.h.b.model.internal.BasicValueBinder    : building BasicValue for age
2025-01-16T00:10:30.669+01:00 DEBUG 36632 --- [hotel_rest_tp3] [           main] org.hibernate.mapping.BasicValue         : Skipping column re-registration: personne.age
2025-01-16T00:10:30.669+01:00 DEBUG 36632 --- [hotel_rest_tp3] [           main] o.h.boot.model.internal.PropertyBinder   : Building property age
2025-01-16T00:10:30.670+01:00 DEBUG 36632 --- [hotel_rest_tp3] [           main] o.h.boot.model.internal.AnnotatedColumn  : Binding column: AnnotatedColumn()
2025-01-16T00:10:30.670+01:00 DEBUG 36632 --- [hotel_rest_tp3] [           main] o.h.boot.model.internal.PropertyBinder   : MetadataSourceProcessor property nationalite with lazy=false
2025-01-16T00:10:30.670+01:00 DEBUG 36632 --- [hotel_rest_tp3] [           main] o.h.b.m.internal.AbstractPropertyHolder  : Attempting to locate auto-apply AttributeConverter for property [hotel.rest.models.Personne:nationalite]
2025-01-16T00:10:30.670+01:00 DEBUG 36632 --- [hotel_rest_tp3] [           main] o.h.b.model.internal.BasicValueBinder    : building BasicValue for nationalite
2025-01-16T00:10:30.670+01:00 DEBUG 36632 --- [hotel_rest_tp3] [           main] org.hibernate.mapping.BasicValue         : Skipping column re-registration: personne.nationalite
2025-01-16T00:10:30.670+01:00 DEBUG 36632 --- [hotel_rest_tp3] [           main] o.h.boot.model.internal.PropertyBinder   : Building property nationalite
2025-01-16T00:10:30.670+01:00 DEBUG 36632 --- [hotel_rest_tp3] [           main] o.h.boot.model.internal.AnnotatedColumn  : Binding column: AnnotatedColumn()
2025-01-16T00:10:30.671+01:00 DEBUG 36632 --- [hotel_rest_tp3] [           main] o.h.boot.model.internal.PropertyBinder   : MetadataSourceProcessor property nom with lazy=false
2025-01-16T00:10:30.671+01:00 DEBUG 36632 --- [hotel_rest_tp3] [           main] o.h.b.m.internal.AbstractPropertyHolder  : Attempting to locate auto-apply AttributeConverter for property [hotel.rest.models.Personne:nom]
2025-01-16T00:10:30.671+01:00 DEBUG 36632 --- [hotel_rest_tp3] [           main] o.h.b.model.internal.BasicValueBinder    : building BasicValue for nom
2025-01-16T00:10:30.671+01:00 DEBUG 36632 --- [hotel_rest_tp3] [           main] org.hibernate.mapping.BasicValue         : Skipping column re-registration: personne.nom
2025-01-16T00:10:30.671+01:00 DEBUG 36632 --- [hotel_rest_tp3] [           main] o.h.boot.model.internal.PropertyBinder   : Building property nom
2025-01-16T00:10:30.671+01:00 DEBUG 36632 --- [hotel_rest_tp3] [           main] o.h.boot.model.internal.AnnotatedColumn  : Binding column: AnnotatedColumn()
2025-01-16T00:10:30.671+01:00 DEBUG 36632 --- [hotel_rest_tp3] [           main] o.h.boot.model.internal.PropertyBinder   : MetadataSourceProcessor property prenom with lazy=false
2025-01-16T00:10:30.671+01:00 DEBUG 36632 --- [hotel_rest_tp3] [           main] o.h.b.m.internal.AbstractPropertyHolder  : Attempting to locate auto-apply AttributeConverter for property [hotel.rest.models.Personne:prenom]
2025-01-16T00:10:30.671+01:00 DEBUG 36632 --- [hotel_rest_tp3] [           main] o.h.b.model.internal.BasicValueBinder    : building BasicValue for prenom
2025-01-16T00:10:30.671+01:00 DEBUG 36632 --- [hotel_rest_tp3] [           main] org.hibernate.mapping.BasicValue         : Skipping column re-registration: personne.prenom
2025-01-16T00:10:30.671+01:00 DEBUG 36632 --- [hotel_rest_tp3] [           main] o.h.boot.model.internal.PropertyBinder   : Building property prenom
2025-01-16T00:10:30.672+01:00 DEBUG 36632 --- [hotel_rest_tp3] [           main] o.h.boot.model.internal.AnnotatedColumn  : Binding column: AnnotatedJoinColumn(column='reservation_id')
2025-01-16T00:10:30.672+01:00 DEBUG 36632 --- [hotel_rest_tp3] [           main] o.h.boot.model.internal.AnnotatedColumn  : Binding column: AnnotatedColumn()
2025-01-16T00:10:30.672+01:00 DEBUG 36632 --- [hotel_rest_tp3] [           main] o.h.boot.model.internal.PropertyBinder   : Building property reservation
2025-01-16T00:10:30.688+01:00 DEBUG 36632 --- [hotel_rest_tp3] [           main] o.h.b.r.c.i.ClassLoaderServiceImpl       : HHH000194: Package not found or no package-info.java: hotel.rest.models
2025-01-16T00:10:30.689+01:00 DEBUG 36632 --- [hotel_rest_tp3] [           main] o.h.boot.model.internal.EntityBinder     : Binding entity from annotated class: hotel.rest.models.Reservation
2025-01-16T00:10:30.689+01:00 DEBUG 36632 --- [hotel_rest_tp3] [           main] o.h.boot.model.internal.EntityBinder     : Import with entity name Reservation
2025-01-16T00:10:30.689+01:00 DEBUG 36632 --- [hotel_rest_tp3] [           main] o.h.boot.model.internal.EntityBinder     : Bind entity hotel.rest.models.Reservation on table reservation
2025-01-16T00:10:30.689+01:00 DEBUG 36632 --- [hotel_rest_tp3] [           main] o.h.boot.model.internal.AnnotatedColumn  : Binding column: AnnotatedDiscriminatorColumn(column='DTYPE')
2025-01-16T00:10:30.691+01:00 DEBUG 36632 --- [hotel_rest_tp3] [           main] o.h.boot.model.internal.AnnotatedColumn  : Binding column: AnnotatedColumn()
2025-01-16T00:10:30.692+01:00 DEBUG 36632 --- [hotel_rest_tp3] [           main] o.h.boot.internal.ClassLoaderAccessImpl  : Not known whether passed class name [hotel.rest.models.Reservation] is safe
2025-01-16T00:10:30.692+01:00 DEBUG 36632 --- [hotel_rest_tp3] [           main] o.h.boot.internal.ClassLoaderAccessImpl  : No temp ClassLoader provided; using live ClassLoader for loading potentially unsafe class : hotel.rest.models.Reservation
2025-01-16T00:10:30.692+01:00 DEBUG 36632 --- [hotel_rest_tp3] [           main] o.h.boot.model.internal.PropertyBinder   : MetadataSourceProcessor property numeroReservation with lazy=false
2025-01-16T00:10:30.692+01:00 DEBUG 36632 --- [hotel_rest_tp3] [           main] o.h.b.m.internal.AbstractPropertyHolder  : Attempting to locate auto-apply AttributeConverter for property [hotel.rest.models.Reservation:numeroReservation]
2025-01-16T00:10:30.693+01:00 DEBUG 36632 --- [hotel_rest_tp3] [           main] o.h.b.model.internal.BasicValueBinder    : building BasicValue for numeroReservation
2025-01-16T00:10:30.693+01:00 DEBUG 36632 --- [hotel_rest_tp3] [           main] org.hibernate.mapping.BasicValue         : Skipping column re-registration: reservation.numero_reservation
2025-01-16T00:10:30.693+01:00 DEBUG 36632 --- [hotel_rest_tp3] [           main] o.h.boot.model.internal.PropertyBinder   : Building property numeroReservation
2025-01-16T00:10:30.694+01:00 DEBUG 36632 --- [hotel_rest_tp3] [           main] o.h.boot.model.internal.BinderHelper     : #makeIdGenerator(BasicValue([Column(numero_reservation)]), numeroReservation, org.hibernate.id.enhanced.SequenceStyleGenerator, , ...)
2025-01-16T00:10:30.694+01:00 DEBUG 36632 --- [hotel_rest_tp3] [           main] o.h.boot.model.internal.AnnotatedColumn  : Binding column: AnnotatedJoinColumn(column='chambre_id')
2025-01-16T00:10:30.695+01:00 DEBUG 36632 --- [hotel_rest_tp3] [           main] o.h.boot.model.internal.AnnotatedColumn  : Binding column: AnnotatedColumn()
2025-01-16T00:10:30.696+01:00 DEBUG 36632 --- [hotel_rest_tp3] [           main] o.h.boot.model.internal.PropertyBinder   : Building property chambreReservee
2025-01-16T00:10:30.696+01:00 DEBUG 36632 --- [hotel_rest_tp3] [           main] o.h.boot.model.internal.AnnotatedColumn  : Binding column: AnnotatedJoinColumn(column='personne_id')
2025-01-16T00:10:30.697+01:00 DEBUG 36632 --- [hotel_rest_tp3] [           main] o.h.boot.model.internal.AnnotatedColumn  : Binding column: AnnotatedColumn()
2025-01-16T00:10:30.697+01:00 DEBUG 36632 --- [hotel_rest_tp3] [           main] o.h.boot.model.internal.PropertyBinder   : Building property client
2025-01-16T00:10:30.698+01:00 DEBUG 36632 --- [hotel_rest_tp3] [           main] o.h.boot.model.internal.AnnotatedColumn  : Binding column: AnnotatedColumn()
2025-01-16T00:10:30.698+01:00 DEBUG 36632 --- [hotel_rest_tp3] [           main] o.h.boot.model.internal.PropertyBinder   : MetadataSourceProcessor property dateEntree with lazy=false
2025-01-16T00:10:30.698+01:00 DEBUG 36632 --- [hotel_rest_tp3] [           main] o.h.b.m.internal.AbstractPropertyHolder  : Attempting to locate auto-apply AttributeConverter for property [hotel.rest.models.Reservation:dateEntree]
2025-01-16T00:10:30.699+01:00 DEBUG 36632 --- [hotel_rest_tp3] [           main] o.h.b.model.internal.BasicValueBinder    : building BasicValue for dateEntree
2025-01-16T00:10:30.699+01:00 DEBUG 36632 --- [hotel_rest_tp3] [           main] org.hibernate.mapping.BasicValue         : Skipping column re-registration: reservation.date_entree
2025-01-16T00:10:30.700+01:00 DEBUG 36632 --- [hotel_rest_tp3] [           main] o.h.boot.model.internal.PropertyBinder   : Building property dateEntree
2025-01-16T00:10:30.700+01:00 DEBUG 36632 --- [hotel_rest_tp3] [           main] o.h.boot.model.internal.AnnotatedColumn  : Binding column: AnnotatedColumn()
2025-01-16T00:10:30.701+01:00 DEBUG 36632 --- [hotel_rest_tp3] [           main] o.h.boot.model.internal.PropertyBinder   : MetadataSourceProcessor property dateReservee with lazy=false
2025-01-16T00:10:30.701+01:00 DEBUG 36632 --- [hotel_rest_tp3] [           main] o.h.b.m.internal.AbstractPropertyHolder  : Attempting to locate auto-apply AttributeConverter for property [hotel.rest.models.Reservation:dateReservee]
2025-01-16T00:10:30.701+01:00 DEBUG 36632 --- [hotel_rest_tp3] [           main] o.h.b.model.internal.BasicValueBinder    : building BasicValue for dateReservee
2025-01-16T00:10:30.701+01:00 DEBUG 36632 --- [hotel_rest_tp3] [           main] org.hibernate.mapping.BasicValue         : Skipping column re-registration: reservation.date_reservee
2025-01-16T00:10:30.701+01:00 DEBUG 36632 --- [hotel_rest_tp3] [           main] o.h.boot.model.internal.PropertyBinder   : Building property dateReservee
2025-01-16T00:10:30.702+01:00 DEBUG 36632 --- [hotel_rest_tp3] [           main] o.h.boot.model.internal.AnnotatedColumn  : Binding column: AnnotatedColumn()
2025-01-16T00:10:30.702+01:00 DEBUG 36632 --- [hotel_rest_tp3] [           main] o.h.boot.model.internal.PropertyBinder   : MetadataSourceProcessor property dateSortie with lazy=false
2025-01-16T00:10:30.702+01:00 DEBUG 36632 --- [hotel_rest_tp3] [           main] o.h.b.m.internal.AbstractPropertyHolder  : Attempting to locate auto-apply AttributeConverter for property [hotel.rest.models.Reservation:dateSortie]
2025-01-16T00:10:30.702+01:00 DEBUG 36632 --- [hotel_rest_tp3] [           main] o.h.b.model.internal.BasicValueBinder    : building BasicValue for dateSortie
2025-01-16T00:10:30.702+01:00 DEBUG 36632 --- [hotel_rest_tp3] [           main] org.hibernate.mapping.BasicValue         : Skipping column re-registration: reservation.date_sortie
2025-01-16T00:10:30.702+01:00 DEBUG 36632 --- [hotel_rest_tp3] [           main] o.h.boot.model.internal.PropertyBinder   : Building property dateSortie
2025-01-16T00:10:30.723+01:00 DEBUG 36632 --- [hotel_rest_tp3] [           main] o.h.b.r.c.i.ClassLoaderServiceImpl       : HHH000194: Package not found or no package-info.java: hotel.rest.models
2025-01-16T00:10:30.743+01:00 DEBUG 36632 --- [hotel_rest_tp3] [           main] o.h.b.model.internal.BasicValueBinder    : Starting `BasicValueBinder#fillSimpleValue` for id
2025-01-16T00:10:30.743+01:00 DEBUG 36632 --- [hotel_rest_tp3] [           main] o.h.b.model.internal.BasicValueBinder    : Starting `BasicValueBinder#fillSimpleValue` for codePostal
2025-01-16T00:10:30.754+01:00 DEBUG 36632 --- [hotel_rest_tp3] [           main] o.h.b.model.internal.BasicValueBinder    : Starting `BasicValueBinder#fillSimpleValue` for numero
2025-01-16T00:10:30.754+01:00 DEBUG 36632 --- [hotel_rest_tp3] [           main] o.h.b.model.internal.BasicValueBinder    : Starting `BasicValueBinder#fillSimpleValue` for pays
2025-01-16T00:10:30.754+01:00 DEBUG 36632 --- [hotel_rest_tp3] [           main] o.h.b.model.internal.BasicValueBinder    : Starting `BasicValueBinder#fillSimpleValue` for rue
2025-01-16T00:10:30.754+01:00 DEBUG 36632 --- [hotel_rest_tp3] [           main] o.h.b.model.internal.BasicValueBinder    : Starting `BasicValueBinder#fillSimpleValue` for ville
2025-01-16T00:10:30.754+01:00 DEBUG 36632 --- [hotel_rest_tp3] [           main] o.h.b.model.internal.BasicValueBinder    : Starting `BasicValueBinder#fillSimpleValue` for id
2025-01-16T00:10:30.754+01:00 DEBUG 36632 --- [hotel_rest_tp3] [           main] o.h.b.model.internal.BasicValueBinder    : Starting `BasicValueBinder#fillSimpleValue` for dateReservee
2025-01-16T00:10:30.754+01:00 DEBUG 36632 --- [hotel_rest_tp3] [           main] o.h.b.model.internal.BasicValueBinder    : Starting `BasicValueBinder#fillSimpleValue` for nombreLit
2025-01-16T00:10:30.754+01:00 DEBUG 36632 --- [hotel_rest_tp3] [           main] o.h.b.model.internal.BasicValueBinder    : Starting `BasicValueBinder#fillSimpleValue` for prix
2025-01-16T00:10:30.754+01:00 DEBUG 36632 --- [hotel_rest_tp3] [           main] o.h.b.model.internal.BasicValueBinder    : Starting `BasicValueBinder#fillSimpleValue` for typeChambre
2025-01-16T00:10:30.766+01:00 DEBUG 36632 --- [hotel_rest_tp3] [           main] o.h.b.model.internal.BasicValueBinder    : Starting `BasicValueBinder#fillSimpleValue` for id
2025-01-16T00:10:30.766+01:00 DEBUG 36632 --- [hotel_rest_tp3] [           main] o.h.b.model.internal.BasicValueBinder    : Starting `BasicValueBinder#fillSimpleValue` for nom
2025-01-16T00:10:30.766+01:00 DEBUG 36632 --- [hotel_rest_tp3] [           main] o.h.b.model.internal.BasicValueBinder    : Starting `BasicValueBinder#fillSimpleValue` for nombreEtoile
2025-01-16T00:10:30.766+01:00 DEBUG 36632 --- [hotel_rest_tp3] [           main] o.h.b.model.internal.BasicValueBinder    : Starting `BasicValueBinder#fillSimpleValue` for id
2025-01-16T00:10:30.766+01:00 DEBUG 36632 --- [hotel_rest_tp3] [           main] o.h.b.model.internal.BasicValueBinder    : Starting `BasicValueBinder#fillSimpleValue` for age
2025-01-16T00:10:30.766+01:00 DEBUG 36632 --- [hotel_rest_tp3] [           main] o.h.b.model.internal.BasicValueBinder    : Starting `BasicValueBinder#fillSimpleValue` for nationalite
2025-01-16T00:10:30.766+01:00 DEBUG 36632 --- [hotel_rest_tp3] [           main] o.h.b.model.internal.BasicValueBinder    : Starting `BasicValueBinder#fillSimpleValue` for nom
2025-01-16T00:10:30.766+01:00 DEBUG 36632 --- [hotel_rest_tp3] [           main] o.h.b.model.internal.BasicValueBinder    : Starting `BasicValueBinder#fillSimpleValue` for prenom
2025-01-16T00:10:30.766+01:00 DEBUG 36632 --- [hotel_rest_tp3] [           main] o.h.b.model.internal.BasicValueBinder    : Starting `BasicValueBinder#fillSimpleValue` for numeroReservation
2025-01-16T00:10:30.766+01:00 DEBUG 36632 --- [hotel_rest_tp3] [           main] o.h.b.model.internal.BasicValueBinder    : Starting `BasicValueBinder#fillSimpleValue` for dateEntree
2025-01-16T00:10:30.766+01:00 DEBUG 36632 --- [hotel_rest_tp3] [           main] o.h.b.model.internal.BasicValueBinder    : Starting `BasicValueBinder#fillSimpleValue` for dateReservee
2025-01-16T00:10:30.766+01:00 DEBUG 36632 --- [hotel_rest_tp3] [           main] o.h.b.model.internal.BasicValueBinder    : Starting `BasicValueBinder#fillSimpleValue` for dateSortie
2025-01-16T00:10:30.808+01:00 DEBUG 36632 --- [hotel_rest_tp3] [           main] org.hibernate.mapping.PrimaryKey         : Forcing column [id] to be non-null as it is part of the primary key for table [adresse]
2025-01-16T00:10:30.808+01:00 DEBUG 36632 --- [hotel_rest_tp3] [           main] org.hibernate.mapping.PrimaryKey         : Forcing column [id] to be non-null as it is part of the primary key for table [chambre]
2025-01-16T00:10:30.808+01:00 DEBUG 36632 --- [hotel_rest_tp3] [           main] org.hibernate.mapping.PrimaryKey         : Forcing column [id] to be non-null as it is part of the primary key for table [hotel]
2025-01-16T00:10:30.809+01:00 DEBUG 36632 --- [hotel_rest_tp3] [           main] org.hibernate.mapping.PrimaryKey         : Forcing column [id] to be non-null as it is part of the primary key for table [personne]
2025-01-16T00:10:30.809+01:00 DEBUG 36632 --- [hotel_rest_tp3] [           main] org.hibernate.mapping.PrimaryKey         : Forcing column [numero_reservation] to be non-null as it is part of the primary key for table [reservation]
2025-01-16T00:10:30.810+01:00 DEBUG 36632 --- [hotel_rest_tp3] [           main] o.h.b.m.internal.CollectionSecondPass    : Second pass for collection: hotel.rest.models.Hotel.listeChambre
2025-01-16T00:10:30.810+01:00 DEBUG 36632 --- [hotel_rest_tp3] [           main] o.h.b.model.internal.CollectionBinder    : Binding a OneToMany: hotel.rest.models.Hotel.listeChambre through a foreign key
2025-01-16T00:10:30.823+01:00 DEBUG 36632 --- [hotel_rest_tp3] [           main] o.h.b.model.internal.CollectionBinder    : Mapping collection: hotel.rest.models.Hotel.listeChambre -> chambre
2025-01-16T00:10:30.834+01:00 DEBUG 36632 --- [hotel_rest_tp3] [           main] o.h.b.m.internal.CollectionSecondPass    : Mapped collection key: chambre_id, one-to-many: hotel.rest.models.Chambre
2025-01-16T00:10:30.835+01:00 DEBUG 36632 --- [hotel_rest_tp3] [           main] o.h.b.m.internal.CollectionSecondPass    : Second pass for collection: hotel.rest.models.Chambre.reservation
2025-01-16T00:10:30.835+01:00 DEBUG 36632 --- [hotel_rest_tp3] [           main] o.h.b.model.internal.CollectionBinder    : Binding a OneToMany: hotel.rest.models.Chambre.reservation through a foreign key
2025-01-16T00:10:30.835+01:00 DEBUG 36632 --- [hotel_rest_tp3] [           main] o.h.b.model.internal.CollectionBinder    : Mapping collection: hotel.rest.models.Chambre.reservation -> reservation
2025-01-16T00:10:30.835+01:00 DEBUG 36632 --- [hotel_rest_tp3] [           main] o.h.b.m.internal.CollectionSecondPass    : Mapped collection key: reservation_id, one-to-many: hotel.rest.models.Reservation
2025-01-16T00:10:30.913+01:00 DEBUG 36632 --- [hotel_rest_tp3] [           main] org.hibernate.type.BasicTypeRegistry     : BasicTypeRegistry registration overwritten (ARRAY + org.hibernate.type.descriptor.java.spi.BasicCollectionJavaType@1df06ecd); previous =`org.hibernate.type.BasicCollectionType@fd69983`
2025-01-16T00:10:30.913+01:00 DEBUG 36632 --- [hotel_rest_tp3] [           main] org.hibernate.type.BasicTypeRegistry     : Adding type registration List<LocalDate> -> org.hibernate.type.BasicCollectionType@fd69983
2025-01-16T00:10:30.913+01:00 DEBUG 36632 --- [hotel_rest_tp3] [           main] org.hibernate.type.BasicTypeRegistry     : Adding type registration java.util.List<java.time.LocalDate> -> org.hibernate.type.BasicCollectionType@fd69983
2025-01-16T00:10:30.941+01:00 DEBUG 36632 --- [hotel_rest_tp3] [           main] org.hibernate.type.BasicTypeRegistry     : BasicTypeRegistry registration overwritten (ARRAY + org.hibernate.type.descriptor.java.spi.BasicCollectionJavaType@1df06ecd); previous =`org.hibernate.type.BasicCollectionType@fd69983`
2025-01-16T00:10:30.942+01:00 DEBUG 36632 --- [hotel_rest_tp3] [           main] org.hibernate.type.BasicTypeRegistry     : Adding type registration List<LocalDate> -> org.hibernate.type.BasicCollectionType@fd69983
2025-01-16T00:10:30.942+01:00 DEBUG 36632 --- [hotel_rest_tp3] [           main] org.hibernate.type.BasicTypeRegistry     : Adding type registration java.util.List<java.time.LocalDate> -> org.hibernate.type.BasicCollectionType@fd69983
2025-01-16T00:10:31.229+01:00 DEBUG 36632 --- [hotel_rest_tp3] [           main] o.hibernate.internal.SessionFactoryImpl  : Building session factory
2025-01-16T00:10:31.543+01:00 DEBUG 36632 --- [hotel_rest_tp3] [           main] .h.s.i.SessionFactoryServiceRegistryImpl : EventListenerRegistry access via ServiceRegistry is deprecated.  Use `sessionFactory.getEventEngine().getListenerRegistry()` instead
2025-01-16T00:10:31.544+01:00 DEBUG 36632 --- [hotel_rest_tp3] [           main] o.hibernate.internal.SessionFactoryImpl  : Instantiating SessionFactory with settings: {java.specification.version=21, hibernate.resource.beans.container=org.springframework.orm.hibernate5.SpringBeanContainer@55f6f965, hibernate.connection.handling_mode=DELAYED_ACQUISITION_AND_HOLD, sun.jnu.encoding=UTF-8, hibernate.dialect=org.hibernate.dialect.H2Dialect, hibernate.implicit_naming_strategy=org.springframework.boot.orm.jpa.hibernate.SpringImplicitNamingStrategy, java.class.path=/mnt/c/Users/Miguel/git/hotel_rest_tp3/target/test-classes:/mnt/c/Users/Miguel/git/hotel_rest_tp3/target/classes:/home/miguel/.m2/repository/org/springframework/boot/spring-boot-starter-data-jpa/3.4.1/spring-boot-starter-data-jpa-3.4.1.jar:/home/miguel/.m2/repository/org/springframework/boot/spring-boot-starter/3.4.1/spring-boot-starter-3.4.1.jar:/home/miguel/.m2/repository/org/springframework/boot/spring-boot/3.4.1/spring-boot-3.4.1.jar:/home/miguel/.m2/repository/org/springframework/boot/spring-boot-autoconfigure/3.4.1/spring-boot-autoconfigure-3.4.1.jar:/home/miguel/.m2/repository/org/springframework/boot/spring-boot-starter-logging/3.4.1/spring-boot-starter-logging-3.4.1.jar:/home/miguel/.m2/repository/ch/qos/logback/logback-classic/1.5.12/logback-classic-1.5.12.jar:/home/miguel/.m2/repository/ch/qos/logback/logback-core/1.5.12/logback-core-1.5.12.jar:/home/miguel/.m2/repository/org/apache/logging/log4j/log4j-to-slf4j/2.24.3/log4j-to-slf4j-2.24.3.jar:/home/miguel/.m2/repository/org/apache/logging/log4j/log4j-api/2.24.3/log4j-api-2.24.3.jar:/home/miguel/.m2/repository/org/slf4j/jul-to-slf4j/2.0.16/jul-to-slf4j-2.0.16.jar:/home/miguel/.m2/repository/jakarta/annotation/jakarta.annotation-api/2.1.1/jakarta.annotation-api-2.1.1.jar:/home/miguel/.m2/repository/org/yaml/snakeyaml/2.3/snakeyaml-2.3.jar:/home/miguel/.m2/repository/org/springframework/boot/spring-boot-starter-jdbc/3.4.1/spring-boot-starter-jdbc-3.4.1.jar:/home/miguel/.m2/repository/com/zaxxer/HikariCP/5.1.0/HikariCP-5.1.0.jar:/home/miguel/.m2/repository/org/springframework/spring-jdbc/6.2.1/spring-jdbc-6.2.1.jar:/home/miguel/.m2/repository/org/hibernate/orm/hibernate-core/6.6.4.Final/hibernate-core-6.6.4.Final.jar:/home/miguel/.m2/repository/jakarta/persistence/jakarta.persistence-api/3.1.0/jakarta.persistence-api-3.1.0.jar:/home/miguel/.m2/repository/jakarta/transaction/jakarta.transaction-api/2.0.1/jakarta.transaction-api-2.0.1.jar:/home/miguel/.m2/repository/org/jboss/logging/jboss-logging/3.6.1.Final/jboss-logging-3.6.1.Final.jar:/home/miguel/.m2/repository/org/hibernate/common/hibernate-commons-annotations/7.0.3.Final/hibernate-commons-annotations-7.0.3.Final.jar:/home/miguel/.m2/repository/io/smallrye/jandex/3.2.0/jandex-3.2.0.jar:/home/miguel/.m2/repository/com/fasterxml/classmate/1.7.0/classmate-1.7.0.jar:/home/miguel/.m2/repository/net/bytebuddy/byte-buddy/1.15.11/byte-buddy-1.15.11.jar:/home/miguel/.m2/repository/org/glassfish/jaxb/jaxb-runtime/4.0.5/jaxb-runtime-4.0.5.jar:/home/miguel/.m2/repository/org/glassfish/jaxb/jaxb-core/4.0.5/jaxb-core-4.0.5.jar:/home/miguel/.m2/repository/org/eclipse/angus/angus-activation/2.0.2/angus-activation-2.0.2.jar:/home/miguel/.m2/repository/org/glassfish/jaxb/txw2/4.0.5/txw2-4.0.5.jar:/home/miguel/.m2/repository/com/sun/istack/istack-commons-runtime/4.1.2/istack-commons-runtime-4.1.2.jar:/home/miguel/.m2/repository/jakarta/inject/jakarta.inject-api/2.0.1/jakarta.inject-api-2.0.1.jar:/home/miguel/.m2/repository/org/antlr/antlr4-runtime/4.13.0/antlr4-runtime-4.13.0.jar:/home/miguel/.m2/repository/org/springframework/data/spring-data-jpa/3.4.1/spring-data-jpa-3.4.1.jar:/home/miguel/.m2/repository/org/springframework/data/spring-data-commons/3.4.1/spring-data-commons-3.4.1.jar:/home/miguel/.m2/repository/org/springframework/spring-orm/6.2.1/spring-orm-6.2.1.jar:/home/miguel/.m2/repository/org/springframework/spring-context/6.2.1/spring-context-6.2.1.jar:/home/miguel/.m2/repository/org/springframework/spring-aop/6.2.1/spring-aop-6.2.1.jar:/home/miguel/.m2/repository/org/springframework/spring-tx/6.2.1/spring-tx-6.2.1.jar:/home/miguel/.m2/repository/org/springframework/spring-beans/6.2.1/spring-beans-6.2.1.jar:/home/miguel/.m2/repository/org/slf4j/slf4j-api/2.0.16/slf4j-api-2.0.16.jar:/home/miguel/.m2/repository/org/springframework/spring-aspects/6.2.1/spring-aspects-6.2.1.jar:/home/miguel/.m2/repository/org/aspectj/aspectjweaver/1.9.22.1/aspectjweaver-1.9.22.1.jar:/home/miguel/.m2/repository/org/springframework/boot/spring-boot-starter-web/3.4.1/spring-boot-starter-web-3.4.1.jar:/home/miguel/.m2/repository/org/springframework/boot/spring-boot-starter-json/3.4.1/spring-boot-starter-json-3.4.1.jar:/home/miguel/.m2/repository/com/fasterxml/jackson/core/jackson-databind/2.18.2/jackson-databind-2.18.2.jar:/home/miguel/.m2/repository/com/fasterxml/jackson/core/jackson-annotations/2.18.2/jackson-annotations-2.18.2.jar:/home/miguel/.m2/repository/com/fasterxml/jackson/core/jackson-core/2.18.2/jackson-core-2.18.2.jar:/home/miguel/.m2/repository/com/fasterxml/jackson/datatype/jackson-datatype-jdk8/2.18.2/jackson-datatype-jdk8-2.18.2.jar:/home/miguel/.m2/repository/com/fasterxml/jackson/datatype/jackson-datatype-jsr310/2.18.2/jackson-datatype-jsr310-2.18.2.jar:/home/miguel/.m2/repository/com/fasterxml/jackson/module/jackson-module-parameter-names/2.18.2/jackson-module-parameter-names-2.18.2.jar:/home/miguel/.m2/repository/org/springframework/boot/spring-boot-starter-tomcat/3.4.1/spring-boot-starter-tomcat-3.4.1.jar:/home/miguel/.m2/repository/org/apache/tomcat/embed/tomcat-embed-core/10.1.34/tomcat-embed-core-10.1.34.jar:/home/miguel/.m2/repository/org/apache/tomcat/embed/tomcat-embed-el/10.1.34/tomcat-embed-el-10.1.34.jar:/home/miguel/.m2/repository/org/apache/tomcat/embed/tomcat-embed-websocket/10.1.34/tomcat-embed-websocket-10.1.34.jar:/home/miguel/.m2/repository/org/springframework/spring-web/6.2.1/spring-web-6.2.1.jar:/home/miguel/.m2/repository/io/micrometer/micrometer-observation/1.14.2/micrometer-observation-1.14.2.jar:/home/miguel/.m2/repository/io/micrometer/micrometer-commons/1.14.2/micrometer-commons-1.14.2.jar:/home/miguel/.m2/repository/org/springframework/spring-webmvc/6.2.1/spring-webmvc-6.2.1.jar:/home/miguel/.m2/repository/org/springframework/spring-expression/6.2.1/spring-expression-6.2.1.jar:/home/miguel/.m2/repository/com/h2database/h2/2.3.232/h2-2.3.232.jar:/home/miguel/.m2/repository/org/springframework/boot/spring-boot-starter-test/3.4.1/spring-boot-starter-test-3.4.1.jar:/home/miguel/.m2/repository/org/springframework/boot/spring-boot-test/3.4.1/spring-boot-test-3.4.1.jar:/home/miguel/.m2/repository/org/springframework/boot/spring-boot-test-autoconfigure/3.4.1/spring-boot-test-autoconfigure-3.4.1.jar:/home/miguel/.m2/repository/com/jayway/jsonpath/json-path/2.9.0/json-path-2.9.0.jar:/home/miguel/.m2/repository/jakarta/xml/bind/jakarta.xml.bind-api/4.0.2/jakarta.xml.bind-api-4.0.2.jar:/home/miguel/.m2/repository/jakarta/activation/jakarta.activation-api/2.1.3/jakarta.activation-api-2.1.3.jar:/home/miguel/.m2/repository/net/minidev/json-smart/2.5.1/json-smart-2.5.1.jar:/home/miguel/.m2/repository/net/minidev/accessors-smart/2.5.1/accessors-smart-2.5.1.jar:/home/miguel/.m2/repository/org/ow2/asm/asm/9.6/asm-9.6.jar:/home/miguel/.m2/repository/org/assertj/assertj-core/3.26.3/assertj-core-3.26.3.jar:/home/miguel/.m2/repository/org/awaitility/awaitility/4.2.2/awaitility-4.2.2.jar:/home/miguel/.m2/repository/org/hamcrest/hamcrest/2.2/hamcrest-2.2.jar:/home/miguel/.m2/repository/org/junit/jupiter/junit-jupiter/5.11.4/junit-jupiter-5.11.4.jar:/home/miguel/.m2/repository/org/junit/jupiter/junit-jupiter-api/5.11.4/junit-jupiter-api-5.11.4.jar:/home/miguel/.m2/repository/org/opentest4j/opentest4j/1.3.0/opentest4j-1.3.0.jar:/home/miguel/.m2/repository/org/junit/platform/junit-platform-commons/1.11.4/junit-platform-commons-1.11.4.jar:/home/miguel/.m2/repository/org/apiguardian/apiguardian-api/1.1.2/apiguardian-api-1.1.2.jar:/home/miguel/.m2/repository/org/junit/jupiter/junit-jupiter-params/5.11.4/junit-jupiter-params-5.11.4.jar:/home/miguel/.m2/repository/org/junit/jupiter/junit-jupiter-engine/5.11.4/junit-jupiter-engine-5.11.4.jar:/home/miguel/.m2/repository/org/junit/platform/junit-platform-engine/1.11.4/junit-platform-engine-1.11.4.jar:/home/miguel/.m2/repository/org/mockito/mockito-core/5.14.2/mockito-core-5.14.2.jar:/home/miguel/.m2/repository/net/bytebuddy/byte-buddy-agent/1.15.11/byte-buddy-agent-1.15.11.jar:/home/miguel/.m2/repository/org/objenesis/objenesis/3.3/objenesis-3.3.jar:/home/miguel/.m2/repository/org/mockito/mockito-junit-jupiter/5.14.2/mockito-junit-jupiter-5.14.2.jar:/home/miguel/.m2/repository/org/skyscreamer/jsonassert/1.5.3/jsonassert-1.5.3.jar:/home/miguel/.m2/repository/com/vaadin/external/google/android-json/0.0.20131108.vaadin1/android-json-0.0.20131108.vaadin1.jar:/home/miguel/.m2/repository/org/springframework/spring-core/6.2.1/spring-core-6.2.1.jar:/home/miguel/.m2/repository/org/springframework/spring-jcl/6.2.1/spring-jcl-6.2.1.jar:/home/miguel/.m2/repository/org/springframework/spring-test/6.2.1/spring-test-6.2.1.jar:/home/miguel/.m2/repository/org/xmlunit/xmlunit-core/2.10.0/xmlunit-core-2.10.0.jar:/home/miguel/.m2/repository/org/springdoc/springdoc-openapi-starter-webmvc-ui/2.2.0/springdoc-openapi-starter-webmvc-ui-2.2.0.jar:/home/miguel/.m2/repository/org/springdoc/springdoc-openapi-starter-webmvc-api/2.2.0/springdoc-openapi-starter-webmvc-api-2.2.0.jar:/home/miguel/.m2/repository/org/springdoc/springdoc-openapi-starter-common/2.2.0/springdoc-openapi-starter-common-2.2.0.jar:/home/miguel/.m2/repository/io/swagger/core/v3/swagger-core-jakarta/2.2.15/swagger-core-jakarta-2.2.15.jar:/home/miguel/.m2/repository/org/apache/commons/commons-lang3/3.17.0/commons-lang3-3.17.0.jar:/home/miguel/.m2/repository/io/swagger/core/v3/swagger-annotations-jakarta/2.2.15/swagger-annotations-jakarta-2.2.15.jar:/home/miguel/.m2/repository/io/swagger/core/v3/swagger-models-jakarta/2.2.15/swagger-models-jakarta-2.2.15.jar:/home/miguel/.m2/repository/jakarta/validation/jakarta.validation-api/3.0.2/jakarta.validation-api-3.0.2.jar:/home/miguel/.m2/repository/com/fasterxml/jackson/dataformat/jackson-dataformat-yaml/2.18.2/jackson-dataformat-yaml-2.18.2.jar:/home/miguel/.m2/repository/org/webjars/swagger-ui/5.2.0/swagger-ui-5.2.0.jar:, java.vm.vendor=Ubuntu, sun.arch.data.model=64, java.vendor.url=https://ubuntu.com/, user.timezone=Europe/Paris, jakarta.persistence.sharedCache.mode=UNSPECIFIED, org.jboss.logging.provider=slf4j, java.vm.specification.version=21, os.name=Linux, APPLICATION_NAME=hotel_rest_tp3, jakarta.persistence.nonJtaDataSource=HikariDataSource (HikariPool-1), sun.java.launcher=SUN_STANDARD, sun.boot.library.path=/usr/lib/jvm/java-21-openjdk-amd64/lib, sun.java.command=/mnt/c/Users/Miguel/git/hotel_rest_tp3/target/surefire/surefirebooter-20250116001014629_3.jar /mnt/c/Users/Miguel/git/hotel_rest_tp3/target/surefire 2025-01-16T00-10-14_458-jvmRun1 surefire-20250116001014629_1tmp surefire_0-20250116001014629_2tmp, javax.persistence.nonJtaDataSource=HikariDataSource (HikariPool-1), hibernate.transaction.jta.platform=org.hibernate.engine.transaction.jta.platform.internal.NoJtaPlatform@40ddf339, jdk.debug=release, surefire.test.class.path=/mnt/c/Users/Miguel/git/hotel_rest_tp3/target/test-classes:/mnt/c/Users/Miguel/git/hotel_rest_tp3/target/classes:/home/miguel/.m2/repository/org/springframework/boot/spring-boot-starter-data-jpa/3.4.1/spring-boot-starter-data-jpa-3.4.1.jar:/home/miguel/.m2/repository/org/springframework/boot/spring-boot-starter/3.4.1/spring-boot-starter-3.4.1.jar:/home/miguel/.m2/repository/org/springframework/boot/spring-boot/3.4.1/spring-boot-3.4.1.jar:/home/miguel/.m2/repository/org/springframework/boot/spring-boot-autoconfigure/3.4.1/spring-boot-autoconfigure-3.4.1.jar:/home/miguel/.m2/repository/org/springframework/boot/spring-boot-starter-logging/3.4.1/spring-boot-starter-logging-3.4.1.jar:/home/miguel/.m2/repository/ch/qos/logback/logback-classic/1.5.12/logback-classic-1.5.12.jar:/home/miguel/.m2/repository/ch/qos/logback/logback-core/1.5.12/logback-core-1.5.12.jar:/home/miguel/.m2/repository/org/apache/logging/log4j/log4j-to-slf4j/2.24.3/log4j-to-slf4j-2.24.3.jar:/home/miguel/.m2/repository/org/apache/logging/log4j/log4j-api/2.24.3/log4j-api-2.24.3.jar:/home/miguel/.m2/repository/org/slf4j/jul-to-slf4j/2.0.16/jul-to-slf4j-2.0.16.jar:/home/miguel/.m2/repository/jakarta/annotation/jakarta.annotation-api/2.1.1/jakarta.annotation-api-2.1.1.jar:/home/miguel/.m2/repository/org/yaml/snakeyaml/2.3/snakeyaml-2.3.jar:/home/miguel/.m2/repository/org/springframework/boot/spring-boot-starter-jdbc/3.4.1/spring-boot-starter-jdbc-3.4.1.jar:/home/miguel/.m2/repository/com/zaxxer/HikariCP/5.1.0/HikariCP-5.1.0.jar:/home/miguel/.m2/repository/org/springframework/spring-jdbc/6.2.1/spring-jdbc-6.2.1.jar:/home/miguel/.m2/repository/org/hibernate/orm/hibernate-core/6.6.4.Final/hibernate-core-6.6.4.Final.jar:/home/miguel/.m2/repository/jakarta/persistence/jakarta.persistence-api/3.1.0/jakarta.persistence-api-3.1.0.jar:/home/miguel/.m2/repository/jakarta/transaction/jakarta.transaction-api/2.0.1/jakarta.transaction-api-2.0.1.jar:/home/miguel/.m2/repository/org/jboss/logging/jboss-logging/3.6.1.Final/jboss-logging-3.6.1.Final.jar:/home/miguel/.m2/repository/org/hibernate/common/hibernate-commons-annotations/7.0.3.Final/hibernate-commons-annotations-7.0.3.Final.jar:/home/miguel/.m2/repository/io/smallrye/jandex/3.2.0/jandex-3.2.0.jar:/home/miguel/.m2/repository/com/fasterxml/classmate/1.7.0/classmate-1.7.0.jar:/home/miguel/.m2/repository/net/bytebuddy/byte-buddy/1.15.11/byte-buddy-1.15.11.jar:/home/miguel/.m2/repository/org/glassfish/jaxb/jaxb-runtime/4.0.5/jaxb-runtime-4.0.5.jar:/home/miguel/.m2/repository/org/glassfish/jaxb/jaxb-core/4.0.5/jaxb-core-4.0.5.jar:/home/miguel/.m2/repository/org/eclipse/angus/angus-activation/2.0.2/angus-activation-2.0.2.jar:/home/miguel/.m2/repository/org/glassfish/jaxb/txw2/4.0.5/txw2-4.0.5.jar:/home/miguel/.m2/repository/com/sun/istack/istack-commons-runtime/4.1.2/istack-commons-runtime-4.1.2.jar:/home/miguel/.m2/repository/jakarta/inject/jakarta.inject-api/2.0.1/jakarta.inject-api-2.0.1.jar:/home/miguel/.m2/repository/org/antlr/antlr4-runtime/4.13.0/antlr4-runtime-4.13.0.jar:/home/miguel/.m2/repository/org/springframework/data/spring-data-jpa/3.4.1/spring-data-jpa-3.4.1.jar:/home/miguel/.m2/repository/org/springframework/data/spring-data-commons/3.4.1/spring-data-commons-3.4.1.jar:/home/miguel/.m2/repository/org/springframework/spring-orm/6.2.1/spring-orm-6.2.1.jar:/home/miguel/.m2/repository/org/springframework/spring-context/6.2.1/spring-context-6.2.1.jar:/home/miguel/.m2/repository/org/springframework/spring-aop/6.2.1/spring-aop-6.2.1.jar:/home/miguel/.m2/repository/org/springframework/spring-tx/6.2.1/spring-tx-6.2.1.jar:/home/miguel/.m2/repository/org/springframework/spring-beans/6.2.1/spring-beans-6.2.1.jar:/home/miguel/.m2/repository/org/slf4j/slf4j-api/2.0.16/slf4j-api-2.0.16.jar:/home/miguel/.m2/repository/org/springframework/spring-aspects/6.2.1/spring-aspects-6.2.1.jar:/home/miguel/.m2/repository/org/aspectj/aspectjweaver/1.9.22.1/aspectjweaver-1.9.22.1.jar:/home/miguel/.m2/repository/org/springframework/boot/spring-boot-starter-web/3.4.1/spring-boot-starter-web-3.4.1.jar:/home/miguel/.m2/repository/org/springframework/boot/spring-boot-starter-json/3.4.1/spring-boot-starter-json-3.4.1.jar:/home/miguel/.m2/repository/com/fasterxml/jackson/core/jackson-databind/2.18.2/jackson-databind-2.18.2.jar:/home/miguel/.m2/repository/com/fasterxml/jackson/core/jackson-annotations/2.18.2/jackson-annotations-2.18.2.jar:/home/miguel/.m2/repository/com/fasterxml/jackson/core/jackson-core/2.18.2/jackson-core-2.18.2.jar:/home/miguel/.m2/repository/com/fasterxml/jackson/datatype/jackson-datatype-jdk8/2.18.2/jackson-datatype-jdk8-2.18.2.jar:/home/miguel/.m2/repository/com/fasterxml/jackson/datatype/jackson-datatype-jsr310/2.18.2/jackson-datatype-jsr310-2.18.2.jar:/home/miguel/.m2/repository/com/fasterxml/jackson/module/jackson-module-parameter-names/2.18.2/jackson-module-parameter-names-2.18.2.jar:/home/miguel/.m2/repository/org/springframework/boot/spring-boot-starter-tomcat/3.4.1/spring-boot-starter-tomcat-3.4.1.jar:/home/miguel/.m2/repository/org/apache/tomcat/embed/tomcat-embed-core/10.1.34/tomcat-embed-core-10.1.34.jar:/home/miguel/.m2/repository/org/apache/tomcat/embed/tomcat-embed-el/10.1.34/tomcat-embed-el-10.1.34.jar:/home/miguel/.m2/repository/org/apache/tomcat/embed/tomcat-embed-websocket/10.1.34/tomcat-embed-websocket-10.1.34.jar:/home/miguel/.m2/repository/org/springframework/spring-web/6.2.1/spring-web-6.2.1.jar:/home/miguel/.m2/repository/io/micrometer/micrometer-observation/1.14.2/micrometer-observation-1.14.2.jar:/home/miguel/.m2/repository/io/micrometer/micrometer-commons/1.14.2/micrometer-commons-1.14.2.jar:/home/miguel/.m2/repository/org/springframework/spring-webmvc/6.2.1/spring-webmvc-6.2.1.jar:/home/miguel/.m2/repository/org/springframework/spring-expression/6.2.1/spring-expression-6.2.1.jar:/home/miguel/.m2/repository/com/h2database/h2/2.3.232/h2-2.3.232.jar:/home/miguel/.m2/repository/org/springframework/boot/spring-boot-starter-test/3.4.1/spring-boot-starter-test-3.4.1.jar:/home/miguel/.m2/repository/org/springframework/boot/spring-boot-test/3.4.1/spring-boot-test-3.4.1.jar:/home/miguel/.m2/repository/org/springframework/boot/spring-boot-test-autoconfigure/3.4.1/spring-boot-test-autoconfigure-3.4.1.jar:/home/miguel/.m2/repository/com/jayway/jsonpath/json-path/2.9.0/json-path-2.9.0.jar:/home/miguel/.m2/repository/jakarta/xml/bind/jakarta.xml.bind-api/4.0.2/jakarta.xml.bind-api-4.0.2.jar:/home/miguel/.m2/repository/jakarta/activation/jakarta.activation-api/2.1.3/jakarta.activation-api-2.1.3.jar:/home/miguel/.m2/repository/net/minidev/json-smart/2.5.1/json-smart-2.5.1.jar:/home/miguel/.m2/repository/net/minidev/accessors-smart/2.5.1/accessors-smart-2.5.1.jar:/home/miguel/.m2/repository/org/ow2/asm/asm/9.6/asm-9.6.jar:/home/miguel/.m2/repository/org/assertj/assertj-core/3.26.3/assertj-core-3.26.3.jar:/home/miguel/.m2/repository/org/awaitility/awaitility/4.2.2/awaitility-4.2.2.jar:/home/miguel/.m2/repository/org/hamcrest/hamcrest/2.2/hamcrest-2.2.jar:/home/miguel/.m2/repository/org/junit/jupiter/junit-jupiter/5.11.4/junit-jupiter-5.11.4.jar:/home/miguel/.m2/repository/org/junit/jupiter/junit-jupiter-api/5.11.4/junit-jupiter-api-5.11.4.jar:/home/miguel/.m2/repository/org/opentest4j/opentest4j/1.3.0/opentest4j-1.3.0.jar:/home/miguel/.m2/repository/org/junit/platform/junit-platform-commons/1.11.4/junit-platform-commons-1.11.4.jar:/home/miguel/.m2/repository/org/apiguardian/apiguardian-api/1.1.2/apiguardian-api-1.1.2.jar:/home/miguel/.m2/repository/org/junit/jupiter/junit-jupiter-params/5.11.4/junit-jupiter-params-5.11.4.jar:/home/miguel/.m2/repository/org/junit/jupiter/junit-jupiter-engine/5.11.4/junit-jupiter-engine-5.11.4.jar:/home/miguel/.m2/repository/org/junit/platform/junit-platform-engine/1.11.4/junit-platform-engine-1.11.4.jar:/home/miguel/.m2/repository/org/mockito/mockito-core/5.14.2/mockito-core-5.14.2.jar:/home/miguel/.m2/repository/net/bytebuddy/byte-buddy-agent/1.15.11/byte-buddy-agent-1.15.11.jar:/home/miguel/.m2/repository/org/objenesis/objenesis/3.3/objenesis-3.3.jar:/home/miguel/.m2/repository/org/mockito/mockito-junit-jupiter/5.14.2/mockito-junit-jupiter-5.14.2.jar:/home/miguel/.m2/repository/org/skyscreamer/jsonassert/1.5.3/jsonassert-1.5.3.jar:/home/miguel/.m2/repository/com/vaadin/external/google/android-json/0.0.20131108.vaadin1/android-json-0.0.20131108.vaadin1.jar:/home/miguel/.m2/repository/org/springframework/spring-core/6.2.1/spring-core-6.2.1.jar:/home/miguel/.m2/repository/org/springframework/spring-jcl/6.2.1/spring-jcl-6.2.1.jar:/home/miguel/.m2/repository/org/springframework/spring-test/6.2.1/spring-test-6.2.1.jar:/home/miguel/.m2/repository/org/xmlunit/xmlunit-core/2.10.0/xmlunit-core-2.10.0.jar:/home/miguel/.m2/repository/org/springdoc/springdoc-openapi-starter-webmvc-ui/2.2.0/springdoc-openapi-starter-webmvc-ui-2.2.0.jar:/home/miguel/.m2/repository/org/springdoc/springdoc-openapi-starter-webmvc-api/2.2.0/springdoc-openapi-starter-webmvc-api-2.2.0.jar:/home/miguel/.m2/repository/org/springdoc/springdoc-openapi-starter-common/2.2.0/springdoc-openapi-starter-common-2.2.0.jar:/home/miguel/.m2/repository/io/swagger/core/v3/swagger-core-jakarta/2.2.15/swagger-core-jakarta-2.2.15.jar:/home/miguel/.m2/repository/org/apache/commons/commons-lang3/3.17.0/commons-lang3-3.17.0.jar:/home/miguel/.m2/repository/io/swagger/core/v3/swagger-annotations-jakarta/2.2.15/swagger-annotations-jakarta-2.2.15.jar:/home/miguel/.m2/repository/io/swagger/core/v3/swagger-models-jakarta/2.2.15/swagger-models-jakarta-2.2.15.jar:/home/miguel/.m2/repository/jakarta/validation/jakarta.validation-api/3.0.2/jakarta.validation-api-3.0.2.jar:/home/miguel/.m2/repository/com/fasterxml/jackson/dataformat/jackson-dataformat-yaml/2.18.2/jackson-dataformat-yaml-2.18.2.jar:/home/miguel/.m2/repository/org/webjars/swagger-ui/5.2.0/swagger-ui-5.2.0.jar:, sun.cpu.endian=little, hibernate.cdi.extensions=true, user.home=/home/miguel, user.language=en, java.specification.vendor=Oracle Corporation, java.version.date=2024-10-15, java.home=/usr/lib/jvm/java-21-openjdk-amd64, file.separator=/, basedir=/mnt/c/Users/Miguel/git/hotel_rest_tp3, java.vm.compressedOopsMode=32-bit, line.separator=
, hibernate.persistenceUnitName=default, java.specification.name=Java Platform API Specification, java.vm.specification.vendor=Oracle Corporation, FILE_LOG_CHARSET=UTF-8, hibernate.transaction.coordinator_class=class org.hibernate.resource.transaction.backend.jdbc.internal.JdbcResourceLocalTransactionCoordinatorBuilderImpl, java.awt.headless=true, surefire.real.class.path=/mnt/c/Users/Miguel/git/hotel_rest_tp3/target/surefire/surefirebooter-20250116001014629_3.jar, jakarta.persistence.validation.mode=AUTO, hibernate.hbm2ddl.auto=create-drop, sun.management.compiler=HotSpot 64-Bit Tiered Compilers, java.runtime.version=21.0.5+11-Ubuntu-1ubuntu122.04, user.name=miguel, stdout.encoding=UTF-8, path.separator=:, os.version=5.15.167.4-microsoft-standard-WSL2, java.runtime.name=OpenJDK Runtime Environment, file.encoding=UTF-8, java.vm.name=OpenJDK 64-Bit Server VM, localRepository=/home/miguel/.m2/repository, java.vendor.url.bug=https://bugs.launchpad.net/ubuntu/+source/openjdk-21, java.io.tmpdir=/tmp, com.zaxxer.hikari.pool_number=1, java.version=21.0.5, hibernate.physical_naming_strategy=org.hibernate.boot.model.naming.CamelCaseToUnderscoresNamingStrategy, user.dir=/mnt/c/Users/Miguel/git/hotel_rest_tp3, os.arch=amd64, java.vm.specification.name=Java Virtual Machine Specification, PID=36632, CONSOLE_LOG_CHARSET=UTF-8, hibernate.boot.CfgXmlAccessService.key=org.hibernate.boot.registry.StandardServiceRegistryBuilder$1@c83ed77, native.encoding=UTF-8, java.library.path=/usr/java/packages/lib:/usr/lib/x86_64-linux-gnu/jni:/lib/x86_64-linux-gnu:/usr/lib/x86_64-linux-gnu:/usr/lib/jni:/lib:/usr/lib, stderr.encoding=UTF-8, java.vendor=Ubuntu, java.vm.info=mixed mode, sharing, java.vm.version=21.0.5+11-Ubuntu-1ubuntu122.04, sun.io.unicode.encoding=UnicodeLittle, hibernate.archive.scanner=org.hibernate.boot.archive.scan.internal.DisabledScanner, hibernate.connection.datasource=HikariDataSource (HikariPool-1), java.class.version=65.0, LOGGED_APPLICATION_NAME=[hotel_rest_tp3] }
2025-01-16T00:10:31.565+01:00 DEBUG 36632 --- [hotel_rest_tp3] [           main] o.hibernate.internal.SessionFactoryImpl  : Session factory constructed with filter configurations : {}
2025-01-16T00:10:31.585+01:00 DEBUG 36632 --- [hotel_rest_tp3] [           main] o.h.b.beanvalidation.TypeSafeActivator   : Unable to acquire Bean Validation ValidatorFactory, skipping activation
2025-01-16T00:10:31.828+01:00 DEBUG 36632 --- [hotel_rest_tp3] [           main] o.h.q.sqm.function.SqmFunctionRegistry   : Registered SqmFunctionTemplate [NamedSqmFunctionTemplate(max)] under max; prior registration was null
2025-01-16T00:10:31.828+01:00 DEBUG 36632 --- [hotel_rest_tp3] [           main] o.h.q.sqm.function.SqmFunctionRegistry   : Registered SqmFunctionTemplate [NamedSqmFunctionTemplate(min)] under min; prior registration was null
2025-01-16T00:10:31.831+01:00 DEBUG 36632 --- [hotel_rest_tp3] [           main] o.h.q.sqm.function.SqmFunctionRegistry   : Registered SqmFunctionTemplate [NamedSqmFunctionTemplate(sum)] under sum; prior registration was null
2025-01-16T00:10:31.836+01:00 DEBUG 36632 --- [hotel_rest_tp3] [           main] o.h.q.sqm.function.SqmFunctionRegistry   : Registered SqmFunctionTemplate [NamedSqmFunctionTemplate(avg)] under avg; prior registration was null
2025-01-16T00:10:31.842+01:00 DEBUG 36632 --- [hotel_rest_tp3] [           main] o.h.q.sqm.function.SqmFunctionRegistry   : Registered SqmFunctionTemplate [org.hibernate.dialect.function.CountFunction@4ff0706c] under count; prior registration was null
2025-01-16T00:10:31.847+01:00 DEBUG 36632 --- [hotel_rest_tp3] [           main] o.h.q.sqm.function.SqmFunctionRegistry   : Registered SqmFunctionTemplate [org.hibernate.dialect.function.EveryAnyEmulation@5d8fd077] under every; prior registration was null
2025-01-16T00:10:31.847+01:00 DEBUG 36632 --- [hotel_rest_tp3] [           main] o.h.q.sqm.function.SqmFunctionRegistry   : Registered SqmFunctionTemplate [org.hibernate.dialect.function.EveryAnyEmulation@4544ab46] under any; prior registration was null
2025-01-16T00:10:31.849+01:00 DEBUG 36632 --- [hotel_rest_tp3] [           main] o.h.q.sqm.function.SqmFunctionRegistry   : Registered SqmFunctionTemplate [NamedSqmFunctionTemplate(floor)] under floor; prior registration was null
2025-01-16T00:10:31.849+01:00 DEBUG 36632 --- [hotel_rest_tp3] [           main] o.h.q.sqm.function.SqmFunctionRegistry   : Registered SqmFunctionTemplate [NamedSqmFunctionTemplate(ceiling)] under ceiling; prior registration was null
2025-01-16T00:10:31.849+01:00 DEBUG 36632 --- [hotel_rest_tp3] [           main] o.h.q.sqm.function.SqmFunctionRegistry   : Registered SqmFunctionTemplate [NamedSqmFunctionTemplate(mod)] under mod; prior registration was null
2025-01-16T00:10:31.849+01:00 DEBUG 36632 --- [hotel_rest_tp3] [           main] o.h.q.sqm.function.SqmFunctionRegistry   : Registered SqmFunctionTemplate [NamedSqmFunctionTemplate(abs)] under abs; prior registration was null
2025-01-16T00:10:31.849+01:00 DEBUG 36632 --- [hotel_rest_tp3] [           main] o.h.q.sqm.function.SqmFunctionRegistry   : Registered SqmFunctionTemplate [NamedSqmFunctionTemplate(sign)] under sign; prior registration was null
2025-01-16T00:10:31.849+01:00 DEBUG 36632 --- [hotel_rest_tp3] [           main] o.h.q.sqm.function.SqmFunctionRegistry   : Registered SqmFunctionTemplate [NamedSqmFunctionTemplate(sqrt)] under sqrt; prior registration was null
2025-01-16T00:10:31.849+01:00 DEBUG 36632 --- [hotel_rest_tp3] [           main] o.h.q.sqm.function.SqmFunctionRegistry   : Registered SqmFunctionTemplate [NamedSqmFunctionTemplate(ln)] under ln; prior registration was null
2025-01-16T00:10:31.849+01:00 DEBUG 36632 --- [hotel_rest_tp3] [           main] o.h.q.sqm.function.SqmFunctionRegistry   : Registered SqmFunctionTemplate [NamedSqmFunctionTemplate(exp)] under exp; prior registration was null
2025-01-16T00:10:31.849+01:00 DEBUG 36632 --- [hotel_rest_tp3] [           main] o.h.q.sqm.function.SqmFunctionRegistry   : Registered SqmFunctionTemplate [NamedSqmFunctionTemplate(power)] under power; prior registration was null
2025-01-16T00:10:31.851+01:00 DEBUG 36632 --- [hotel_rest_tp3] [           main] o.h.q.sqm.function.SqmFunctionRegistry   : Registered SqmFunctionTemplate [NamedSqmFunctionTemplate(round)] under round; prior registration was null
2025-01-16T00:10:31.851+01:00 DEBUG 36632 --- [hotel_rest_tp3] [           main] o.h.q.sqm.function.SqmFunctionRegistry   : Registered SqmFunctionTemplate [NamedSqmFunctionTemplate(sin)] under sin; prior registration was null
2025-01-16T00:10:31.851+01:00 DEBUG 36632 --- [hotel_rest_tp3] [           main] o.h.q.sqm.function.SqmFunctionRegistry   : Registered SqmFunctionTemplate [NamedSqmFunctionTemplate(cos)] under cos; prior registration was null
2025-01-16T00:10:31.852+01:00 DEBUG 36632 --- [hotel_rest_tp3] [           main] o.h.q.sqm.function.SqmFunctionRegistry   : Registered SqmFunctionTemplate [NamedSqmFunctionTemplate(tan)] under tan; prior registration was null
2025-01-16T00:10:31.852+01:00 DEBUG 36632 --- [hotel_rest_tp3] [           main] o.h.q.sqm.function.SqmFunctionRegistry   : Registered SqmFunctionTemplate [NamedSqmFunctionTemplate(asin)] under asin; prior registration was null
2025-01-16T00:10:31.852+01:00 DEBUG 36632 --- [hotel_rest_tp3] [           main] o.h.q.sqm.function.SqmFunctionRegistry   : Registered SqmFunctionTemplate [NamedSqmFunctionTemplate(acos)] under acos; prior registration was null
2025-01-16T00:10:31.852+01:00 DEBUG 36632 --- [hotel_rest_tp3] [           main] o.h.q.sqm.function.SqmFunctionRegistry   : Registered SqmFunctionTemplate [NamedSqmFunctionTemplate(atan)] under atan; prior registration was null
2025-01-16T00:10:31.852+01:00 DEBUG 36632 --- [hotel_rest_tp3] [           main] o.h.q.sqm.function.SqmFunctionRegistry   : Registered SqmFunctionTemplate [NamedSqmFunctionTemplate(atan2)] under atan2; prior registration was null
2025-01-16T00:10:31.859+01:00 DEBUG 36632 --- [hotel_rest_tp3] [           main] o.h.q.sqm.function.SqmFunctionRegistry   : Registered SqmFunctionTemplate [org.hibernate.query.sqm.function.PatternBasedSqmFunctionDescriptor@47c5cbf2] under sinh; prior registration was null
2025-01-16T00:10:31.859+01:00 DEBUG 36632 --- [hotel_rest_tp3] [           main] o.h.q.sqm.function.SqmFunctionRegistry   : Registered SqmFunctionTemplate [org.hibernate.query.sqm.function.PatternBasedSqmFunctionDescriptor@1031c1a0] under cosh; prior registration was null
2025-01-16T00:10:31.859+01:00 DEBUG 36632 --- [hotel_rest_tp3] [           main] o.h.q.sqm.function.SqmFunctionRegistry   : Registered SqmFunctionTemplate [org.hibernate.query.sqm.function.PatternBasedSqmFunctionDescriptor@519b0f00] under tanh; prior registration was null
2025-01-16T00:10:31.860+01:00 DEBUG 36632 --- [hotel_rest_tp3] [           main] o.h.q.sqm.function.SqmFunctionRegistry   : Registered SqmFunctionTemplate [org.hibernate.query.sqm.function.PatternBasedSqmFunctionDescriptor@4888d1ea] under pi; prior registration was null
2025-01-16T00:10:31.860+01:00 DEBUG 36632 --- [hotel_rest_tp3] [           main] o.h.q.sqm.function.SqmFunctionRegistry   : Registered SqmFunctionTemplate [org.hibernate.query.sqm.function.PatternBasedSqmFunctionDescriptor@217b0952] under log; prior registration was null
2025-01-16T00:10:31.861+01:00 DEBUG 36632 --- [hotel_rest_tp3] [           main] o.h.q.sqm.function.SqmFunctionRegistry   : Registered SqmFunctionTemplate [NamedSqmFunctionTemplate(coalesce)] under coalesce; prior registration was null
2025-01-16T00:10:31.862+01:00 DEBUG 36632 --- [hotel_rest_tp3] [           main] o.h.q.sqm.function.SqmFunctionRegistry   : Registered SqmFunctionTemplate [NamedSqmFunctionTemplate(nullif)] under nullif; prior registration was null
2025-01-16T00:10:31.862+01:00 DEBUG 36632 --- [hotel_rest_tp3] [           main] o.h.q.sqm.function.SqmFunctionRegistry   : Registered SqmFunctionTemplate [NamedSqmFunctionTemplate(left)] under left; prior registration was null
2025-01-16T00:10:31.862+01:00 DEBUG 36632 --- [hotel_rest_tp3] [           main] o.h.q.sqm.function.SqmFunctionRegistry   : Registered SqmFunctionTemplate [NamedSqmFunctionTemplate(right)] under right; prior registration was null
2025-01-16T00:10:31.862+01:00 DEBUG 36632 --- [hotel_rest_tp3] [           main] o.h.q.sqm.function.SqmFunctionRegistry   : Registered SqmFunctionTemplate [NamedSqmFunctionTemplate(replace)] under replace; prior registration was null
2025-01-16T00:10:31.862+01:00 DEBUG 36632 --- [hotel_rest_tp3] [           main] o.h.q.sqm.function.SqmFunctionRegistry   : Registered SqmFunctionTemplate [NamedSqmFunctionTemplate(concat)] under concat; prior registration was null
2025-01-16T00:10:31.862+01:00 DEBUG 36632 --- [hotel_rest_tp3] [           main] o.h.q.sqm.function.SqmFunctionRegistry   : Registered SqmFunctionTemplate [NamedSqmFunctionTemplate(lower)] under lower; prior registration was null
2025-01-16T00:10:31.862+01:00 DEBUG 36632 --- [hotel_rest_tp3] [           main] o.h.q.sqm.function.SqmFunctionRegistry   : Registered SqmFunctionTemplate [NamedSqmFunctionTemplate(upper)] under upper; prior registration was null
2025-01-16T00:10:31.862+01:00 DEBUG 36632 --- [hotel_rest_tp3] [           main] o.h.q.sqm.function.SqmFunctionRegistry   : Registered SqmFunctionTemplate [NamedSqmFunctionTemplate(substring)] under substring; prior registration was null
2025-01-16T00:10:31.862+01:00 DEBUG 36632 --- [hotel_rest_tp3] [           main] o.h.q.sqm.function.SqmFunctionRegistry   : Registered SqmFunctionTemplate [NamedSqmFunctionTemplate(locate)] under locate; prior registration was null
2025-01-16T00:10:31.862+01:00 DEBUG 36632 --- [hotel_rest_tp3] [           main] o.h.q.sqm.function.SqmFunctionRegistry   : Registered SqmFunctionTemplate [NamedSqmFunctionTemplate(character_length)] under character_length; prior registration was null
2025-01-16T00:10:31.862+01:00 DEBUG 36632 --- [hotel_rest_tp3] [           main] o.h.q.sqm.function.SqmFunctionRegistry   : Registering alternate key : length -> character_length
2025-01-16T00:10:31.864+01:00 DEBUG 36632 --- [hotel_rest_tp3] [           main] o.h.q.sqm.function.SqmFunctionRegistry   : Registered SqmFunctionTemplate [org.hibernate.dialect.function.LocatePositionEmulation@1ce2029b] under position; prior registration was null
2025-01-16T00:10:31.871+01:00 DEBUG 36632 --- [hotel_rest_tp3] [           main] o.h.q.sqm.function.SqmFunctionRegistry   : Registered SqmFunctionTemplate [org.hibernate.dialect.function.InsertSubstringOverlayEmulation@46fa2a7e] under overlay; prior registration was null
2025-01-16T00:10:31.874+01:00 DEBUG 36632 --- [hotel_rest_tp3] [           main] o.h.q.sqm.function.SqmFunctionRegistry   : Registered SqmFunctionTemplate [org.hibernate.dialect.function.TrimFunction@6ec98ccc] under trim; prior registration was null
2025-01-16T00:10:31.878+01:00 DEBUG 36632 --- [hotel_rest_tp3] [           main] o.h.q.sqm.function.SqmFunctionRegistry   : Registered SqmFunctionTemplate [org.hibernate.dialect.function.CastFunction@3f6906f4] under cast; prior registration was null
2025-01-16T00:10:31.878+01:00 DEBUG 36632 --- [hotel_rest_tp3] [           main] o.h.q.sqm.function.SqmFunctionRegistry   : Registered SqmFunctionTemplate [org.hibernate.query.sqm.function.PatternBasedSqmFunctionDescriptor@1859e55c] under collate; prior registration was null
2025-01-16T00:10:31.880+01:00 DEBUG 36632 --- [hotel_rest_tp3] [           main] o.h.q.sqm.function.SqmFunctionRegistry   : Registered SqmFunctionTemplate [org.hibernate.dialect.function.ExtractFunction@5a06eeef] under extract; prior registration was null
2025-01-16T00:10:31.880+01:00 DEBUG 36632 --- [hotel_rest_tp3] [           main] o.h.q.sqm.function.SqmFunctionRegistry   : Registered SqmFunctionTemplate [NamedSqmFunctionTemplate(least)] under least; prior registration was null
2025-01-16T00:10:31.880+01:00 DEBUG 36632 --- [hotel_rest_tp3] [           main] o.h.q.sqm.function.SqmFunctionRegistry   : Registered SqmFunctionTemplate [NamedSqmFunctionTemplate(greatest)] under greatest; prior registration was null
2025-01-16T00:10:31.882+01:00 DEBUG 36632 --- [hotel_rest_tp3] [           main] o.h.q.sqm.function.SqmFunctionRegistry   : Registered SqmFunctionTemplate [org.hibernate.dialect.function.CoalesceIfnullEmulation@493968a9] under ifnull; prior registration was null
2025-01-16T00:10:31.882+01:00 DEBUG 36632 --- [hotel_rest_tp3] [           main] o.h.q.sqm.function.SqmFunctionRegistry   : Registered SqmFunctionTemplate [NamedSqmFunctionTemplate(lpad)] under lpad; prior registration was null
2025-01-16T00:10:31.882+01:00 DEBUG 36632 --- [hotel_rest_tp3] [           main] o.h.q.sqm.function.SqmFunctionRegistry   : Registered SqmFunctionTemplate [NamedSqmFunctionTemplate(rpad)] under rpad; prior registration was null
2025-01-16T00:10:31.884+01:00 DEBUG 36632 --- [hotel_rest_tp3] [           main] o.h.q.sqm.function.SqmFunctionRegistry   : Registered SqmFunctionTemplate [org.hibernate.dialect.function.LpadRpadPadEmulation@36ecf9f6] under pad; prior registration was null
2025-01-16T00:10:31.886+01:00 DEBUG 36632 --- [hotel_rest_tp3] [           main] o.h.q.sqm.function.SqmFunctionRegistry   : Registered SqmFunctionTemplate [org.hibernate.dialect.function.CastStrEmulation@73e399cc] under str; prior registration was null
2025-01-16T00:10:31.905+01:00 DEBUG 36632 --- [hotel_rest_tp3] [           main] o.h.q.sqm.function.SqmFunctionRegistry   : Registered SqmFunctionTemplate [org.hibernate.dialect.function.FormatFunction@6a38e3d1] under format; prior registration was null
2025-01-16T00:10:31.909+01:00 DEBUG 36632 --- [hotel_rest_tp3] [           main] o.h.q.sqm.function.SqmFunctionRegistry   : Registered SqmFunctionTemplate [org.hibernate.dialect.function.TimestampaddFunction@1c421b0f] under timestampadd; prior registration was null
2025-01-16T00:10:31.915+01:00 DEBUG 36632 --- [hotel_rest_tp3] [           main] o.h.q.sqm.function.SqmFunctionRegistry   : Registered SqmFunctionTemplate [org.hibernate.dialect.function.TimestampdiffFunction@51c008fd] under timestampdiff; prior registration was null
2025-01-16T00:10:31.916+01:00 DEBUG 36632 --- [hotel_rest_tp3] [           main] o.h.q.sqm.function.SqmFunctionRegistry   : Registering alternate key : dateadd -> timestampadd
2025-01-16T00:10:31.916+01:00 DEBUG 36632 --- [hotel_rest_tp3] [           main] o.h.q.sqm.function.SqmFunctionRegistry   : Registering alternate key : datediff -> timestampdiff
2025-01-16T00:10:31.919+01:00 DEBUG 36632 --- [hotel_rest_tp3] [           main] o.h.q.sqm.function.SqmFunctionRegistry   : Registered SqmFunctionTemplate [org.hibernate.dialect.function.CurrentFunction@6dcee890] under current_date; prior registration was null
2025-01-16T00:10:31.919+01:00 DEBUG 36632 --- [hotel_rest_tp3] [           main] o.h.q.sqm.function.SqmFunctionRegistry   : Registered SqmFunctionTemplate [org.hibernate.dialect.function.CurrentFunction@713e49c3] under current_time; prior registration was null
2025-01-16T00:10:31.920+01:00 DEBUG 36632 --- [hotel_rest_tp3] [           main] o.h.q.sqm.function.SqmFunctionRegistry   : Registered SqmFunctionTemplate [org.hibernate.dialect.function.CurrentFunction@13d5606c] under current_timestamp; prior registration was null
2025-01-16T00:10:31.920+01:00 DEBUG 36632 --- [hotel_rest_tp3] [           main] o.h.q.sqm.function.SqmFunctionRegistry   : Registering alternate key : current date -> current_date
2025-01-16T00:10:31.920+01:00 DEBUG 36632 --- [hotel_rest_tp3] [           main] o.h.q.sqm.function.SqmFunctionRegistry   : Registering alternate key : current time -> current_time
2025-01-16T00:10:31.920+01:00 DEBUG 36632 --- [hotel_rest_tp3] [           main] o.h.q.sqm.function.SqmFunctionRegistry   : Registering alternate key : current timestamp -> current_timestamp
2025-01-16T00:10:31.920+01:00 DEBUG 36632 --- [hotel_rest_tp3] [           main] o.h.q.sqm.function.SqmFunctionRegistry   : Registered SqmFunctionTemplate [org.hibernate.dialect.function.CurrentFunction@6bf54260] under local_date; prior registration was null
2025-01-16T00:10:31.920+01:00 DEBUG 36632 --- [hotel_rest_tp3] [           main] o.h.q.sqm.function.SqmFunctionRegistry   : Registered SqmFunctionTemplate [org.hibernate.dialect.function.CurrentFunction@7165bde6] under local_time; prior registration was null
2025-01-16T00:10:31.921+01:00 DEBUG 36632 --- [hotel_rest_tp3] [           main] o.h.q.sqm.function.SqmFunctionRegistry   : Registered SqmFunctionTemplate [org.hibernate.dialect.function.CurrentFunction@72168258] under local_datetime; prior registration was null
2025-01-16T00:10:31.921+01:00 DEBUG 36632 --- [hotel_rest_tp3] [           main] o.h.q.sqm.function.SqmFunctionRegistry   : Registered SqmFunctionTemplate [org.hibernate.dialect.function.CurrentFunction@4af84a76] under offset_datetime; prior registration was null
2025-01-16T00:10:31.921+01:00 DEBUG 36632 --- [hotel_rest_tp3] [           main] o.h.q.sqm.function.SqmFunctionRegistry   : Registering alternate key : local date -> local_date
2025-01-16T00:10:31.921+01:00 DEBUG 36632 --- [hotel_rest_tp3] [           main] o.h.q.sqm.function.SqmFunctionRegistry   : Registering alternate key : local time -> local_time
2025-01-16T00:10:31.921+01:00 DEBUG 36632 --- [hotel_rest_tp3] [           main] o.h.q.sqm.function.SqmFunctionRegistry   : Registering alternate key : local datetime -> local_datetime
2025-01-16T00:10:31.921+01:00 DEBUG 36632 --- [hotel_rest_tp3] [           main] o.h.q.sqm.function.SqmFunctionRegistry   : Registering alternate key : offset datetime -> offset_datetime
2025-01-16T00:10:31.921+01:00 DEBUG 36632 --- [hotel_rest_tp3] [           main] o.h.q.sqm.function.SqmFunctionRegistry   : Registered SqmFunctionTemplate [org.hibernate.dialect.function.CurrentFunction@b5ff70b] under instant; prior registration was null
2025-01-16T00:10:31.921+01:00 DEBUG 36632 --- [hotel_rest_tp3] [           main] o.h.q.sqm.function.SqmFunctionRegistry   : Registering alternate key : current_instant -> instant
2025-01-16T00:10:31.927+01:00 DEBUG 36632 --- [hotel_rest_tp3] [           main] o.h.q.sqm.function.SqmFunctionRegistry   : Registered SqmFunctionTemplate [org.hibernate.dialect.function.SqlFunction@6d7bb5cc] under sql; prior registration was null
2025-01-16T00:10:31.927+01:00 DEBUG 36632 --- [hotel_rest_tp3] [           main] o.h.q.sqm.function.SqmFunctionRegistry   : Registered SqmFunctionTemplate [NamedSqmFunctionTemplate(max)] under max; prior registration was NamedSqmFunctionTemplate(max)
2025-01-16T00:10:31.928+01:00 DEBUG 36632 --- [hotel_rest_tp3] [           main] o.h.q.sqm.function.SqmFunctionRegistry   : Registered SqmFunctionTemplate [NamedSqmFunctionTemplate(min)] under min; prior registration was NamedSqmFunctionTemplate(min)
2025-01-16T00:10:31.928+01:00 DEBUG 36632 --- [hotel_rest_tp3] [           main] o.h.q.sqm.function.SqmFunctionRegistry   : Registered SqmFunctionTemplate [NamedSqmFunctionTemplate(sum)] under sum; prior registration was NamedSqmFunctionTemplate(sum)
2025-01-16T00:10:31.928+01:00 DEBUG 36632 --- [hotel_rest_tp3] [           main] o.h.q.sqm.function.SqmFunctionRegistry   : Registered SqmFunctionTemplate [NamedSqmFunctionTemplate(avg)] under avg; prior registration was NamedSqmFunctionTemplate(avg)
2025-01-16T00:10:31.928+01:00 DEBUG 36632 --- [hotel_rest_tp3] [           main] o.h.q.sqm.function.SqmFunctionRegistry   : Registered SqmFunctionTemplate [org.hibernate.dialect.function.CountFunction@756200d1] under count; prior registration was org.hibernate.dialect.function.CountFunction@4ff0706c
2025-01-16T00:10:31.932+01:00 DEBUG 36632 --- [hotel_rest_tp3] [           main] o.h.q.sqm.function.SqmFunctionRegistry   : Registered SqmFunctionTemplate [org.hibernate.dialect.function.AvgFunction@322ab6ce] under avg; prior registration was NamedSqmFunctionTemplate(avg)
2025-01-16T00:10:31.932+01:00 DEBUG 36632 --- [hotel_rest_tp3] [           main] o.h.q.sqm.function.SqmFunctionRegistry   : Registered SqmFunctionTemplate [NamedSqmFunctionTemplate(pi)] under pi; prior registration was org.hibernate.query.sqm.function.PatternBasedSqmFunctionDescriptor@4888d1ea
2025-01-16T00:10:31.932+01:00 DEBUG 36632 --- [hotel_rest_tp3] [           main] o.h.q.sqm.function.SqmFunctionRegistry   : Registered SqmFunctionTemplate [NamedSqmFunctionTemplate(cot)] under cot; prior registration was null
2025-01-16T00:10:31.932+01:00 DEBUG 36632 --- [hotel_rest_tp3] [           main] o.h.q.sqm.function.SqmFunctionRegistry   : Registered SqmFunctionTemplate [NamedSqmFunctionTemplate(radians)] under radians; prior registration was null
2025-01-16T00:10:31.932+01:00 DEBUG 36632 --- [hotel_rest_tp3] [           main] o.h.q.sqm.function.SqmFunctionRegistry   : Registered SqmFunctionTemplate [NamedSqmFunctionTemplate(degrees)] under degrees; prior registration was null
2025-01-16T00:10:31.932+01:00 DEBUG 36632 --- [hotel_rest_tp3] [           main] o.h.q.sqm.function.SqmFunctionRegistry   : Registered SqmFunctionTemplate [NamedSqmFunctionTemplate(log10)] under log10; prior registration was null
2025-01-16T00:10:31.932+01:00 DEBUG 36632 --- [hotel_rest_tp3] [           main] o.h.q.sqm.function.SqmFunctionRegistry   : Registered SqmFunctionTemplate [org.hibernate.query.sqm.function.PatternBasedSqmFunctionDescriptor@5b74902c] under mod; prior registration was NamedSqmFunctionTemplate(mod)
2025-01-16T00:10:31.932+01:00 DEBUG 36632 --- [hotel_rest_tp3] [           main] o.h.q.sqm.function.SqmFunctionRegistry   : Registered SqmFunctionTemplate [NamedSqmFunctionTemplate(rand)] under rand; prior registration was null
2025-01-16T00:10:31.932+01:00 DEBUG 36632 --- [hotel_rest_tp3] [           main] o.h.q.sqm.function.SqmFunctionRegistry   : Registered SqmFunctionTemplate [NamedSqmFunctionTemplate(soundex)] under soundex; prior registration was null
2025-01-16T00:10:31.932+01:00 DEBUG 36632 --- [hotel_rest_tp3] [           main] o.h.q.sqm.function.SqmFunctionRegistry   : Registered SqmFunctionTemplate [NamedSqmFunctionTemplate(translate)] under translate; prior registration was null
2025-01-16T00:10:31.932+01:00 DEBUG 36632 --- [hotel_rest_tp3] [           main] o.h.q.sqm.function.SqmFunctionRegistry   : Registered SqmFunctionTemplate [NamedSqmFunctionTemplate(bitand)] under bitand; prior registration was null
2025-01-16T00:10:31.932+01:00 DEBUG 36632 --- [hotel_rest_tp3] [           main] o.h.q.sqm.function.SqmFunctionRegistry   : Registered SqmFunctionTemplate [NamedSqmFunctionTemplate(bitor)] under bitor; prior registration was null
2025-01-16T00:10:31.933+01:00 DEBUG 36632 --- [hotel_rest_tp3] [           main] o.h.q.sqm.function.SqmFunctionRegistry   : Registered SqmFunctionTemplate [NamedSqmFunctionTemplate(bitxor)] under bitxor; prior registration was null
2025-01-16T00:10:31.933+01:00 DEBUG 36632 --- [hotel_rest_tp3] [           main] o.h.q.sqm.function.SqmFunctionRegistry   : Registered SqmFunctionTemplate [NamedSqmFunctionTemplate(bitnot)] under bitnot; prior registration was null
2025-01-16T00:10:31.933+01:00 DEBUG 36632 --- [hotel_rest_tp3] [           main] o.h.q.sqm.function.SqmFunctionRegistry   : Registered SqmFunctionTemplate [NamedSqmFunctionTemplate(bit_and)] under bit_and; prior registration was null
2025-01-16T00:10:31.933+01:00 DEBUG 36632 --- [hotel_rest_tp3] [           main] o.h.q.sqm.function.SqmFunctionRegistry   : Registered SqmFunctionTemplate [NamedSqmFunctionTemplate(bit_or)] under bit_or; prior registration was null
2025-01-16T00:10:31.933+01:00 DEBUG 36632 --- [hotel_rest_tp3] [           main] o.h.q.sqm.function.SqmFunctionRegistry   : Registered SqmFunctionTemplate [NamedSqmFunctionTemplate(day)] under day; prior registration was null
2025-01-16T00:10:31.933+01:00 DEBUG 36632 --- [hotel_rest_tp3] [           main] o.h.q.sqm.function.SqmFunctionRegistry   : Registered SqmFunctionTemplate [NamedSqmFunctionTemplate(month)] under month; prior registration was null
2025-01-16T00:10:31.933+01:00 DEBUG 36632 --- [hotel_rest_tp3] [           main] o.h.q.sqm.function.SqmFunctionRegistry   : Registered SqmFunctionTemplate [NamedSqmFunctionTemplate(year)] under year; prior registration was null
2025-01-16T00:10:31.933+01:00 DEBUG 36632 --- [hotel_rest_tp3] [           main] o.h.q.sqm.function.SqmFunctionRegistry   : Registered SqmFunctionTemplate [NamedSqmFunctionTemplate(hour)] under hour; prior registration was null
2025-01-16T00:10:31.933+01:00 DEBUG 36632 --- [hotel_rest_tp3] [           main] o.h.q.sqm.function.SqmFunctionRegistry   : Registered SqmFunctionTemplate [NamedSqmFunctionTemplate(minute)] under minute; prior registration was null
2025-01-16T00:10:31.933+01:00 DEBUG 36632 --- [hotel_rest_tp3] [           main] o.h.q.sqm.function.SqmFunctionRegistry   : Registered SqmFunctionTemplate [NamedSqmFunctionTemplate(second)] under second; prior registration was null
2025-01-16T00:10:31.933+01:00 DEBUG 36632 --- [hotel_rest_tp3] [           main] o.h.q.sqm.function.SqmFunctionRegistry   : Registered SqmFunctionTemplate [NamedSqmFunctionTemplate(microsecond)] under microsecond; prior registration was null
2025-01-16T00:10:31.933+01:00 DEBUG 36632 --- [hotel_rest_tp3] [           main] o.h.q.sqm.function.SqmFunctionRegistry   : Registered SqmFunctionTemplate [NamedSqmFunctionTemplate(day_of_week)] under day_of_week; prior registration was null
2025-01-16T00:10:31.933+01:00 DEBUG 36632 --- [hotel_rest_tp3] [           main] o.h.q.sqm.function.SqmFunctionRegistry   : Registered SqmFunctionTemplate [NamedSqmFunctionTemplate(day_of_month)] under day_of_month; prior registration was null
2025-01-16T00:10:31.933+01:00 DEBUG 36632 --- [hotel_rest_tp3] [           main] o.h.q.sqm.function.SqmFunctionRegistry   : Registering alternate key : day -> day_of_month
2025-01-16T00:10:31.933+01:00 DEBUG 36632 --- [hotel_rest_tp3] [           main] o.h.q.sqm.function.SqmFunctionRegistry   : Registered SqmFunctionTemplate [NamedSqmFunctionTemplate(day_of_year)] under day_of_year; prior registration was null
2025-01-16T00:10:31.933+01:00 DEBUG 36632 --- [hotel_rest_tp3] [           main] o.h.q.sqm.function.SqmFunctionRegistry   : Registered SqmFunctionTemplate [NamedSqmFunctionTemplate(week)] under week; prior registration was null
2025-01-16T00:10:31.933+01:00 DEBUG 36632 --- [hotel_rest_tp3] [           main] o.h.q.sqm.function.SqmFunctionRegistry   : Registered SqmFunctionTemplate [NamedSqmFunctionTemplate(quarter)] under quarter; prior registration was null
2025-01-16T00:10:31.934+01:00 DEBUG 36632 --- [hotel_rest_tp3] [           main] o.h.q.sqm.function.SqmFunctionRegistry   : Registered SqmFunctionTemplate [NamedSqmFunctionTemplate(monthname)] under monthname; prior registration was null
2025-01-16T00:10:31.934+01:00 DEBUG 36632 --- [hotel_rest_tp3] [           main] o.h.q.sqm.function.SqmFunctionRegistry   : Registered SqmFunctionTemplate [NamedSqmFunctionTemplate(dayname)] under dayname; prior registration was null
2025-01-16T00:10:31.934+01:00 DEBUG 36632 --- [hotel_rest_tp3] [           main] o.h.q.sqm.function.SqmFunctionRegistry   : Registered SqmFunctionTemplate [NamedSqmFunctionTemplate(localtime)] under localtime; prior registration was null
2025-01-16T00:10:31.934+01:00 DEBUG 36632 --- [hotel_rest_tp3] [           main] o.h.q.sqm.function.SqmFunctionRegistry   : Registered SqmFunctionTemplate [NamedSqmFunctionTemplate(localtimestamp)] under localtimestamp; prior registration was null
2025-01-16T00:10:31.934+01:00 DEBUG 36632 --- [hotel_rest_tp3] [           main] o.h.q.sqm.function.SqmFunctionRegistry   : Registered SqmFunctionTemplate [NamedSqmFunctionTemplate(localtime)] under local_time; prior registration was org.hibernate.dialect.function.CurrentFunction@7165bde6
2025-01-16T00:10:31.934+01:00 DEBUG 36632 --- [hotel_rest_tp3] [           main] o.h.q.sqm.function.SqmFunctionRegistry   : Registered SqmFunctionTemplate [NamedSqmFunctionTemplate(localtimestamp)] under local_datetime; prior registration was org.hibernate.dialect.function.CurrentFunction@72168258
2025-01-16T00:10:31.945+01:00 DEBUG 36632 --- [hotel_rest_tp3] [           main] o.h.q.sqm.function.SqmFunctionRegistry   : Registered SqmFunctionTemplate [org.hibernate.dialect.function.TruncFunction@c6244e7] under trunc; prior registration was null
2025-01-16T00:10:31.946+01:00 DEBUG 36632 --- [hotel_rest_tp3] [           main] o.h.q.sqm.function.SqmFunctionRegistry   : Registering alternate key : truncate -> trunc
2025-01-16T00:10:31.946+01:00 DEBUG 36632 --- [hotel_rest_tp3] [           main] o.h.q.sqm.function.SqmFunctionRegistry   : Registered SqmFunctionTemplate [org.hibernate.query.sqm.function.PatternBasedSqmFunctionDescriptor@25dad235] under date_trunc; prior registration was null
2025-01-16T00:10:31.946+01:00 DEBUG 36632 --- [hotel_rest_tp3] [           main] o.h.q.sqm.function.SqmFunctionRegistry   : Registered SqmFunctionTemplate [NamedSqmFunctionTemplate(bit_length)] under bit_length; prior registration was null
2025-01-16T00:10:31.946+01:00 DEBUG 36632 --- [hotel_rest_tp3] [           main] o.h.q.sqm.function.SqmFunctionRegistry   : Registered SqmFunctionTemplate [NamedSqmFunctionTemplate(octet_length)] under octet_length; prior registration was null
2025-01-16T00:10:31.946+01:00 DEBUG 36632 --- [hotel_rest_tp3] [           main] o.h.q.sqm.function.SqmFunctionRegistry   : Registered SqmFunctionTemplate [NamedSqmFunctionTemplate(ascii)] under ascii; prior registration was null
2025-01-16T00:10:31.946+01:00 DEBUG 36632 --- [hotel_rest_tp3] [           main] o.h.q.sqm.function.SqmFunctionRegistry   : Registered SqmFunctionTemplate [NamedSqmFunctionTemplate(octet_length)] under octet_length; prior registration was NamedSqmFunctionTemplate(octet_length)
2025-01-16T00:10:31.946+01:00 DEBUG 36632 --- [hotel_rest_tp3] [           main] o.h.q.sqm.function.SqmFunctionRegistry   : Registered SqmFunctionTemplate [NamedSqmFunctionTemplate(space)] under space; prior registration was null
2025-01-16T00:10:31.946+01:00 DEBUG 36632 --- [hotel_rest_tp3] [           main] o.h.q.sqm.function.SqmFunctionRegistry   : Registered SqmFunctionTemplate [NamedSqmFunctionTemplate(repeat)] under repeat; prior registration was null
2025-01-16T00:10:31.946+01:00 DEBUG 36632 --- [hotel_rest_tp3] [           main] o.h.q.sqm.function.SqmFunctionRegistry   : Registered SqmFunctionTemplate [NamedSqmFunctionTemplate(char)] under char; prior registration was null
2025-01-16T00:10:31.946+01:00 DEBUG 36632 --- [hotel_rest_tp3] [           main] o.h.q.sqm.function.SqmFunctionRegistry   : Registering alternate key : chr -> char
2025-01-16T00:10:31.946+01:00 DEBUG 36632 --- [hotel_rest_tp3] [           main] o.h.q.sqm.function.SqmFunctionRegistry   : Registered SqmFunctionTemplate [NamedSqmFunctionTemplate(instr)] under instr; prior registration was null
2025-01-16T00:10:31.946+01:00 DEBUG 36632 --- [hotel_rest_tp3] [           main] o.h.q.sqm.function.SqmFunctionRegistry   : Registered SqmFunctionTemplate [NamedSqmFunctionTemplate(substr)] under substr; prior registration was null
2025-01-16T00:10:31.946+01:00 DEBUG 36632 --- [hotel_rest_tp3] [           main] o.h.q.sqm.function.SqmFunctionRegistry   : Registered SqmFunctionTemplate [org.hibernate.query.sqm.function.PatternBasedSqmFunctionDescriptor@3292eff7] under position; prior registration was org.hibernate.dialect.function.LocatePositionEmulation@1ce2029b
2025-01-16T00:10:31.946+01:00 DEBUG 36632 --- [hotel_rest_tp3] [           main] o.h.q.sqm.function.SqmFunctionRegistry   : Registered SqmFunctionTemplate [NamedSqmFunctionTemplate(ltrim)] under ltrim; prior registration was null
2025-01-16T00:10:31.946+01:00 DEBUG 36632 --- [hotel_rest_tp3] [           main] o.h.q.sqm.function.SqmFunctionRegistry   : Registered SqmFunctionTemplate [NamedSqmFunctionTemplate(rtrim)] under rtrim; prior registration was null
2025-01-16T00:10:31.946+01:00 DEBUG 36632 --- [hotel_rest_tp3] [           main] o.h.q.sqm.function.SqmFunctionRegistry   : Registered SqmFunctionTemplate [org.hibernate.query.sqm.function.PatternBasedSqmFunctionDescriptor@29ea5e0] under concat; prior registration was NamedSqmFunctionTemplate(concat)
2025-01-16T00:10:31.946+01:00 DEBUG 36632 --- [hotel_rest_tp3] [           main] o.h.q.sqm.function.SqmFunctionRegistry   : Registered SqmFunctionTemplate [NamedSqmFunctionTemplate(curtime)] under curtime; prior registration was null
2025-01-16T00:10:31.946+01:00 DEBUG 36632 --- [hotel_rest_tp3] [           main] o.h.q.sqm.function.SqmFunctionRegistry   : Registered SqmFunctionTemplate [NamedSqmFunctionTemplate(curdate)] under curdate; prior registration was null
2025-01-16T00:10:31.946+01:00 DEBUG 36632 --- [hotel_rest_tp3] [           main] o.h.q.sqm.function.SqmFunctionRegistry   : Registered SqmFunctionTemplate [NamedSqmFunctionTemplate(now)] under now; prior registration was null
2025-01-16T00:10:31.947+01:00 DEBUG 36632 --- [hotel_rest_tp3] [           main] o.h.q.sqm.function.SqmFunctionRegistry   : Registered SqmFunctionTemplate [NamedSqmFunctionTemplate(sysdate)] under sysdate; prior registration was null
2025-01-16T00:10:31.947+01:00 DEBUG 36632 --- [hotel_rest_tp3] [           main] o.h.q.sqm.function.SqmFunctionRegistry   : Registered SqmFunctionTemplate [NamedSqmFunctionTemplate(insert)] under insert; prior registration was null
2025-01-16T00:10:31.947+01:00 DEBUG 36632 --- [hotel_rest_tp3] [           main] o.h.q.sqm.function.SqmFunctionRegistry   : Registered SqmFunctionTemplate [NamedSqmFunctionTemplate(bool_and)] under bool_and; prior registration was null
2025-01-16T00:10:31.947+01:00 DEBUG 36632 --- [hotel_rest_tp3] [           main] o.h.q.sqm.function.SqmFunctionRegistry   : Registering alternate key : every -> bool_and
2025-01-16T00:10:31.947+01:00 DEBUG 36632 --- [hotel_rest_tp3] [           main] o.h.q.sqm.function.SqmFunctionRegistry   : Registered SqmFunctionTemplate [NamedSqmFunctionTemplate(bool_or)] under bool_or; prior registration was null
2025-01-16T00:10:31.947+01:00 DEBUG 36632 --- [hotel_rest_tp3] [           main] o.h.q.sqm.function.SqmFunctionRegistry   : Registering alternate key : any -> bool_or
2025-01-16T00:10:31.947+01:00 DEBUG 36632 --- [hotel_rest_tp3] [           main] o.h.q.sqm.function.SqmFunctionRegistry   : Registered SqmFunctionTemplate [NamedSqmFunctionTemplate(median)] under median; prior registration was null
2025-01-16T00:10:31.947+01:00 DEBUG 36632 --- [hotel_rest_tp3] [           main] o.h.q.sqm.function.SqmFunctionRegistry   : Registered SqmFunctionTemplate [NamedSqmFunctionTemplate(stddev_pop)] under stddev_pop; prior registration was null
2025-01-16T00:10:31.947+01:00 DEBUG 36632 --- [hotel_rest_tp3] [           main] o.h.q.sqm.function.SqmFunctionRegistry   : Registered SqmFunctionTemplate [NamedSqmFunctionTemplate(stddev_samp)] under stddev_samp; prior registration was null
2025-01-16T00:10:31.947+01:00 DEBUG 36632 --- [hotel_rest_tp3] [           main] o.h.q.sqm.function.SqmFunctionRegistry   : Registered SqmFunctionTemplate [NamedSqmFunctionTemplate(var_pop)] under var_pop; prior registration was null
2025-01-16T00:10:31.947+01:00 DEBUG 36632 --- [hotel_rest_tp3] [           main] o.h.q.sqm.function.SqmFunctionRegistry   : Registered SqmFunctionTemplate [NamedSqmFunctionTemplate(var_samp)] under var_samp; prior registration was null
2025-01-16T00:10:31.947+01:00 DEBUG 36632 --- [hotel_rest_tp3] [           main] o.h.q.sqm.function.SqmFunctionRegistry   : Registered SqmFunctionTemplate [org.hibernate.dialect.function.FormatFunction@1c459c28] under format; prior registration was org.hibernate.dialect.function.FormatFunction@6a38e3d1
2025-01-16T00:10:31.947+01:00 DEBUG 36632 --- [hotel_rest_tp3] [           main] o.h.q.sqm.function.SqmFunctionRegistry   : Registered SqmFunctionTemplate [NamedSqmFunctionTemplate(rownum)] under rownum; prior registration was null
2025-01-16T00:10:31.947+01:00 DEBUG 36632 --- [hotel_rest_tp3] [           main] o.h.q.sqm.function.SqmFunctionRegistry   : Registered SqmFunctionTemplate [NamedSqmFunctionTemplate(row_number)] under row_number; prior registration was null
2025-01-16T00:10:31.948+01:00 DEBUG 36632 --- [hotel_rest_tp3] [           main] o.h.q.sqm.function.SqmFunctionRegistry   : Registered SqmFunctionTemplate [NamedSqmFunctionTemplate(lag)] under lag; prior registration was null
2025-01-16T00:10:31.948+01:00 DEBUG 36632 --- [hotel_rest_tp3] [           main] o.h.q.sqm.function.SqmFunctionRegistry   : Registered SqmFunctionTemplate [NamedSqmFunctionTemplate(lead)] under lead; prior registration was null
2025-01-16T00:10:31.948+01:00 DEBUG 36632 --- [hotel_rest_tp3] [           main] o.h.q.sqm.function.SqmFunctionRegistry   : Registered SqmFunctionTemplate [NamedSqmFunctionTemplate(first_value)] under first_value; prior registration was null
2025-01-16T00:10:31.948+01:00 DEBUG 36632 --- [hotel_rest_tp3] [           main] o.h.q.sqm.function.SqmFunctionRegistry   : Registered SqmFunctionTemplate [NamedSqmFunctionTemplate(last_value)] under last_value; prior registration was null
2025-01-16T00:10:31.948+01:00 DEBUG 36632 --- [hotel_rest_tp3] [           main] o.h.q.sqm.function.SqmFunctionRegistry   : Registered SqmFunctionTemplate [NamedSqmFunctionTemplate(nth_value)] under nth_value; prior registration was null
2025-01-16T00:10:31.952+01:00 DEBUG 36632 --- [hotel_rest_tp3] [           main] o.h.q.sqm.function.SqmFunctionRegistry   : Registered SqmFunctionTemplate [org.hibernate.dialect.function.ListaggFunction@fefb66c] under listagg; prior registration was null
2025-01-16T00:10:31.957+01:00 DEBUG 36632 --- [hotel_rest_tp3] [           main] o.h.q.sqm.function.SqmFunctionRegistry   : Registered SqmFunctionTemplate [org.hibernate.dialect.function.InverseDistributionFunction@33568e26] under mode; prior registration was null
2025-01-16T00:10:31.958+01:00 DEBUG 36632 --- [hotel_rest_tp3] [           main] o.h.q.sqm.function.SqmFunctionRegistry   : Registered SqmFunctionTemplate [org.hibernate.dialect.function.InverseDistributionFunction@97b84a4] under percentile_cont; prior registration was null
2025-01-16T00:10:31.958+01:00 DEBUG 36632 --- [hotel_rest_tp3] [           main] o.h.q.sqm.function.SqmFunctionRegistry   : Registered SqmFunctionTemplate [org.hibernate.dialect.function.InverseDistributionFunction@35555145] under percentile_disc; prior registration was null
2025-01-16T00:10:31.961+01:00 DEBUG 36632 --- [hotel_rest_tp3] [           main] o.h.q.sqm.function.SqmFunctionRegistry   : Registered SqmFunctionTemplate [org.hibernate.dialect.function.HypotheticalSetFunction@3d57fb9e] under rank; prior registration was null
2025-01-16T00:10:31.961+01:00 DEBUG 36632 --- [hotel_rest_tp3] [           main] o.h.q.sqm.function.SqmFunctionRegistry   : Registered SqmFunctionTemplate [org.hibernate.dialect.function.HypotheticalSetFunction@2c2e5e72] under dense_rank; prior registration was null
2025-01-16T00:10:31.961+01:00 DEBUG 36632 --- [hotel_rest_tp3] [           main] o.h.q.sqm.function.SqmFunctionRegistry   : Registered SqmFunctionTemplate [org.hibernate.dialect.function.HypotheticalSetFunction@3e489ac1] under percent_rank; prior registration was null
2025-01-16T00:10:31.961+01:00 DEBUG 36632 --- [hotel_rest_tp3] [           main] o.h.q.sqm.function.SqmFunctionRegistry   : Registered SqmFunctionTemplate [org.hibernate.dialect.function.HypotheticalSetFunction@26888c31] under cume_dist; prior registration was null
2025-01-16T00:10:31.968+01:00 DEBUG 36632 --- [hotel_rest_tp3] [           main] o.h.q.sqm.function.SqmFunctionRegistry   : Registered SqmFunctionTemplate [org.hibernate.dialect.function.array.ArrayConstructorFunction@669580e2] under array; prior registration was null
2025-01-16T00:10:31.968+01:00 DEBUG 36632 --- [hotel_rest_tp3] [           main] o.h.q.sqm.function.SqmFunctionRegistry   : Registered SqmFunctionTemplate [org.hibernate.dialect.function.array.ArrayConstructorFunction@5d22ed6c] under array_list; prior registration was null
2025-01-16T00:10:31.970+01:00 DEBUG 36632 --- [hotel_rest_tp3] [           main] o.h.q.sqm.function.SqmFunctionRegistry   : Registered SqmFunctionTemplate [org.hibernate.dialect.function.array.ArrayAggFunction@5a9051fd] under array_agg; prior registration was null
2025-01-16T00:10:31.981+01:00 DEBUG 36632 --- [hotel_rest_tp3] [           main] o.h.q.sqm.function.SqmFunctionRegistry   : Registered SqmFunctionTemplate [org.hibernate.dialect.function.array.H2ArrayPositionFunction@5f8df69] under array_position; prior registration was null
2025-01-16T00:10:31.993+01:00 DEBUG 36632 --- [hotel_rest_tp3] [           main] o.h.q.sqm.function.SqmFunctionRegistry   : Registered SqmFunctionTemplate [org.hibernate.dialect.function.array.H2ArrayPositionsFunction@2f262474] under array_positions; prior registration was null
2025-01-16T00:10:31.996+01:00 DEBUG 36632 --- [hotel_rest_tp3] [           main] o.h.q.sqm.function.SqmFunctionRegistry   : Registered SqmFunctionTemplate [org.hibernate.dialect.function.array.H2ArrayPositionsFunction@983050b] under array_positions_list; prior registration was null
2025-01-16T00:10:31.996+01:00 DEBUG 36632 --- [hotel_rest_tp3] [           main] o.h.q.sqm.function.SqmFunctionRegistry   : Registered SqmFunctionTemplate [org.hibernate.query.sqm.function.PatternBasedSqmFunctionDescriptor@6aadb092] under array_length; prior registration was null
2025-01-16T00:10:31.998+01:00 DEBUG 36632 --- [hotel_rest_tp3] [           main] o.h.q.sqm.function.SqmFunctionRegistry   : Registered SqmFunctionTemplate [org.hibernate.dialect.function.DynamicDispatchFunction@5abb7a8f] under length; prior registration was null
2025-01-16T00:10:32.002+01:00 DEBUG 36632 --- [hotel_rest_tp3] [           main] o.h.q.sqm.function.SqmFunctionRegistry   : Registered SqmFunctionTemplate [org.hibernate.dialect.function.array.ArrayConcatFunction@29592929] under array_concat; prior registration was null
2025-01-16T00:10:32.007+01:00 DEBUG 36632 --- [hotel_rest_tp3] [           main] o.h.q.sqm.function.SqmFunctionRegistry   : Registered SqmFunctionTemplate [org.hibernate.dialect.function.array.ArrayConcatElementFunction@774304ca] under array_prepend; prior registration was null
2025-01-16T00:10:32.007+01:00 DEBUG 36632 --- [hotel_rest_tp3] [           main] o.h.q.sqm.function.SqmFunctionRegistry   : Registered SqmFunctionTemplate [org.hibernate.dialect.function.array.ArrayConcatElementFunction@303fbc4] under array_append; prior registration was null
2025-01-16T00:10:32.017+01:00 DEBUG 36632 --- [hotel_rest_tp3] [           main] o.h.q.sqm.function.SqmFunctionRegistry   : Registered SqmFunctionTemplate [org.hibernate.dialect.function.array.H2ArrayContainsFunction@7bc8ffbc] under array_contains; prior registration was null
2025-01-16T00:10:32.018+01:00 DEBUG 36632 --- [hotel_rest_tp3] [           main] o.h.q.sqm.function.SqmFunctionRegistry   : Registered SqmFunctionTemplate [org.hibernate.dialect.function.array.H2ArrayContainsFunction@120d13ae] under array_contains_nullable; prior registration was null
2025-01-16T00:10:32.025+01:00 DEBUG 36632 --- [hotel_rest_tp3] [           main] o.h.q.sqm.function.SqmFunctionRegistry   : Registered SqmFunctionTemplate [org.hibernate.dialect.function.array.H2ArrayIncludesFunction@1800c1e3] under array_includes; prior registration was null
2025-01-16T00:10:32.026+01:00 DEBUG 36632 --- [hotel_rest_tp3] [           main] o.h.q.sqm.function.SqmFunctionRegistry   : Registered SqmFunctionTemplate [org.hibernate.dialect.function.array.H2ArrayIncludesFunction@3b8b4846] under array_includes_nullable; prior registration was null
2025-01-16T00:10:32.030+01:00 DEBUG 36632 --- [hotel_rest_tp3] [           main] o.h.q.sqm.function.SqmFunctionRegistry   : Registered SqmFunctionTemplate [org.hibernate.dialect.function.array.H2ArrayIntersectsFunction@5ac646b3] under array_intersects; prior registration was null
2025-01-16T00:10:32.030+01:00 DEBUG 36632 --- [hotel_rest_tp3] [           main] o.h.q.sqm.function.SqmFunctionRegistry   : Registered SqmFunctionTemplate [org.hibernate.dialect.function.array.H2ArrayIntersectsFunction@24b38e8f] under array_intersects_nullable; prior registration was null
2025-01-16T00:10:32.030+01:00 DEBUG 36632 --- [hotel_rest_tp3] [           main] o.h.q.sqm.function.SqmFunctionRegistry   : Registering alternate key : array_overlaps -> array_intersects
2025-01-16T00:10:32.030+01:00 DEBUG 36632 --- [hotel_rest_tp3] [           main] o.h.q.sqm.function.SqmFunctionRegistry   : Registering alternate key : array_overlaps_nullable -> array_intersects_nullable
2025-01-16T00:10:32.033+01:00 DEBUG 36632 --- [hotel_rest_tp3] [           main] o.h.q.sqm.function.SqmFunctionRegistry   : Registered SqmFunctionTemplate [org.hibernate.query.sqm.function.PatternBasedSqmFunctionDescriptor@4ebed2b3] under array_get; prior registration was null
2025-01-16T00:10:32.038+01:00 DEBUG 36632 --- [hotel_rest_tp3] [           main] o.h.q.sqm.function.SqmFunctionRegistry   : Registered SqmFunctionTemplate [org.hibernate.dialect.function.array.H2ArraySetFunction@e5864c2] under array_set; prior registration was null
2025-01-16T00:10:32.042+01:00 DEBUG 36632 --- [hotel_rest_tp3] [           main] o.h.q.sqm.function.SqmFunctionRegistry   : Registered SqmFunctionTemplate [org.hibernate.dialect.function.array.H2ArrayRemoveFunction@72b10258] under array_remove; prior registration was null
2025-01-16T00:10:32.046+01:00 DEBUG 36632 --- [hotel_rest_tp3] [           main] o.h.q.sqm.function.SqmFunctionRegistry   : Registered SqmFunctionTemplate [org.hibernate.dialect.function.array.H2ArrayRemoveIndexFunction@2d88c1bf] under array_remove_index; prior registration was null
2025-01-16T00:10:32.046+01:00 DEBUG 36632 --- [hotel_rest_tp3] [           main] o.h.q.sqm.function.SqmFunctionRegistry   : Registered SqmFunctionTemplate [org.hibernate.query.sqm.function.PatternBasedSqmFunctionDescriptor@3636f2a7] under array_slice; prior registration was null
2025-01-16T00:10:32.050+01:00 DEBUG 36632 --- [hotel_rest_tp3] [           main] o.h.q.sqm.function.SqmFunctionRegistry   : Registered SqmFunctionTemplate [org.hibernate.dialect.function.array.H2ArrayReplaceFunction@54a5496f] under array_replace; prior registration was null
2025-01-16T00:10:32.050+01:00 DEBUG 36632 --- [hotel_rest_tp3] [           main] o.h.q.sqm.function.SqmFunctionRegistry   : Registered SqmFunctionTemplate [org.hibernate.query.sqm.function.PatternBasedSqmFunctionDescriptor@3a116ca6] under array_trim; prior registration was null
2025-01-16T00:10:32.056+01:00 DEBUG 36632 --- [hotel_rest_tp3] [           main] o.h.q.sqm.function.SqmFunctionRegistry   : Registered SqmFunctionTemplate [org.hibernate.dialect.function.array.H2ArrayFillFunction@30b9728f] under array_fill; prior registration was null
2025-01-16T00:10:32.056+01:00 DEBUG 36632 --- [hotel_rest_tp3] [           main] o.h.q.sqm.function.SqmFunctionRegistry   : Registered SqmFunctionTemplate [org.hibernate.dialect.function.array.H2ArrayFillFunction@6b899971] under array_fill_list; prior registration was null
2025-01-16T00:10:32.061+01:00 DEBUG 36632 --- [hotel_rest_tp3] [           main] o.h.q.sqm.function.SqmFunctionRegistry   : Registered SqmFunctionTemplate [org.hibernate.dialect.function.array.H2ArrayToStringFunction@7e2a76be] under array_to_string; prior registration was null
2025-01-16T00:10:32.063+01:00 DEBUG 36632 --- [hotel_rest_tp3] [           main] org.hibernate.HQL_FUNCTIONS              : abs(NUMERIC arg)
2025-01-16T00:10:32.063+01:00 DEBUG 36632 --- [hotel_rest_tp3] [           main] org.hibernate.HQL_FUNCTIONS              : Double acos(NUMERIC arg)
2025-01-16T00:10:32.063+01:00 DEBUG 36632 --- [hotel_rest_tp3] [           main] org.hibernate.HQL_FUNCTIONS              : Boolean any(BOOLEAN predicate)
2025-01-16T00:10:32.064+01:00 DEBUG 36632 --- [hotel_rest_tp3] [           main] org.hibernate.HQL_FUNCTIONS              : array( ... )
2025-01-16T00:10:32.064+01:00 DEBUG 36632 --- [hotel_rest_tp3] [           main] org.hibernate.HQL_FUNCTIONS              : array_agg(arg)
2025-01-16T00:10:32.064+01:00 DEBUG 36632 --- [hotel_rest_tp3] [           main] org.hibernate.HQL_FUNCTIONS              : array_append( ... )
2025-01-16T00:10:32.064+01:00 DEBUG 36632 --- [hotel_rest_tp3] [           main] org.hibernate.HQL_FUNCTIONS              : array_concat( ... )
2025-01-16T00:10:32.064+01:00 DEBUG 36632 --- [hotel_rest_tp3] [           main] org.hibernate.HQL_FUNCTIONS              : Boolean array_contains(ARRAY haystackArray, OBJECT needleElementOrArray)
2025-01-16T00:10:32.064+01:00 DEBUG 36632 --- [hotel_rest_tp3] [           main] org.hibernate.HQL_FUNCTIONS              : Boolean array_contains_nullable(ARRAY haystackArray, OBJECT needleElementOrArray)
2025-01-16T00:10:32.064+01:00 DEBUG 36632 --- [hotel_rest_tp3] [           main] org.hibernate.HQL_FUNCTIONS              : array_fill(OBJECT element, INTEGER elementCount)
2025-01-16T00:10:32.064+01:00 DEBUG 36632 --- [hotel_rest_tp3] [           main] org.hibernate.HQL_FUNCTIONS              : array_fill_list(OBJECT element, INTEGER elementCount)
2025-01-16T00:10:32.064+01:00 DEBUG 36632 --- [hotel_rest_tp3] [           main] org.hibernate.HQL_FUNCTIONS              : array_get(ARRAY array, INTEGER index)
2025-01-16T00:10:32.064+01:00 DEBUG 36632 --- [hotel_rest_tp3] [           main] org.hibernate.HQL_FUNCTIONS              : Boolean array_includes(ARRAY haystackArray, OBJECT needleArray)
2025-01-16T00:10:32.064+01:00 DEBUG 36632 --- [hotel_rest_tp3] [           main] org.hibernate.HQL_FUNCTIONS              : Boolean array_includes_nullable(ARRAY haystackArray, OBJECT needleArray)
2025-01-16T00:10:32.064+01:00 DEBUG 36632 --- [hotel_rest_tp3] [           main] org.hibernate.HQL_FUNCTIONS              : Boolean array_intersects(ARRAY array0, OBJECT array1)
2025-01-16T00:10:32.064+01:00 DEBUG 36632 --- [hotel_rest_tp3] [           main] org.hibernate.HQL_FUNCTIONS              : Boolean array_intersects_nullable(ARRAY array0, OBJECT array1)
2025-01-16T00:10:32.064+01:00 DEBUG 36632 --- [hotel_rest_tp3] [           main] org.hibernate.HQL_FUNCTIONS              : Integer array_length(ARRAY array)
2025-01-16T00:10:32.064+01:00 DEBUG 36632 --- [hotel_rest_tp3] [           main] org.hibernate.HQL_FUNCTIONS              : array_list( ... )
2025-01-16T00:10:32.064+01:00 DEBUG 36632 --- [hotel_rest_tp3] [           main] org.hibernate.HQL_FUNCTIONS              : Boolean array_overlaps(ARRAY array0, OBJECT array1)
2025-01-16T00:10:32.064+01:00 DEBUG 36632 --- [hotel_rest_tp3] [           main] org.hibernate.HQL_FUNCTIONS              : Boolean array_overlaps_nullable(ARRAY array0, OBJECT array1)
2025-01-16T00:10:32.064+01:00 DEBUG 36632 --- [hotel_rest_tp3] [           main] org.hibernate.HQL_FUNCTIONS              : Integer array_position(ARRAY array, OBJECT element[, INTEGER startPosition])
2025-01-16T00:10:32.064+01:00 DEBUG 36632 --- [hotel_rest_tp3] [           main] org.hibernate.HQL_FUNCTIONS              : int[] array_positions(ARRAY array, OBJECT element)
2025-01-16T00:10:32.064+01:00 DEBUG 36632 --- [hotel_rest_tp3] [           main] org.hibernate.HQL_FUNCTIONS              : List array_positions_list(ARRAY array, OBJECT element)
2025-01-16T00:10:32.064+01:00 DEBUG 36632 --- [hotel_rest_tp3] [           main] org.hibernate.HQL_FUNCTIONS              : array_prepend( ... )
2025-01-16T00:10:32.064+01:00 DEBUG 36632 --- [hotel_rest_tp3] [           main] org.hibernate.HQL_FUNCTIONS              : array_remove( ... )
2025-01-16T00:10:32.064+01:00 DEBUG 36632 --- [hotel_rest_tp3] [           main] org.hibernate.HQL_FUNCTIONS              : array_remove_index( ... )
2025-01-16T00:10:32.064+01:00 DEBUG 36632 --- [hotel_rest_tp3] [           main] org.hibernate.HQL_FUNCTIONS              : array_replace( ... )
2025-01-16T00:10:32.064+01:00 DEBUG 36632 --- [hotel_rest_tp3] [           main] org.hibernate.HQL_FUNCTIONS              : array_set( ... )
2025-01-16T00:10:32.064+01:00 DEBUG 36632 --- [hotel_rest_tp3] [           main] org.hibernate.HQL_FUNCTIONS              : array_slice(ARRAY array, INTEGER start, INTEGER end)
2025-01-16T00:10:32.064+01:00 DEBUG 36632 --- [hotel_rest_tp3] [           main] org.hibernate.HQL_FUNCTIONS              : String array_to_string( ... )
2025-01-16T00:10:32.064+01:00 DEBUG 36632 --- [hotel_rest_tp3] [           main] org.hibernate.HQL_FUNCTIONS              : array_trim(ARRAY array, INTEGER elementsToRemove)
2025-01-16T00:10:32.064+01:00 DEBUG 36632 --- [hotel_rest_tp3] [           main] org.hibernate.HQL_FUNCTIONS              : Integer ascii(STRING arg)
2025-01-16T00:10:32.064+01:00 DEBUG 36632 --- [hotel_rest_tp3] [           main] org.hibernate.HQL_FUNCTIONS              : Double asin(NUMERIC arg)
2025-01-16T00:10:32.064+01:00 DEBUG 36632 --- [hotel_rest_tp3] [           main] org.hibernate.HQL_FUNCTIONS              : Double atan(NUMERIC arg)
2025-01-16T00:10:32.064+01:00 DEBUG 36632 --- [hotel_rest_tp3] [           main] org.hibernate.HQL_FUNCTIONS              : Double atan2(NUMERIC arg0, NUMERIC arg1)
2025-01-16T00:10:32.064+01:00 DEBUG 36632 --- [hotel_rest_tp3] [           main] org.hibernate.HQL_FUNCTIONS              : avg(NUMERIC arg)
2025-01-16T00:10:32.064+01:00 DEBUG 36632 --- [hotel_rest_tp3] [           main] org.hibernate.HQL_FUNCTIONS              : bit_and(arg)
2025-01-16T00:10:32.064+01:00 DEBUG 36632 --- [hotel_rest_tp3] [           main] org.hibernate.HQL_FUNCTIONS              : Integer bit_length(STRING_OR_CLOB arg)
2025-01-16T00:10:32.064+01:00 DEBUG 36632 --- [hotel_rest_tp3] [           main] org.hibernate.HQL_FUNCTIONS              : bit_or(arg)
2025-01-16T00:10:32.064+01:00 DEBUG 36632 --- [hotel_rest_tp3] [           main] org.hibernate.HQL_FUNCTIONS              : bitand(arg0, arg1)
2025-01-16T00:10:32.064+01:00 DEBUG 36632 --- [hotel_rest_tp3] [           main] org.hibernate.HQL_FUNCTIONS              : bitnot(arg)
2025-01-16T00:10:32.064+01:00 DEBUG 36632 --- [hotel_rest_tp3] [           main] org.hibernate.HQL_FUNCTIONS              : bitor(arg0, arg1)
2025-01-16T00:10:32.064+01:00 DEBUG 36632 --- [hotel_rest_tp3] [           main] org.hibernate.HQL_FUNCTIONS              : bitxor(arg0, arg1)
2025-01-16T00:10:32.064+01:00 DEBUG 36632 --- [hotel_rest_tp3] [           main] org.hibernate.HQL_FUNCTIONS              : Boolean bool_and(BOOLEAN predicate)
2025-01-16T00:10:32.064+01:00 DEBUG 36632 --- [hotel_rest_tp3] [           main] org.hibernate.HQL_FUNCTIONS              : Boolean bool_or(BOOLEAN predicate)
2025-01-16T00:10:32.064+01:00 DEBUG 36632 --- [hotel_rest_tp3] [           main] org.hibernate.HQL_FUNCTIONS              : cast(arg as Type)
2025-01-16T00:10:32.064+01:00 DEBUG 36632 --- [hotel_rest_tp3] [           main] org.hibernate.HQL_FUNCTIONS              : ceiling(NUMERIC arg)
2025-01-16T00:10:32.065+01:00 DEBUG 36632 --- [hotel_rest_tp3] [           main] org.hibernate.HQL_FUNCTIONS              : Character char(INTEGER arg)
2025-01-16T00:10:32.065+01:00 DEBUG 36632 --- [hotel_rest_tp3] [           main] org.hibernate.HQL_FUNCTIONS              : Integer character_length(STRING_OR_CLOB arg)
2025-01-16T00:10:32.065+01:00 DEBUG 36632 --- [hotel_rest_tp3] [           main] org.hibernate.HQL_FUNCTIONS              : Character chr(INTEGER arg)
2025-01-16T00:10:32.065+01:00 DEBUG 36632 --- [hotel_rest_tp3] [           main] org.hibernate.HQL_FUNCTIONS              : coalesce(arg0[, arg1[, ...]])
2025-01-16T00:10:32.065+01:00 DEBUG 36632 --- [hotel_rest_tp3] [           main] org.hibernate.HQL_FUNCTIONS              : String collate(STRING string as COLLATION collation)
2025-01-16T00:10:32.065+01:00 DEBUG 36632 --- [hotel_rest_tp3] [           main] org.hibernate.HQL_FUNCTIONS              : String concat(STRING string0[, STRING string1[, ...]])
2025-01-16T00:10:32.065+01:00 DEBUG 36632 --- [hotel_rest_tp3] [           main] org.hibernate.HQL_FUNCTIONS              : Double cos(NUMERIC arg)
2025-01-16T00:10:32.065+01:00 DEBUG 36632 --- [hotel_rest_tp3] [           main] org.hibernate.HQL_FUNCTIONS              : Double cosh(NUMERIC arg)
2025-01-16T00:10:32.065+01:00 DEBUG 36632 --- [hotel_rest_tp3] [           main] org.hibernate.HQL_FUNCTIONS              : Double cot(NUMERIC arg)
2025-01-16T00:10:32.065+01:00 DEBUG 36632 --- [hotel_rest_tp3] [           main] org.hibernate.HQL_FUNCTIONS              : Long count([distinct ]{arg|*})
2025-01-16T00:10:32.065+01:00 DEBUG 36632 --- [hotel_rest_tp3] [           main] org.hibernate.HQL_FUNCTIONS              : Double cume_dist([arg0[, ...]])
2025-01-16T00:10:32.065+01:00 DEBUG 36632 --- [hotel_rest_tp3] [           main] org.hibernate.HQL_FUNCTIONS              : Date curdate()
2025-01-16T00:10:32.065+01:00 DEBUG 36632 --- [hotel_rest_tp3] [           main] org.hibernate.HQL_FUNCTIONS              : Date current date
2025-01-16T00:10:32.065+01:00 DEBUG 36632 --- [hotel_rest_tp3] [           main] org.hibernate.HQL_FUNCTIONS              : Time current time
2025-01-16T00:10:32.065+01:00 DEBUG 36632 --- [hotel_rest_tp3] [           main] org.hibernate.HQL_FUNCTIONS              : Timestamp current timestamp
2025-01-16T00:10:32.065+01:00 DEBUG 36632 --- [hotel_rest_tp3] [           main] org.hibernate.HQL_FUNCTIONS              : Date current_date
2025-01-16T00:10:32.065+01:00 DEBUG 36632 --- [hotel_rest_tp3] [           main] org.hibernate.HQL_FUNCTIONS              : Instant current_instant
2025-01-16T00:10:32.065+01:00 DEBUG 36632 --- [hotel_rest_tp3] [           main] org.hibernate.HQL_FUNCTIONS              : Time current_time
2025-01-16T00:10:32.065+01:00 DEBUG 36632 --- [hotel_rest_tp3] [           main] org.hibernate.HQL_FUNCTIONS              : Timestamp current_timestamp
2025-01-16T00:10:32.065+01:00 DEBUG 36632 --- [hotel_rest_tp3] [           main] org.hibernate.HQL_FUNCTIONS              : Time curtime()
2025-01-16T00:10:32.065+01:00 DEBUG 36632 --- [hotel_rest_tp3] [           main] org.hibernate.HQL_FUNCTIONS              : date_trunc(STRING field, TEMPORAL datetime)
2025-01-16T00:10:32.065+01:00 DEBUG 36632 --- [hotel_rest_tp3] [           main] org.hibernate.HQL_FUNCTIONS              : dateadd(TEMPORAL_UNIT field, INTEGER magnitude, TEMPORAL datetime)
2025-01-16T00:10:32.065+01:00 DEBUG 36632 --- [hotel_rest_tp3] [           main] org.hibernate.HQL_FUNCTIONS              : Long|Double datediff(TEMPORAL_UNIT field, TEMPORAL start, TEMPORAL end)
2025-01-16T00:10:32.065+01:00 DEBUG 36632 --- [hotel_rest_tp3] [           main] org.hibernate.HQL_FUNCTIONS              : Integer day(DATE arg)
2025-01-16T00:10:32.065+01:00 DEBUG 36632 --- [hotel_rest_tp3] [           main] org.hibernate.HQL_FUNCTIONS              : Integer day_of_month(DATE arg)
2025-01-16T00:10:32.065+01:00 DEBUG 36632 --- [hotel_rest_tp3] [           main] org.hibernate.HQL_FUNCTIONS              : Integer day_of_week(DATE arg)
2025-01-16T00:10:32.065+01:00 DEBUG 36632 --- [hotel_rest_tp3] [           main] org.hibernate.HQL_FUNCTIONS              : Integer day_of_year(DATE arg)
2025-01-16T00:10:32.065+01:00 DEBUG 36632 --- [hotel_rest_tp3] [           main] org.hibernate.HQL_FUNCTIONS              : String dayname(DATE arg)
2025-01-16T00:10:32.066+01:00 DEBUG 36632 --- [hotel_rest_tp3] [           main] org.hibernate.HQL_FUNCTIONS              : Double degrees(NUMERIC arg)
2025-01-16T00:10:32.066+01:00 DEBUG 36632 --- [hotel_rest_tp3] [           main] org.hibernate.HQL_FUNCTIONS              : Long dense_rank([arg0[, ...]])
2025-01-16T00:10:32.066+01:00 DEBUG 36632 --- [hotel_rest_tp3] [           main] org.hibernate.HQL_FUNCTIONS              : Boolean every(BOOLEAN predicate)
2025-01-16T00:10:32.066+01:00 DEBUG 36632 --- [hotel_rest_tp3] [           main] org.hibernate.HQL_FUNCTIONS              : Double exp(NUMERIC arg)
2025-01-16T00:10:32.066+01:00 DEBUG 36632 --- [hotel_rest_tp3] [           main] org.hibernate.HQL_FUNCTIONS              : extract(TEMPORAL_UNIT field from TEMPORAL arg)
2025-01-16T00:10:32.066+01:00 DEBUG 36632 --- [hotel_rest_tp3] [           main] org.hibernate.HQL_FUNCTIONS              : first_valueANY value
2025-01-16T00:10:32.066+01:00 DEBUG 36632 --- [hotel_rest_tp3] [           main] org.hibernate.HQL_FUNCTIONS              : floor(NUMERIC arg)
2025-01-16T00:10:32.066+01:00 DEBUG 36632 --- [hotel_rest_tp3] [           main] org.hibernate.HQL_FUNCTIONS              : String format(TEMPORAL datetime as STRING pattern)
2025-01-16T00:10:32.066+01:00 DEBUG 36632 --- [hotel_rest_tp3] [           main] org.hibernate.HQL_FUNCTIONS              : greatest(COMPARABLE arg0, COMPARABLE arg1[, arg2[, ...]])
2025-01-16T00:10:32.066+01:00 DEBUG 36632 --- [hotel_rest_tp3] [           main] org.hibernate.HQL_FUNCTIONS              : Integer hour(TIME arg)
2025-01-16T00:10:32.066+01:00 DEBUG 36632 --- [hotel_rest_tp3] [           main] org.hibernate.HQL_FUNCTIONS              : ifnull(arg0, arg1)
2025-01-16T00:10:32.066+01:00 DEBUG 36632 --- [hotel_rest_tp3] [           main] org.hibernate.HQL_FUNCTIONS              : String insert(STRING string, INTEGER start, INTEGER length, STRING replacement)
2025-01-16T00:10:32.066+01:00 DEBUG 36632 --- [hotel_rest_tp3] [           main] org.hibernate.HQL_FUNCTIONS              : Instant instant
2025-01-16T00:10:32.066+01:00 DEBUG 36632 --- [hotel_rest_tp3] [           main] org.hibernate.HQL_FUNCTIONS              : Integer instr(STRING string, STRING pattern[, INTEGER start[, INTEGER occurrence]])
2025-01-16T00:10:32.066+01:00 DEBUG 36632 --- [hotel_rest_tp3] [           main] org.hibernate.HQL_FUNCTIONS              : lagANY value[, INTEGER offset[, ANY default]]
2025-01-16T00:10:32.066+01:00 DEBUG 36632 --- [hotel_rest_tp3] [           main] org.hibernate.HQL_FUNCTIONS              : last_valueANY value
2025-01-16T00:10:32.066+01:00 DEBUG 36632 --- [hotel_rest_tp3] [           main] org.hibernate.HQL_FUNCTIONS              : leadANY value[, INTEGER offset[, ANY default]]
2025-01-16T00:10:32.066+01:00 DEBUG 36632 --- [hotel_rest_tp3] [           main] org.hibernate.HQL_FUNCTIONS              : least(COMPARABLE arg0, COMPARABLE arg1[, arg2[, ...]])
2025-01-16T00:10:32.066+01:00 DEBUG 36632 --- [hotel_rest_tp3] [           main] org.hibernate.HQL_FUNCTIONS              : String left(STRING string, INTEGER length)
2025-01-16T00:10:32.066+01:00 DEBUG 36632 --- [hotel_rest_tp3] [           main] org.hibernate.HQL_FUNCTIONS              : length
2025-01-16T00:10:32.066+01:00 DEBUG 36632 --- [hotel_rest_tp3] [           main] org.hibernate.HQL_FUNCTIONS              : String listagg(STRING arg0, STRING arg1)
2025-01-16T00:10:32.066+01:00 DEBUG 36632 --- [hotel_rest_tp3] [           main] org.hibernate.HQL_FUNCTIONS              : Double ln(NUMERIC arg)
2025-01-16T00:10:32.066+01:00 DEBUG 36632 --- [hotel_rest_tp3] [           main] org.hibernate.HQL_FUNCTIONS              : LocalDate local date
2025-01-16T00:10:32.066+01:00 DEBUG 36632 --- [hotel_rest_tp3] [           main] org.hibernate.HQL_FUNCTIONS              : LocalDateTime local datetime
2025-01-16T00:10:32.066+01:00 DEBUG 36632 --- [hotel_rest_tp3] [           main] org.hibernate.HQL_FUNCTIONS              : LocalTime local time
2025-01-16T00:10:32.066+01:00 DEBUG 36632 --- [hotel_rest_tp3] [           main] org.hibernate.HQL_FUNCTIONS              : LocalDate local_date
2025-01-16T00:10:32.066+01:00 DEBUG 36632 --- [hotel_rest_tp3] [           main] org.hibernate.HQL_FUNCTIONS              : LocalDateTime local_datetime
2025-01-16T00:10:32.066+01:00 DEBUG 36632 --- [hotel_rest_tp3] [           main] org.hibernate.HQL_FUNCTIONS              : LocalTime local_time
2025-01-16T00:10:32.066+01:00 DEBUG 36632 --- [hotel_rest_tp3] [           main] org.hibernate.HQL_FUNCTIONS              : Time localtime
2025-01-16T00:10:32.066+01:00 DEBUG 36632 --- [hotel_rest_tp3] [           main] org.hibernate.HQL_FUNCTIONS              : Timestamp localtimestamp
2025-01-16T00:10:32.066+01:00 DEBUG 36632 --- [hotel_rest_tp3] [           main] org.hibernate.HQL_FUNCTIONS              : Integer locate(STRING pattern, STRING string[, INTEGER start])
2025-01-16T00:10:32.066+01:00 DEBUG 36632 --- [hotel_rest_tp3] [           main] org.hibernate.HQL_FUNCTIONS              : Double log(NUMERIC base, NUMERIC arg)
2025-01-16T00:10:32.066+01:00 DEBUG 36632 --- [hotel_rest_tp3] [           main] org.hibernate.HQL_FUNCTIONS              : Double log10(NUMERIC arg)
2025-01-16T00:10:32.066+01:00 DEBUG 36632 --- [hotel_rest_tp3] [           main] org.hibernate.HQL_FUNCTIONS              : String lower(STRING string)
2025-01-16T00:10:32.066+01:00 DEBUG 36632 --- [hotel_rest_tp3] [           main] org.hibernate.HQL_FUNCTIONS              : String lpad(STRING string, INTEGER length[, STRING padding])
2025-01-16T00:10:32.066+01:00 DEBUG 36632 --- [hotel_rest_tp3] [           main] org.hibernate.HQL_FUNCTIONS              : String ltrim(STRING string)
2025-01-16T00:10:32.066+01:00 DEBUG 36632 --- [hotel_rest_tp3] [           main] org.hibernate.HQL_FUNCTIONS              : max(COMPARABLE arg)
2025-01-16T00:10:32.066+01:00 DEBUG 36632 --- [hotel_rest_tp3] [           main] org.hibernate.HQL_FUNCTIONS              : Double median(NUMERIC arg)
2025-01-16T00:10:32.066+01:00 DEBUG 36632 --- [hotel_rest_tp3] [           main] org.hibernate.HQL_FUNCTIONS              : Integer microsecond(TIME arg)
2025-01-16T00:10:32.067+01:00 DEBUG 36632 --- [hotel_rest_tp3] [           main] org.hibernate.HQL_FUNCTIONS              : min(COMPARABLE arg)
2025-01-16T00:10:32.067+01:00 DEBUG 36632 --- [hotel_rest_tp3] [           main] org.hibernate.HQL_FUNCTIONS              : Integer minute(TIME arg)
2025-01-16T00:10:32.067+01:00 DEBUG 36632 --- [hotel_rest_tp3] [           main] org.hibernate.HQL_FUNCTIONS              : Integer mod(INTEGER arg0, INTEGER arg1)
2025-01-16T00:10:32.067+01:00 DEBUG 36632 --- [hotel_rest_tp3] [           main] org.hibernate.HQL_FUNCTIONS              : mode()
2025-01-16T00:10:32.067+01:00 DEBUG 36632 --- [hotel_rest_tp3] [           main] org.hibernate.HQL_FUNCTIONS              : Integer month(DATE arg)
2025-01-16T00:10:32.067+01:00 DEBUG 36632 --- [hotel_rest_tp3] [           main] org.hibernate.HQL_FUNCTIONS              : String monthname(DATE arg)
2025-01-16T00:10:32.067+01:00 DEBUG 36632 --- [hotel_rest_tp3] [           main] org.hibernate.HQL_FUNCTIONS              : Timestamp now()
2025-01-16T00:10:32.067+01:00 DEBUG 36632 --- [hotel_rest_tp3] [           main] org.hibernate.HQL_FUNCTIONS              : nth_valueANY value, INTEGER nth
2025-01-16T00:10:32.067+01:00 DEBUG 36632 --- [hotel_rest_tp3] [           main] org.hibernate.HQL_FUNCTIONS              : nullif(arg0, arg1)
2025-01-16T00:10:32.067+01:00 DEBUG 36632 --- [hotel_rest_tp3] [           main] org.hibernate.HQL_FUNCTIONS              : Integer octet_length(STRING_OR_CLOB arg)
2025-01-16T00:10:32.067+01:00 DEBUG 36632 --- [hotel_rest_tp3] [           main] org.hibernate.HQL_FUNCTIONS              : OffsetDateTime offset datetime
2025-01-16T00:10:32.067+01:00 DEBUG 36632 --- [hotel_rest_tp3] [           main] org.hibernate.HQL_FUNCTIONS              : OffsetDateTime offset_datetime
2025-01-16T00:10:32.067+01:00 DEBUG 36632 --- [hotel_rest_tp3] [           main] org.hibernate.HQL_FUNCTIONS              : String overlay(STRING string placing STRING replacement from INTEGER start[ for INTEGER length])
2025-01-16T00:10:32.067+01:00 DEBUG 36632 --- [hotel_rest_tp3] [           main] org.hibernate.HQL_FUNCTIONS              : String pad(STRING string with INTEGER length {leading|trailing}[ STRING character])
2025-01-16T00:10:32.068+01:00 DEBUG 36632 --- [hotel_rest_tp3] [           main] org.hibernate.HQL_FUNCTIONS              : Double percent_rank([arg0[, ...]])
2025-01-16T00:10:32.068+01:00 DEBUG 36632 --- [hotel_rest_tp3] [           main] org.hibernate.HQL_FUNCTIONS              : percentile_cont(NUMERIC arg)
2025-01-16T00:10:32.068+01:00 DEBUG 36632 --- [hotel_rest_tp3] [           main] org.hibernate.HQL_FUNCTIONS              : percentile_disc(NUMERIC arg)
2025-01-16T00:10:32.068+01:00 DEBUG 36632 --- [hotel_rest_tp3] [           main] org.hibernate.HQL_FUNCTIONS              : Double pi
2025-01-16T00:10:32.068+01:00 DEBUG 36632 --- [hotel_rest_tp3] [           main] org.hibernate.HQL_FUNCTIONS              : Integer position(STRING pattern in STRING string)
2025-01-16T00:10:32.068+01:00 DEBUG 36632 --- [hotel_rest_tp3] [           main] org.hibernate.HQL_FUNCTIONS              : Double power(NUMERIC arg0, NUMERIC arg1)
2025-01-16T00:10:32.068+01:00 DEBUG 36632 --- [hotel_rest_tp3] [           main] org.hibernate.HQL_FUNCTIONS              : Integer quarter(DATE arg)
2025-01-16T00:10:32.068+01:00 DEBUG 36632 --- [hotel_rest_tp3] [           main] org.hibernate.HQL_FUNCTIONS              : Double radians(NUMERIC arg)
2025-01-16T00:10:32.068+01:00 DEBUG 36632 --- [hotel_rest_tp3] [           main] org.hibernate.HQL_FUNCTIONS              : Double rand([INTEGER seed])
2025-01-16T00:10:32.068+01:00 DEBUG 36632 --- [hotel_rest_tp3] [           main] org.hibernate.HQL_FUNCTIONS              : Long rank([arg0[, ...]])
2025-01-16T00:10:32.068+01:00 DEBUG 36632 --- [hotel_rest_tp3] [           main] org.hibernate.HQL_FUNCTIONS              : String repeat(STRING string, INTEGER times)
2025-01-16T00:10:32.068+01:00 DEBUG 36632 --- [hotel_rest_tp3] [           main] org.hibernate.HQL_FUNCTIONS              : String replace(STRING string, STRING pattern, STRING replacement)
2025-01-16T00:10:32.068+01:00 DEBUG 36632 --- [hotel_rest_tp3] [           main] org.hibernate.HQL_FUNCTIONS              : String right(STRING string, INTEGER length)
2025-01-16T00:10:32.068+01:00 DEBUG 36632 --- [hotel_rest_tp3] [           main] org.hibernate.HQL_FUNCTIONS              : round(NUMERIC number[, INTEGER places])
2025-01-16T00:10:32.068+01:00 DEBUG 36632 --- [hotel_rest_tp3] [           main] org.hibernate.HQL_FUNCTIONS              : Long row_number()
2025-01-16T00:10:32.068+01:00 DEBUG 36632 --- [hotel_rest_tp3] [           main] org.hibernate.HQL_FUNCTIONS              : Long rownum()
2025-01-16T00:10:32.069+01:00 DEBUG 36632 --- [hotel_rest_tp3] [           main] org.hibernate.HQL_FUNCTIONS              : String rpad(STRING string, INTEGER length[, STRING padding])
2025-01-16T00:10:32.069+01:00 DEBUG 36632 --- [hotel_rest_tp3] [           main] org.hibernate.HQL_FUNCTIONS              : String rtrim(STRING string)
2025-01-16T00:10:32.069+01:00 DEBUG 36632 --- [hotel_rest_tp3] [           main] org.hibernate.HQL_FUNCTIONS              : Integer second(TIME arg)
2025-01-16T00:10:32.069+01:00 DEBUG 36632 --- [hotel_rest_tp3] [           main] org.hibernate.HQL_FUNCTIONS              : Integer sign(NUMERIC arg)
2025-01-16T00:10:32.069+01:00 DEBUG 36632 --- [hotel_rest_tp3] [           main] org.hibernate.HQL_FUNCTIONS              : Double sin(NUMERIC arg)
2025-01-16T00:10:32.069+01:00 DEBUG 36632 --- [hotel_rest_tp3] [           main] org.hibernate.HQL_FUNCTIONS              : Double sinh(NUMERIC arg)
2025-01-16T00:10:32.069+01:00 DEBUG 36632 --- [hotel_rest_tp3] [           main] org.hibernate.HQL_FUNCTIONS              : String soundex(arg)
2025-01-16T00:10:32.069+01:00 DEBUG 36632 --- [hotel_rest_tp3] [           main] org.hibernate.HQL_FUNCTIONS              : String space(INTEGER arg)
2025-01-16T00:10:32.069+01:00 DEBUG 36632 --- [hotel_rest_tp3] [           main] org.hibernate.HQL_FUNCTIONS              : Object sql
2025-01-16T00:10:32.069+01:00 DEBUG 36632 --- [hotel_rest_tp3] [           main] org.hibernate.HQL_FUNCTIONS              : Double sqrt(NUMERIC arg)
2025-01-16T00:10:32.069+01:00 DEBUG 36632 --- [hotel_rest_tp3] [           main] org.hibernate.HQL_FUNCTIONS              : Double stddev_pop(NUMERIC arg)
2025-01-16T00:10:32.069+01:00 DEBUG 36632 --- [hotel_rest_tp3] [           main] org.hibernate.HQL_FUNCTIONS              : Double stddev_samp(NUMERIC arg)
2025-01-16T00:10:32.069+01:00 DEBUG 36632 --- [hotel_rest_tp3] [           main] org.hibernate.HQL_FUNCTIONS              : String str(arg)
2025-01-16T00:10:32.069+01:00 DEBUG 36632 --- [hotel_rest_tp3] [           main] org.hibernate.HQL_FUNCTIONS              : String substr(STRING string, INTEGER start[, INTEGER length])
2025-01-16T00:10:32.069+01:00 DEBUG 36632 --- [hotel_rest_tp3] [           main] org.hibernate.HQL_FUNCTIONS              : String substring(STRING string{ from|,} INTEGER start[{ for|,} INTEGER length])
2025-01-16T00:10:32.069+01:00 DEBUG 36632 --- [hotel_rest_tp3] [           main] org.hibernate.HQL_FUNCTIONS              : sum(arg)
2025-01-16T00:10:32.069+01:00 DEBUG 36632 --- [hotel_rest_tp3] [           main] org.hibernate.HQL_FUNCTIONS              : Timestamp sysdate
2025-01-16T00:10:32.069+01:00 DEBUG 36632 --- [hotel_rest_tp3] [           main] org.hibernate.HQL_FUNCTIONS              : Double tan(NUMERIC arg)
2025-01-16T00:10:32.069+01:00 DEBUG 36632 --- [hotel_rest_tp3] [           main] org.hibernate.HQL_FUNCTIONS              : Double tanh(NUMERIC arg)
2025-01-16T00:10:32.069+01:00 DEBUG 36632 --- [hotel_rest_tp3] [           main] org.hibernate.HQL_FUNCTIONS              : timestampadd(TEMPORAL_UNIT field, INTEGER magnitude, TEMPORAL datetime)
2025-01-16T00:10:32.069+01:00 DEBUG 36632 --- [hotel_rest_tp3] [           main] org.hibernate.HQL_FUNCTIONS              : Long|Double timestampdiff(TEMPORAL_UNIT field, TEMPORAL start, TEMPORAL end)
2025-01-16T00:10:32.069+01:00 DEBUG 36632 --- [hotel_rest_tp3] [           main] org.hibernate.HQL_FUNCTIONS              : String translate(STRING arg0, STRING arg1, STRING arg2)
2025-01-16T00:10:32.070+01:00 DEBUG 36632 --- [hotel_rest_tp3] [           main] org.hibernate.HQL_FUNCTIONS              : String trim([[{leading|trailing|both} ][STRING arg0 ]from] STRING arg1)
2025-01-16T00:10:32.070+01:00 DEBUG 36632 --- [hotel_rest_tp3] [           main] org.hibernate.HQL_FUNCTIONS              : trunc( ... )
2025-01-16T00:10:32.070+01:00 DEBUG 36632 --- [hotel_rest_tp3] [           main] org.hibernate.HQL_FUNCTIONS              : truncate( ... )
2025-01-16T00:10:32.070+01:00 DEBUG 36632 --- [hotel_rest_tp3] [           main] org.hibernate.HQL_FUNCTIONS              : String upper(STRING string)
2025-01-16T00:10:32.070+01:00 DEBUG 36632 --- [hotel_rest_tp3] [           main] org.hibernate.HQL_FUNCTIONS              : Double var_pop(NUMERIC arg)
2025-01-16T00:10:32.070+01:00 DEBUG 36632 --- [hotel_rest_tp3] [           main] org.hibernate.HQL_FUNCTIONS              : Double var_samp(NUMERIC arg)
2025-01-16T00:10:32.070+01:00 DEBUG 36632 --- [hotel_rest_tp3] [           main] org.hibernate.HQL_FUNCTIONS              : Integer week(DATE arg)
2025-01-16T00:10:32.070+01:00 DEBUG 36632 --- [hotel_rest_tp3] [           main] org.hibernate.HQL_FUNCTIONS              : Integer year(DATE arg)
2025-01-16T00:10:32.114+01:00 DEBUG 36632 --- [hotel_rest_tp3] [           main] org.hibernate.orm.query.plan.cache       : Starting QueryInterpretationCache(2048)
2025-01-16T00:10:32.486+01:00 DEBUG 36632 --- [hotel_rest_tp3] [           main] .h.s.i.SessionFactoryServiceRegistryImpl : EventListenerRegistry access via ServiceRegistry is deprecated.  Use `sessionFactory.getEventEngine().getListenerRegistry()` instead
2025-01-16T00:10:32.493+01:00 DEBUG 36632 --- [hotel_rest_tp3] [           main] h.e.i.EntityCopyObserverFactoryInitiator : Configured EntityCopyObserver strategy: disallow
2025-01-16T00:10:32.786+01:00 DEBUG 36632 --- [hotel_rest_tp3] [           main] org.hibernate.ormbytecode.interceptor    : To-one property `hotel.rest.models.Hotel#adresse` was mapped with LAZY + NO_PROXY but the class was not enhanced
2025-01-16T00:10:32.825+01:00 DEBUG 36632 --- [hotel_rest_tp3] [           main] org.hibernate.ormbytecode.interceptor    : To-one property `hotel.rest.models.Hotel#adresse` was mapped with LAZY + NO_PROXY but the class was not enhanced
2025-01-16T00:10:32.856+01:00 DEBUG 36632 --- [hotel_rest_tp3] [           main] o.h.boot.internal.ClassLoaderAccessImpl  : Not known whether passed class name [hotel.rest.models.Hotel] is safe
2025-01-16T00:10:32.857+01:00 DEBUG 36632 --- [hotel_rest_tp3] [           main] o.h.boot.internal.ClassLoaderAccessImpl  : No temp ClassLoader provided; using live ClassLoader for loading potentially unsafe class : hotel.rest.models.Hotel
2025-01-16T00:10:33.719+01:00 DEBUG 36632 --- [hotel_rest_tp3] [           main] o.h.b.i.bytebuddy.BytecodeProviderImpl   : HHH000513: Unable to create the ReflectionOptimizer for [hotel.rest.models.Hotel]: private accessor [adresse]
2025-01-16T00:10:33.740+01:00 DEBUG 36632 --- [hotel_rest_tp3] [           main] org.hibernate.ormbytecode.interceptor    : To-one property `hotel.rest.models.Hotel#adresse` was mapped with LAZY + NO_PROXY but the class was not enhanced
2025-01-16T00:10:33.822+01:00 DEBUG 36632 --- [hotel_rest_tp3] [           main] o.h.boot.internal.ClassLoaderAccessImpl  : Not known whether passed class name [hotel.rest.models.Chambre] is safe
2025-01-16T00:10:33.822+01:00 DEBUG 36632 --- [hotel_rest_tp3] [           main] o.h.boot.internal.ClassLoaderAccessImpl  : No temp ClassLoader provided; using live ClassLoader for loading potentially unsafe class : hotel.rest.models.Chambre
2025-01-16T00:10:33.844+01:00 DEBUG 36632 --- [hotel_rest_tp3] [           main] o.h.b.i.bytebuddy.BytecodeProviderImpl   : HHH000513: Unable to create the ReflectionOptimizer for [hotel.rest.models.Chambre]: private accessor [dateReservee]
2025-01-16T00:10:33.845+01:00 DEBUG 36632 --- [hotel_rest_tp3] [           main] o.h.boot.internal.ClassLoaderAccessImpl  : Not known whether passed class name [hotel.rest.models.Adresse] is safe
2025-01-16T00:10:33.845+01:00 DEBUG 36632 --- [hotel_rest_tp3] [           main] o.h.boot.internal.ClassLoaderAccessImpl  : No temp ClassLoader provided; using live ClassLoader for loading potentially unsafe class : hotel.rest.models.Adresse
2025-01-16T00:10:33.861+01:00 DEBUG 36632 --- [hotel_rest_tp3] [           main] o.h.b.i.bytebuddy.BytecodeProviderImpl   : HHH000513: Unable to create the ReflectionOptimizer for [hotel.rest.models.Adresse]: private accessor [codePostal]
2025-01-16T00:10:33.862+01:00 DEBUG 36632 --- [hotel_rest_tp3] [           main] org.hibernate.ormbytecode.interceptor    : To-one property `hotel.rest.models.Reservation#chambreReservee` was mapped with LAZY + NO_PROXY but the class was not enhanced
2025-01-16T00:10:33.862+01:00 DEBUG 36632 --- [hotel_rest_tp3] [           main] org.hibernate.ormbytecode.interceptor    : To-one property `hotel.rest.models.Reservation#chambreReservee` was mapped with LAZY + NO_PROXY but the class was not enhanced
2025-01-16T00:10:33.862+01:00 DEBUG 36632 --- [hotel_rest_tp3] [           main] org.hibernate.ormbytecode.interceptor    : To-one property `hotel.rest.models.Reservation#client` was mapped with LAZY + NO_PROXY but the class was not enhanced
2025-01-16T00:10:33.862+01:00 DEBUG 36632 --- [hotel_rest_tp3] [           main] org.hibernate.ormbytecode.interceptor    : To-one property `hotel.rest.models.Reservation#client` was mapped with LAZY + NO_PROXY but the class was not enhanced
2025-01-16T00:10:33.862+01:00 DEBUG 36632 --- [hotel_rest_tp3] [           main] o.h.boot.internal.ClassLoaderAccessImpl  : Not known whether passed class name [hotel.rest.models.Reservation] is safe
2025-01-16T00:10:33.862+01:00 DEBUG 36632 --- [hotel_rest_tp3] [           main] o.h.boot.internal.ClassLoaderAccessImpl  : No temp ClassLoader provided; using live ClassLoader for loading potentially unsafe class : hotel.rest.models.Reservation
2025-01-16T00:10:33.884+01:00 DEBUG 36632 --- [hotel_rest_tp3] [           main] o.h.b.i.bytebuddy.BytecodeProviderImpl   : HHH000513: Unable to create the ReflectionOptimizer for [hotel.rest.models.Reservation]: private accessor [chambreReservee]
2025-01-16T00:10:33.885+01:00 DEBUG 36632 --- [hotel_rest_tp3] [           main] org.hibernate.ormbytecode.interceptor    : To-one property `hotel.rest.models.Reservation#chambreReservee` was mapped with LAZY + NO_PROXY but the class was not enhanced
2025-01-16T00:10:33.885+01:00 DEBUG 36632 --- [hotel_rest_tp3] [           main] org.hibernate.ormbytecode.interceptor    : To-one property `hotel.rest.models.Reservation#client` was mapped with LAZY + NO_PROXY but the class was not enhanced
2025-01-16T00:10:33.886+01:00 DEBUG 36632 --- [hotel_rest_tp3] [           main] org.hibernate.ormbytecode.interceptor    : To-one property `hotel.rest.models.Personne#adressePersonne` was mapped with LAZY + NO_PROXY but the class was not enhanced
2025-01-16T00:10:33.886+01:00 DEBUG 36632 --- [hotel_rest_tp3] [           main] org.hibernate.ormbytecode.interceptor    : To-one property `hotel.rest.models.Personne#adressePersonne` was mapped with LAZY + NO_PROXY but the class was not enhanced
2025-01-16T00:10:33.886+01:00 DEBUG 36632 --- [hotel_rest_tp3] [           main] org.hibernate.ormbytecode.interceptor    : To-one property `hotel.rest.models.Personne#reservation` was mapped with LAZY + NO_PROXY but the class was not enhanced
2025-01-16T00:10:33.886+01:00 DEBUG 36632 --- [hotel_rest_tp3] [           main] org.hibernate.ormbytecode.interceptor    : To-one property `hotel.rest.models.Personne#reservation` was mapped with LAZY + NO_PROXY but the class was not enhanced
2025-01-16T00:10:33.886+01:00 DEBUG 36632 --- [hotel_rest_tp3] [           main] o.h.boot.internal.ClassLoaderAccessImpl  : Not known whether passed class name [hotel.rest.models.Personne] is safe
2025-01-16T00:10:33.886+01:00 DEBUG 36632 --- [hotel_rest_tp3] [           main] o.h.boot.internal.ClassLoaderAccessImpl  : No temp ClassLoader provided; using live ClassLoader for loading potentially unsafe class : hotel.rest.models.Personne
2025-01-16T00:10:33.906+01:00 DEBUG 36632 --- [hotel_rest_tp3] [           main] o.h.b.i.bytebuddy.BytecodeProviderImpl   : HHH000513: Unable to create the ReflectionOptimizer for [hotel.rest.models.Personne]: private accessor [adressePersonne]
2025-01-16T00:10:33.906+01:00 DEBUG 36632 --- [hotel_rest_tp3] [           main] org.hibernate.ormbytecode.interceptor    : To-one property `hotel.rest.models.Personne#adressePersonne` was mapped with LAZY + NO_PROXY but the class was not enhanced
2025-01-16T00:10:33.906+01:00 DEBUG 36632 --- [hotel_rest_tp3] [           main] org.hibernate.ormbytecode.interceptor    : To-one property `hotel.rest.models.Personne#reservation` was mapped with LAZY + NO_PROXY but the class was not enhanced
2025-01-16T00:10:34.110+01:00 DEBUG 36632 --- [hotel_rest_tp3] [           main] o.hibernate.orm.model.mapping.creation   : Starting post-init callbacks
2025-01-16T00:10:34.110+01:00 DEBUG 36632 --- [hotel_rest_tp3] [           main] o.hibernate.orm.model.mapping.creation   : Starting PostInitCallbackEntry : To-one key - NavigableRole[hotel.rest.models.Hotel.adresse]
2025-01-16T00:10:34.127+01:00 DEBUG 36632 --- [hotel_rest_tp3] [           main] o.hibernate.orm.model.mapping.creation   : Starting PostInitCallbackEntry : PluralAttributeMapping( NavigableRole[hotel.rest.models.Hotel.listeChambre#{element}]) - element descriptor
2025-01-16T00:10:34.127+01:00 DEBUG 36632 --- [hotel_rest_tp3] [           main] o.hibernate.orm.model.mapping.creation   : Starting PostInitCallbackEntry : PluralAttributeMapping(hotel.rest.models.Hotel.listeChambre)#finishInitialization
2025-01-16T00:10:34.127+01:00 DEBUG 36632 --- [hotel_rest_tp3] [           main] o.hibernate.orm.model.mapping.creation   : Starting PostInitCallbackEntry : PluralAttributeMapping(hotel.rest.models.Hotel.listeChambre) - key descriptor
2025-01-16T00:10:34.127+01:00 DEBUG 36632 --- [hotel_rest_tp3] [           main] o.hibernate.orm.model.mapping.creation   : Starting PostInitCallbackEntry : Entity(hotel.rest.models.Hotel) `staticFetchableList` generator
2025-01-16T00:10:34.127+01:00 DEBUG 36632 --- [hotel_rest_tp3] [           main] o.hibernate.orm.model.mapping.creation   : Starting PostInitCallbackEntry : PluralAttributeMapping( NavigableRole[hotel.rest.models.Chambre.reservation#{element}]) - element descriptor
2025-01-16T00:10:34.127+01:00 DEBUG 36632 --- [hotel_rest_tp3] [           main] o.hibernate.orm.model.mapping.creation   : Starting PostInitCallbackEntry : PluralAttributeMapping(hotel.rest.models.Chambre.reservation)#finishInitialization
2025-01-16T00:10:34.127+01:00 DEBUG 36632 --- [hotel_rest_tp3] [           main] o.hibernate.orm.model.mapping.creation   : Starting PostInitCallbackEntry : PluralAttributeMapping(hotel.rest.models.Chambre.reservation) - key descriptor
2025-01-16T00:10:34.127+01:00 DEBUG 36632 --- [hotel_rest_tp3] [           main] o.hibernate.orm.model.mapping.creation   : Starting PostInitCallbackEntry : Entity(hotel.rest.models.Chambre) `staticFetchableList` generator
2025-01-16T00:10:34.127+01:00 DEBUG 36632 --- [hotel_rest_tp3] [           main] o.hibernate.orm.model.mapping.creation   : Starting PostInitCallbackEntry : Entity(hotel.rest.models.Chambre) `sqmMultiTableInsertStrategy` interpretation
2025-01-16T00:10:34.150+01:00 DEBUG 36632 --- [hotel_rest_tp3] [           main] h.q.s.m.i.t.GlobalTemporaryTableStrategy : Creating global-temp ID table : HTE_chambre
2025-01-16T00:10:34.167+01:00 DEBUG 36632 --- [hotel_rest_tp3] [           main] org.hibernate.SQL                        : create global temporary table HTE_chambre(nombre_lit integer, rn_ integer not null, type_chambre tinyint, id bigint, prix float(53), date_reservee date array, primary key (rn_)) TRANSACTIONAL
2025-01-16T00:10:34.197+01:00 DEBUG 36632 --- [hotel_rest_tp3] [           main] o.hibernate.orm.model.mapping.creation   : Starting PostInitCallbackEntry : Entity(hotel.rest.models.Adresse) `staticFetchableList` generator
2025-01-16T00:10:34.197+01:00 DEBUG 36632 --- [hotel_rest_tp3] [           main] o.hibernate.orm.model.mapping.creation   : Starting PostInitCallbackEntry : Entity(hotel.rest.models.Adresse) `sqmMultiTableInsertStrategy` interpretation
2025-01-16T00:10:34.198+01:00 DEBUG 36632 --- [hotel_rest_tp3] [           main] h.q.s.m.i.t.GlobalTemporaryTableStrategy : Creating global-temp ID table : HTE_adresse
2025-01-16T00:10:34.198+01:00 DEBUG 36632 --- [hotel_rest_tp3] [           main] org.hibernate.SQL                        : create global temporary table HTE_adresse(rn_ integer not null, id bigint, code_postal varchar(255), numero varchar(255), pays varchar(255), rue varchar(255), ville varchar(255), primary key (rn_)) TRANSACTIONAL
2025-01-16T00:10:34.199+01:00 DEBUG 36632 --- [hotel_rest_tp3] [           main] o.hibernate.orm.model.mapping.creation   : Starting PostInitCallbackEntry : To-one key - NavigableRole[hotel.rest.models.Reservation.chambreReservee]
2025-01-16T00:10:34.199+01:00 DEBUG 36632 --- [hotel_rest_tp3] [           main] o.hibernate.orm.model.mapping.creation   : Starting PostInitCallbackEntry : To-one key - NavigableRole[hotel.rest.models.Reservation.client]
2025-01-16T00:10:34.199+01:00 DEBUG 36632 --- [hotel_rest_tp3] [           main] o.hibernate.orm.model.mapping.creation   : Starting PostInitCallbackEntry : Entity(hotel.rest.models.Reservation) `staticFetchableList` generator
2025-01-16T00:10:34.199+01:00 DEBUG 36632 --- [hotel_rest_tp3] [           main] o.hibernate.orm.model.mapping.creation   : Starting PostInitCallbackEntry : Entity(hotel.rest.models.Reservation) `sqmMultiTableInsertStrategy` interpretation
2025-01-16T00:10:34.199+01:00 DEBUG 36632 --- [hotel_rest_tp3] [           main] h.q.s.m.i.t.GlobalTemporaryTableStrategy : Creating global-temp ID table : HTE_reservation
2025-01-16T00:10:34.199+01:00 DEBUG 36632 --- [hotel_rest_tp3] [           main] org.hibernate.SQL                        : create global temporary table HTE_reservation(date_entree date, date_sortie date, rn_ integer not null, chambre_id bigint, numero_reservation bigint, personne_id bigint, date_reservee date array, primary key (rn_)) TRANSACTIONAL
2025-01-16T00:10:34.200+01:00 DEBUG 36632 --- [hotel_rest_tp3] [           main] o.hibernate.orm.model.mapping.creation   : Starting PostInitCallbackEntry : To-one key - NavigableRole[hotel.rest.models.Personne.adressePersonne]
2025-01-16T00:10:34.200+01:00 DEBUG 36632 --- [hotel_rest_tp3] [           main] o.hibernate.orm.model.mapping.creation   : Starting PostInitCallbackEntry : To-one key - NavigableRole[hotel.rest.models.Personne.reservation]
2025-01-16T00:10:34.201+01:00 DEBUG 36632 --- [hotel_rest_tp3] [           main] o.hibernate.orm.model.mapping.creation   : Starting PostInitCallbackEntry : Entity(hotel.rest.models.Personne) `staticFetchableList` generator
2025-01-16T00:10:34.201+01:00 DEBUG 36632 --- [hotel_rest_tp3] [           main] o.hibernate.orm.model.mapping.creation   : Starting PostInitCallbackEntry : Entity(hotel.rest.models.Personne) `sqmMultiTableInsertStrategy` interpretation
2025-01-16T00:10:34.201+01:00 DEBUG 36632 --- [hotel_rest_tp3] [           main] h.q.s.m.i.t.GlobalTemporaryTableStrategy : Creating global-temp ID table : HTE_personne
2025-01-16T00:10:34.201+01:00 DEBUG 36632 --- [hotel_rest_tp3] [           main] org.hibernate.SQL                        : create global temporary table HTE_personne(age integer, nationalite smallint, rn_ integer not null, adresse_id bigint, id bigint, reservation_id bigint, nom varchar(255), prenom varchar(255), primary key (rn_)) TRANSACTIONAL
2025-01-16T00:10:34.202+01:00 DEBUG 36632 --- [hotel_rest_tp3] [           main] o.hibernate.orm.model.mapping.creation   : Starting PostInitCallbackEntry : PluralAttributeMapping( NavigableRole[hotel.rest.models.Hotel.listeChambre#{element}]) - element descriptor
2025-01-16T00:10:34.202+01:00 DEBUG 36632 --- [hotel_rest_tp3] [           main] o.hibernate.orm.model.mapping.creation   : Starting PostInitCallbackEntry : PluralAttributeMapping( NavigableRole[hotel.rest.models.Chambre.reservation#{element}]) - element descriptor
2025-01-16T00:10:34.607+01:00 DEBUG 36632 --- [hotel_rest_tp3] [           main] org.hibernate.orm.sql.ast.create         : Created new SQL alias : h1_0
2025-01-16T00:10:34.616+01:00 DEBUG 36632 --- [hotel_rest_tp3] [           main] org.hibernate.orm.sql.ast.create         : Registration of TableGroup [StandardTableGroup(hotel.rest.models.Hotel)] with identifierForTableGroup [hotel.rest.models.Hotel] for NavigablePath [hotel.rest.models.Hotel] 
2025-01-16T00:10:34.667+01:00 DEBUG 36632 --- [hotel_rest_tp3] [           main] org.hibernate.orm.sql.ast.create         : Registration of TableGroup [org.hibernate.sql.ast.tree.from.LazyTableGroup@448fa659] with identifierForTableGroup [hotel.rest.models.Hotel.adresse] for NavigablePath [hotel.rest.models.Hotel.adresse] 
2025-01-16T00:10:34.673+01:00 DEBUG 36632 --- [hotel_rest_tp3] [           main] org.hibernate.orm.sql.ast.create         : Created new SQL alias : a1_0
2025-01-16T00:10:34.738+01:00 DEBUG 36632 --- [hotel_rest_tp3] [           main] org.hibernate.orm.results.graph.AST      : DomainResult Graph:
 \-EntityResultImpl [hotel.rest.models.Hotel]
 |  +-EntityFetchJoinedImpl [hotel.rest.models.Hotel.adresse]
 |  |  +-BasicFetch [hotel.rest.models.Hotel.adresse.codePostal]
 |  |  +-BasicFetch [hotel.rest.models.Hotel.adresse.numero]
 |  |  +-BasicFetch [hotel.rest.models.Hotel.adresse.pays]
 |  |  +-BasicFetch [hotel.rest.models.Hotel.adresse.rue]
 |  |  \-BasicFetch [hotel.rest.models.Hotel.adresse.ville]
 |  +-DelayedCollectionFetch [hotel.rest.models.Hotel.listeChambre]
 |  +-BasicFetch [hotel.rest.models.Hotel.nom]
 |  \-BasicFetch [hotel.rest.models.Hotel.nombreEtoile]

2025-01-16T00:10:34.748+01:00 DEBUG 36632 --- [hotel_rest_tp3] [           main] org.hibernate.orm.sql.ast.tree           : SQL AST Tree:
    SelectStatement {
      FromClause {
        StandardTableGroup (h1 : hotel.rest.models.Hotel) {
          primaryTableReference : hotel as h1_0
          TableGroupJoins {
            left  join LazyTableGroup (a1 : hotel.rest.models.Hotel.adresse) {
              primaryTableReference : adresse as a1_0
            }
          }
        }
      }
    }

2025-01-16T00:10:34.791+01:00 DEBUG 36632 --- [hotel_rest_tp3] [           main] o.h.p.entity.AbstractEntityPersister     : Static SQL for entity: hotel.rest.models.Hotel
2025-01-16T00:10:34.791+01:00 DEBUG 36632 --- [hotel_rest_tp3] [           main] o.h.p.entity.AbstractEntityPersister     :  Version select: select id from hotel where id=?
2025-01-16T00:10:34.791+01:00 DEBUG 36632 --- [hotel_rest_tp3] [           main] o.h.p.entity.AbstractEntityPersister     :  Insert (0): insert into hotel (adresse_id,nom,nombre_etoile,id) values (?,?,?,?)
2025-01-16T00:10:34.791+01:00 DEBUG 36632 --- [hotel_rest_tp3] [           main] o.h.p.entity.AbstractEntityPersister     :  Update (0): update hotel set adresse_id=?,nom=?,nombre_etoile=? where id=?
2025-01-16T00:10:34.791+01:00 DEBUG 36632 --- [hotel_rest_tp3] [           main] o.h.p.entity.AbstractEntityPersister     :  Delete (0): delete from hotel where id=?
2025-01-16T00:10:34.791+01:00 DEBUG 36632 --- [hotel_rest_tp3] [           main] org.hibernate.orm.sql.ast.create         : Created new SQL alias : c1_0
2025-01-16T00:10:34.791+01:00 DEBUG 36632 --- [hotel_rest_tp3] [           main] org.hibernate.orm.sql.ast.create         : Registration of TableGroup [StandardTableGroup(hotel.rest.models.Chambre)] with identifierForTableGroup [hotel.rest.models.Chambre] for NavigablePath [hotel.rest.models.Chambre] 
2025-01-16T00:10:34.791+01:00 DEBUG 36632 --- [hotel_rest_tp3] [           main] org.hibernate.orm.results.graph.AST      : DomainResult Graph:
 \-EntityResultImpl [hotel.rest.models.Chambre]
 |  +-BasicFetch [hotel.rest.models.Chambre.dateReservee]
 |  +-BasicFetch [hotel.rest.models.Chambre.nombreLit]
 |  +-BasicFetch [hotel.rest.models.Chambre.prix]
 |  +-DelayedCollectionFetch [hotel.rest.models.Chambre.reservation]
 |  \-BasicFetch [hotel.rest.models.Chambre.typeChambre]

2025-01-16T00:10:34.791+01:00 DEBUG 36632 --- [hotel_rest_tp3] [           main] org.hibernate.orm.sql.ast.tree           : SQL AST Tree:
    SelectStatement {
      FromClause {
        StandardTableGroup (c1 : hotel.rest.models.Chambre) {
          primaryTableReference : chambre as c1_0
        }
      }
    }

2025-01-16T00:10:34.792+01:00 DEBUG 36632 --- [hotel_rest_tp3] [           main] o.h.p.entity.AbstractEntityPersister     : Static SQL for entity: hotel.rest.models.Chambre
2025-01-16T00:10:34.792+01:00 DEBUG 36632 --- [hotel_rest_tp3] [           main] o.h.p.entity.AbstractEntityPersister     :  Version select: select id from chambre where id=?
2025-01-16T00:10:34.792+01:00 DEBUG 36632 --- [hotel_rest_tp3] [           main] o.h.p.entity.AbstractEntityPersister     :  Insert (0): insert into chambre (date_reservee,nombre_lit,prix,type_chambre,id) values (?,?,?,?,?)
2025-01-16T00:10:34.792+01:00 DEBUG 36632 --- [hotel_rest_tp3] [           main] o.h.p.entity.AbstractEntityPersister     :  Update (0): update chambre set date_reservee=?,nombre_lit=?,prix=?,type_chambre=? where id=?
2025-01-16T00:10:34.792+01:00 DEBUG 36632 --- [hotel_rest_tp3] [           main] o.h.p.entity.AbstractEntityPersister     :  Delete (0): delete from chambre where id=?
2025-01-16T00:10:34.792+01:00 DEBUG 36632 --- [hotel_rest_tp3] [           main] org.hibernate.orm.sql.ast.create         : Created new SQL alias : a1_0
2025-01-16T00:10:34.792+01:00 DEBUG 36632 --- [hotel_rest_tp3] [           main] org.hibernate.orm.sql.ast.create         : Registration of TableGroup [StandardTableGroup(hotel.rest.models.Adresse)] with identifierForTableGroup [hotel.rest.models.Adresse] for NavigablePath [hotel.rest.models.Adresse] 
2025-01-16T00:10:34.792+01:00 DEBUG 36632 --- [hotel_rest_tp3] [           main] org.hibernate.orm.results.graph.AST      : DomainResult Graph:
 \-EntityResultImpl [hotel.rest.models.Adresse]
 |  +-BasicFetch [hotel.rest.models.Adresse.codePostal]
 |  +-BasicFetch [hotel.rest.models.Adresse.numero]
 |  +-BasicFetch [hotel.rest.models.Adresse.pays]
 |  +-BasicFetch [hotel.rest.models.Adresse.rue]
 |  \-BasicFetch [hotel.rest.models.Adresse.ville]

2025-01-16T00:10:34.792+01:00 DEBUG 36632 --- [hotel_rest_tp3] [           main] org.hibernate.orm.sql.ast.tree           : SQL AST Tree:
    SelectStatement {
      FromClause {
        StandardTableGroup (a1 : hotel.rest.models.Adresse) {
          primaryTableReference : adresse as a1_0
        }
      }
    }

2025-01-16T00:10:34.792+01:00 DEBUG 36632 --- [hotel_rest_tp3] [           main] o.h.p.entity.AbstractEntityPersister     : Static SQL for entity: hotel.rest.models.Adresse
2025-01-16T00:10:34.792+01:00 DEBUG 36632 --- [hotel_rest_tp3] [           main] o.h.p.entity.AbstractEntityPersister     :  Version select: select id from adresse where id=?
2025-01-16T00:10:34.792+01:00 DEBUG 36632 --- [hotel_rest_tp3] [           main] o.h.p.entity.AbstractEntityPersister     :  Insert (0): insert into adresse (code_postal,numero,pays,rue,ville,id) values (?,?,?,?,?,?)
2025-01-16T00:10:34.792+01:00 DEBUG 36632 --- [hotel_rest_tp3] [           main] o.h.p.entity.AbstractEntityPersister     :  Update (0): update adresse set code_postal=?,numero=?,pays=?,rue=?,ville=? where id=?
2025-01-16T00:10:34.792+01:00 DEBUG 36632 --- [hotel_rest_tp3] [           main] o.h.p.entity.AbstractEntityPersister     :  Delete (0): delete from adresse where id=?
2025-01-16T00:10:34.792+01:00 DEBUG 36632 --- [hotel_rest_tp3] [           main] org.hibernate.orm.sql.ast.create         : Created new SQL alias : r1_0
2025-01-16T00:10:34.792+01:00 DEBUG 36632 --- [hotel_rest_tp3] [           main] org.hibernate.orm.sql.ast.create         : Registration of TableGroup [StandardTableGroup(hotel.rest.models.Reservation)] with identifierForTableGroup [hotel.rest.models.Reservation] for NavigablePath [hotel.rest.models.Reservation] 
2025-01-16T00:10:34.792+01:00 DEBUG 36632 --- [hotel_rest_tp3] [           main] org.hibernate.orm.sql.ast.create         : Registration of TableGroup [org.hibernate.sql.ast.tree.from.LazyTableGroup@14ee143a] with identifierForTableGroup [hotel.rest.models.Reservation.chambreReservee] for NavigablePath [hotel.rest.models.Reservation.chambreReservee] 
2025-01-16T00:10:34.792+01:00 DEBUG 36632 --- [hotel_rest_tp3] [           main] org.hibernate.orm.sql.ast.create         : Created new SQL alias : cr1_0
2025-01-16T00:10:34.793+01:00 DEBUG 36632 --- [hotel_rest_tp3] [           main] org.hibernate.orm.sql.ast.create         : Registration of TableGroup [org.hibernate.sql.ast.tree.from.LazyTableGroup@78324e97] with identifierForTableGroup [hotel.rest.models.Reservation.client] for NavigablePath [hotel.rest.models.Reservation.client] 
2025-01-16T00:10:34.793+01:00 DEBUG 36632 --- [hotel_rest_tp3] [           main] org.hibernate.orm.sql.ast.create         : Created new SQL alias : c1_0
2025-01-16T00:10:34.793+01:00 DEBUG 36632 --- [hotel_rest_tp3] [           main] org.hibernate.orm.sql.ast.create         : Registration of TableGroup [org.hibernate.sql.ast.tree.from.LazyTableGroup@73417494] with identifierForTableGroup [hotel.rest.models.Reservation.client.adressePersonne] for NavigablePath [hotel.rest.models.Reservation.client.adressePersonne] 
2025-01-16T00:10:34.793+01:00 DEBUG 36632 --- [hotel_rest_tp3] [           main] org.hibernate.orm.sql.ast.create         : Created new SQL alias : ap1_0
2025-01-16T00:10:34.793+01:00 DEBUG 36632 --- [hotel_rest_tp3] [           main] org.hibernate.orm.sql.ast.create         : Registration of TableGroup [org.hibernate.sql.ast.tree.from.LazyTableGroup@4d1b4fa1] with identifierForTableGroup [hotel.rest.models.Reservation.client.reservation] for NavigablePath [hotel.rest.models.Reservation.client.reservation] 
2025-01-16T00:10:34.793+01:00 DEBUG 36632 --- [hotel_rest_tp3] [           main] org.hibernate.orm.sql.ast.create         : Created new SQL alias : r2_0
2025-01-16T00:10:34.793+01:00 DEBUG 36632 --- [hotel_rest_tp3] [           main] org.hibernate.orm.sql.ast.create         : Registration of TableGroup [org.hibernate.sql.ast.tree.from.LazyTableGroup@27b7e663] with identifierForTableGroup [hotel.rest.models.Reservation.client.reservation.chambreReservee] for NavigablePath [hotel.rest.models.Reservation.client.reservation.chambreReservee] 
2025-01-16T00:10:34.793+01:00 DEBUG 36632 --- [hotel_rest_tp3] [           main] org.hibernate.orm.sql.ast.create         : Created new SQL alias : cr2_0
2025-01-16T00:10:34.804+01:00 DEBUG 36632 --- [hotel_rest_tp3] [           main] org.hibernate.orm.sql.ast.create         : Registration of TableGroup [org.hibernate.sql.ast.tree.from.LazyTableGroup@fa689db] with identifierForTableGroup [hotel.rest.models.Reservation.client.reservation.client] for NavigablePath [hotel.rest.models.Reservation.client.reservation.client] 
2025-01-16T00:10:34.819+01:00 DEBUG 36632 --- [hotel_rest_tp3] [           main] org.hibernate.orm.results.graph.AST      : DomainResult Graph:
 \-EntityResultImpl [hotel.rest.models.Reservation]
 |  +-EntityFetchJoinedImpl [hotel.rest.models.Reservation.chambreReservee]
 |  |  +-BasicFetch [hotel.rest.models.Reservation.chambreReservee.dateReservee]
 |  |  +-BasicFetch [hotel.rest.models.Reservation.chambreReservee.nombreLit]
 |  |  +-BasicFetch [hotel.rest.models.Reservation.chambreReservee.prix]
 |  |  +-DelayedCollectionFetch [hotel.rest.models.Reservation.chambreReservee.reservation]
 |  |  \-BasicFetch [hotel.rest.models.Reservation.chambreReservee.typeChambre]
 |  +-EntityFetchJoinedImpl [hotel.rest.models.Reservation.client]
 |  |  +-EntityFetchJoinedImpl [hotel.rest.models.Reservation.client.adressePersonne]
 |  |  |  +-BasicFetch [hotel.rest.models.Reservation.client.adressePersonne.codePostal]
 |  |  |  +-BasicFetch [hotel.rest.models.Reservation.client.adressePersonne.numero]
 |  |  |  +-BasicFetch [hotel.rest.models.Reservation.client.adressePersonne.pays]
 |  |  |  +-BasicFetch [hotel.rest.models.Reservation.client.adressePersonne.rue]
 |  |  |  \-BasicFetch [hotel.rest.models.Reservation.client.adressePersonne.ville]
 |  |  +-BasicFetch [hotel.rest.models.Reservation.client.age]
 |  |  +-BasicFetch [hotel.rest.models.Reservation.client.nationalite]
 |  |  +-BasicFetch [hotel.rest.models.Reservation.client.nom]
 |  |  +-BasicFetch [hotel.rest.models.Reservation.client.prenom]
 |  |  \-EntityFetchJoinedImpl [hotel.rest.models.Reservation.client.reservation]
 |  |  |  +-EntityFetchJoinedImpl [hotel.rest.models.Reservation.client.reservation.chambreReservee]
 |  |  |  |  +-BasicFetch [hotel.rest.models.Reservation.client.reservation.chambreReservee.dateReservee]
 |  |  |  |  +-BasicFetch [hotel.rest.models.Reservation.client.reservation.chambreReservee.nombreLit]
 |  |  |  |  +-BasicFetch [hotel.rest.models.Reservation.client.reservation.chambreReservee.prix]
 |  |  |  |  +-DelayedCollectionFetch [hotel.rest.models.Reservation.client.reservation.chambreReservee.reservation]
 |  |  |  |  \-BasicFetch [hotel.rest.models.Reservation.client.reservation.chambreReservee.typeChambre]
 |  |  |  +-CircularFetchImpl [hotel.rest.models.Reservation.client.reservation.client]
 |  |  |  +-BasicFetch [hotel.rest.models.Reservation.client.reservation.dateEntree]
 |  |  |  +-BasicFetch [hotel.rest.models.Reservation.client.reservation.dateReservee]
 |  |  |  \-BasicFetch [hotel.rest.models.Reservation.client.reservation.dateSortie]
 |  +-BasicFetch [hotel.rest.models.Reservation.dateEntree]
 |  +-BasicFetch [hotel.rest.models.Reservation.dateReservee]
 |  \-BasicFetch [hotel.rest.models.Reservation.dateSortie]

2025-01-16T00:10:34.819+01:00 DEBUG 36632 --- [hotel_rest_tp3] [           main] org.hibernate.orm.sql.ast.tree           : SQL AST Tree:
    SelectStatement {
      FromClause {
        StandardTableGroup (r1 : hotel.rest.models.Reservation) {
          primaryTableReference : reservation as r1_0
          TableGroupJoins {
            left  join LazyTableGroup (cr1 : hotel.rest.models.Reservation.chambreReservee) {
              primaryTableReference : chambre as cr1_0
            }
            left  join LazyTableGroup (c1 : hotel.rest.models.Reservation.client) {
              primaryTableReference : personne as c1_0
              TableGroupJoins {
                left  join LazyTableGroup (ap1 : hotel.rest.models.Reservation.client.adressePersonne) {
                  primaryTableReference : adresse as ap1_0
                }
                left  join LazyTableGroup (r2 : hotel.rest.models.Reservation.client.reservation) {
                  primaryTableReference : reservation as r2_0
                  TableGroupJoins {
                    left  join LazyTableGroup (cr2 : hotel.rest.models.Reservation.client.reservation.chambreReservee) {
                      primaryTableReference : chambre as cr2_0
                    }
                    left  join LazyTableGroup (c2 : hotel.rest.models.Reservation.client.reservation.client) {
                    }
                  }
                }
              }
            }
          }
        }
      }
    }

2025-01-16T00:10:34.820+01:00 DEBUG 36632 --- [hotel_rest_tp3] [           main] o.h.p.entity.AbstractEntityPersister     : Static SQL for entity: hotel.rest.models.Reservation
2025-01-16T00:10:34.820+01:00 DEBUG 36632 --- [hotel_rest_tp3] [           main] o.h.p.entity.AbstractEntityPersister     :  Version select: select numero_reservation from reservation where numero_reservation=?
2025-01-16T00:10:34.820+01:00 DEBUG 36632 --- [hotel_rest_tp3] [           main] o.h.p.entity.AbstractEntityPersister     :  Insert (0): insert into reservation (chambre_id,personne_id,date_entree,date_reservee,date_sortie,numero_reservation) values (?,?,?,?,?,?)
2025-01-16T00:10:34.820+01:00 DEBUG 36632 --- [hotel_rest_tp3] [           main] o.h.p.entity.AbstractEntityPersister     :  Update (0): update reservation set chambre_id=?,personne_id=?,date_entree=?,date_reservee=?,date_sortie=? where numero_reservation=?
2025-01-16T00:10:34.820+01:00 DEBUG 36632 --- [hotel_rest_tp3] [           main] o.h.p.entity.AbstractEntityPersister     :  Delete (0): delete from reservation where numero_reservation=?
2025-01-16T00:10:34.820+01:00 DEBUG 36632 --- [hotel_rest_tp3] [           main] org.hibernate.orm.sql.ast.create         : Created new SQL alias : p1_0
2025-01-16T00:10:34.820+01:00 DEBUG 36632 --- [hotel_rest_tp3] [           main] org.hibernate.orm.sql.ast.create         : Registration of TableGroup [StandardTableGroup(hotel.rest.models.Personne)] with identifierForTableGroup [hotel.rest.models.Personne] for NavigablePath [hotel.rest.models.Personne] 
2025-01-16T00:10:34.820+01:00 DEBUG 36632 --- [hotel_rest_tp3] [           main] org.hibernate.orm.sql.ast.create         : Registration of TableGroup [org.hibernate.sql.ast.tree.from.LazyTableGroup@6130a6f5] with identifierForTableGroup [hotel.rest.models.Personne.adressePersonne] for NavigablePath [hotel.rest.models.Personne.adressePersonne] 
2025-01-16T00:10:34.820+01:00 DEBUG 36632 --- [hotel_rest_tp3] [           main] org.hibernate.orm.sql.ast.create         : Created new SQL alias : ap1_0
2025-01-16T00:10:34.821+01:00 DEBUG 36632 --- [hotel_rest_tp3] [           main] org.hibernate.orm.sql.ast.create         : Registration of TableGroup [org.hibernate.sql.ast.tree.from.LazyTableGroup@3fb0d9de] with identifierForTableGroup [hotel.rest.models.Personne.reservation] for NavigablePath [hotel.rest.models.Personne.reservation] 
2025-01-16T00:10:34.821+01:00 DEBUG 36632 --- [hotel_rest_tp3] [           main] org.hibernate.orm.sql.ast.create         : Created new SQL alias : r1_0
2025-01-16T00:10:34.822+01:00 DEBUG 36632 --- [hotel_rest_tp3] [           main] org.hibernate.orm.sql.ast.create         : Registration of TableGroup [org.hibernate.sql.ast.tree.from.LazyTableGroup@8ad6d29] with identifierForTableGroup [hotel.rest.models.Personne.reservation.chambreReservee] for NavigablePath [hotel.rest.models.Personne.reservation.chambreReservee] 
2025-01-16T00:10:34.822+01:00 DEBUG 36632 --- [hotel_rest_tp3] [           main] org.hibernate.orm.sql.ast.create         : Created new SQL alias : cr1_0
2025-01-16T00:10:34.822+01:00 DEBUG 36632 --- [hotel_rest_tp3] [           main] org.hibernate.orm.sql.ast.create         : Registration of TableGroup [org.hibernate.sql.ast.tree.from.LazyTableGroup@2ad6aeb8] with identifierForTableGroup [hotel.rest.models.Personne.reservation.client] for NavigablePath [hotel.rest.models.Personne.reservation.client] 
2025-01-16T00:10:34.822+01:00 DEBUG 36632 --- [hotel_rest_tp3] [           main] org.hibernate.orm.sql.ast.create         : Created new SQL alias : c1_0
2025-01-16T00:10:34.823+01:00 DEBUG 36632 --- [hotel_rest_tp3] [           main] org.hibernate.orm.sql.ast.create         : Registration of TableGroup [org.hibernate.sql.ast.tree.from.LazyTableGroup@4e35a219] with identifierForTableGroup [hotel.rest.models.Personne.reservation.client.adressePersonne] for NavigablePath [hotel.rest.models.Personne.reservation.client.adressePersonne] 
2025-01-16T00:10:34.823+01:00 DEBUG 36632 --- [hotel_rest_tp3] [           main] org.hibernate.orm.sql.ast.create         : Created new SQL alias : ap2_0
2025-01-16T00:10:34.824+01:00 DEBUG 36632 --- [hotel_rest_tp3] [           main] org.hibernate.orm.sql.ast.create         : Registration of TableGroup [org.hibernate.sql.ast.tree.from.LazyTableGroup@7772ec28] with identifierForTableGroup [hotel.rest.models.Personne.reservation.client.reservation] for NavigablePath [hotel.rest.models.Personne.reservation.client.reservation] 
2025-01-16T00:10:34.825+01:00 DEBUG 36632 --- [hotel_rest_tp3] [           main] org.hibernate.orm.results.graph.AST      : DomainResult Graph:
 \-EntityResultImpl [hotel.rest.models.Personne]
 |  +-EntityFetchJoinedImpl [hotel.rest.models.Personne.adressePersonne]
 |  |  +-BasicFetch [hotel.rest.models.Personne.adressePersonne.codePostal]
 |  |  +-BasicFetch [hotel.rest.models.Personne.adressePersonne.numero]
 |  |  +-BasicFetch [hotel.rest.models.Personne.adressePersonne.pays]
 |  |  +-BasicFetch [hotel.rest.models.Personne.adressePersonne.rue]
 |  |  \-BasicFetch [hotel.rest.models.Personne.adressePersonne.ville]
 |  +-BasicFetch [hotel.rest.models.Personne.age]
 |  +-BasicFetch [hotel.rest.models.Personne.nationalite]
 |  +-BasicFetch [hotel.rest.models.Personne.nom]
 |  +-BasicFetch [hotel.rest.models.Personne.prenom]
 |  \-EntityFetchJoinedImpl [hotel.rest.models.Personne.reservation]
 |  |  +-EntityFetchJoinedImpl [hotel.rest.models.Personne.reservation.chambreReservee]
 |  |  |  +-BasicFetch [hotel.rest.models.Personne.reservation.chambreReservee.dateReservee]
 |  |  |  +-BasicFetch [hotel.rest.models.Personne.reservation.chambreReservee.nombreLit]
 |  |  |  +-BasicFetch [hotel.rest.models.Personne.reservation.chambreReservee.prix]
 |  |  |  +-DelayedCollectionFetch [hotel.rest.models.Personne.reservation.chambreReservee.reservation]
 |  |  |  \-BasicFetch [hotel.rest.models.Personne.reservation.chambreReservee.typeChambre]
 |  |  +-EntityFetchJoinedImpl [hotel.rest.models.Personne.reservation.client]
 |  |  |  +-EntityFetchJoinedImpl [hotel.rest.models.Personne.reservation.client.adressePersonne]
 |  |  |  |  +-BasicFetch [hotel.rest.models.Personne.reservation.client.adressePersonne.codePostal]
 |  |  |  |  +-BasicFetch [hotel.rest.models.Personne.reservation.client.adressePersonne.numero]
 |  |  |  |  +-BasicFetch [hotel.rest.models.Personne.reservation.client.adressePersonne.pays]
 |  |  |  |  +-BasicFetch [hotel.rest.models.Personne.reservation.client.adressePersonne.rue]
 |  |  |  |  \-BasicFetch [hotel.rest.models.Personne.reservation.client.adressePersonne.ville]
 |  |  |  +-BasicFetch [hotel.rest.models.Personne.reservation.client.age]
 |  |  |  +-BasicFetch [hotel.rest.models.Personne.reservation.client.nationalite]
 |  |  |  +-BasicFetch [hotel.rest.models.Personne.reservation.client.nom]
 |  |  |  +-BasicFetch [hotel.rest.models.Personne.reservation.client.prenom]
 |  |  |  \-CircularFetchImpl [hotel.rest.models.Personne.reservation.client.reservation]
 |  |  +-BasicFetch [hotel.rest.models.Personne.reservation.dateEntree]
 |  |  +-BasicFetch [hotel.rest.models.Personne.reservation.dateReservee]
 |  |  \-BasicFetch [hotel.rest.models.Personne.reservation.dateSortie]

2025-01-16T00:10:34.826+01:00 DEBUG 36632 --- [hotel_rest_tp3] [           main] org.hibernate.orm.sql.ast.tree           : SQL AST Tree:
    SelectStatement {
      FromClause {
        StandardTableGroup (p1 : hotel.rest.models.Personne) {
          primaryTableReference : personne as p1_0
          TableGroupJoins {
            left  join LazyTableGroup (ap1 : hotel.rest.models.Personne.adressePersonne) {
              primaryTableReference : adresse as ap1_0
            }
            left  join LazyTableGroup (r1 : hotel.rest.models.Personne.reservation) {
              primaryTableReference : reservation as r1_0
              TableGroupJoins {
                left  join LazyTableGroup (cr1 : hotel.rest.models.Personne.reservation.chambreReservee) {
                  primaryTableReference : chambre as cr1_0
                }
                left  join LazyTableGroup (c1 : hotel.rest.models.Personne.reservation.client) {
                  primaryTableReference : personne as c1_0
                  TableGroupJoins {
                    left  join LazyTableGroup (ap2 : hotel.rest.models.Personne.reservation.client.adressePersonne) {
                      primaryTableReference : adresse as ap2_0
                    }
                    left  join LazyTableGroup (r2 : hotel.rest.models.Personne.reservation.client.reservation) {
                    }
                  }
                }
              }
            }
          }
        }
      }
    }

2025-01-16T00:10:34.826+01:00 DEBUG 36632 --- [hotel_rest_tp3] [           main] o.h.p.entity.AbstractEntityPersister     : Static SQL for entity: hotel.rest.models.Personne
2025-01-16T00:10:34.826+01:00 DEBUG 36632 --- [hotel_rest_tp3] [           main] o.h.p.entity.AbstractEntityPersister     :  Version select: select id from personne where id=?
2025-01-16T00:10:34.826+01:00 DEBUG 36632 --- [hotel_rest_tp3] [           main] o.h.p.entity.AbstractEntityPersister     :  Insert (0): insert into personne (adresse_id,age,nationalite,nom,prenom,reservation_id,id) values (?,?,?,?,?,?,?)
2025-01-16T00:10:34.826+01:00 DEBUG 36632 --- [hotel_rest_tp3] [           main] o.h.p.entity.AbstractEntityPersister     :  Update (0): update personne set adresse_id=?,age=?,nationalite=?,nom=?,prenom=?,reservation_id=? where id=?
2025-01-16T00:10:34.826+01:00 DEBUG 36632 --- [hotel_rest_tp3] [           main] o.h.p.entity.AbstractEntityPersister     :  Delete (0): delete from personne where id=?
2025-01-16T00:10:34.831+01:00 DEBUG 36632 --- [hotel_rest_tp3] [           main] org.hibernate.orm.sql.ast.create         : Created new SQL alias : r1_0
2025-01-16T00:10:34.833+01:00 DEBUG 36632 --- [hotel_rest_tp3] [           main] org.hibernate.orm.sql.ast.create         : Registration of TableGroup [org.hibernate.sql.ast.tree.from.OneToManyTableGroup@4ebb7bab] with identifierForTableGroup [hotel.rest.models.Chambre.reservation] for NavigablePath [hotel.rest.models.Chambre.reservation] 
2025-01-16T00:10:34.833+01:00 DEBUG 36632 --- [hotel_rest_tp3] [           main] org.hibernate.orm.sql.ast.create         : Registration of TableGroup [StandardTableGroup(hotel.rest.models.Chambre.reservation.{element})] with identifierForTableGroup [hotel.rest.models.Chambre.reservation.{element}] for NavigablePath [hotel.rest.models.Chambre.reservation.{element}] 
2025-01-16T00:10:34.843+01:00 DEBUG 36632 --- [hotel_rest_tp3] [           main] org.hibernate.orm.sql.ast.create         : Registration of TableGroup [org.hibernate.sql.ast.tree.from.LazyTableGroup@7ab3f194] with identifierForTableGroup [hotel.rest.models.Chambre.reservation.{element}.chambreReservee] for NavigablePath [hotel.rest.models.Chambre.reservation.{element}.chambreReservee] 
2025-01-16T00:10:34.843+01:00 DEBUG 36632 --- [hotel_rest_tp3] [           main] org.hibernate.orm.sql.ast.create         : Created new SQL alias : cr1_0
2025-01-16T00:10:34.844+01:00 DEBUG 36632 --- [hotel_rest_tp3] [           main] org.hibernate.orm.sql.ast.create         : Registration of TableGroup [org.hibernate.sql.ast.tree.from.LazyTableGroup@613a608e] with identifierForTableGroup [hotel.rest.models.Chambre.reservation.{element}.client] for NavigablePath [hotel.rest.models.Chambre.reservation.{element}.client] 
2025-01-16T00:10:34.844+01:00 DEBUG 36632 --- [hotel_rest_tp3] [           main] org.hibernate.orm.sql.ast.create         : Created new SQL alias : c1_0
2025-01-16T00:10:34.844+01:00 DEBUG 36632 --- [hotel_rest_tp3] [           main] org.hibernate.orm.sql.ast.create         : Registration of TableGroup [org.hibernate.sql.ast.tree.from.LazyTableGroup@37b1218] with identifierForTableGroup [hotel.rest.models.Chambre.reservation.{element}.client.adressePersonne] for NavigablePath [hotel.rest.models.Chambre.reservation.{element}.client.adressePersonne] 
2025-01-16T00:10:34.844+01:00 DEBUG 36632 --- [hotel_rest_tp3] [           main] org.hibernate.orm.sql.ast.create         : Created new SQL alias : ap1_0
2025-01-16T00:10:34.844+01:00 DEBUG 36632 --- [hotel_rest_tp3] [           main] org.hibernate.orm.sql.ast.create         : Registration of TableGroup [org.hibernate.sql.ast.tree.from.LazyTableGroup@575cfec1] with identifierForTableGroup [hotel.rest.models.Chambre.reservation.{element}.client.reservation] for NavigablePath [hotel.rest.models.Chambre.reservation.{element}.client.reservation] 
2025-01-16T00:10:34.844+01:00 DEBUG 36632 --- [hotel_rest_tp3] [           main] org.hibernate.orm.sql.ast.create         : Created new SQL alias : r2_0
2025-01-16T00:10:34.845+01:00 DEBUG 36632 --- [hotel_rest_tp3] [           main] org.hibernate.orm.sql.ast.create         : Registration of TableGroup [org.hibernate.sql.ast.tree.from.LazyTableGroup@32068aef] with identifierForTableGroup [hotel.rest.models.Chambre.reservation.{element}.client.reservation.chambreReservee] for NavigablePath [hotel.rest.models.Chambre.reservation.{element}.client.reservation.chambreReservee] 
2025-01-16T00:10:34.845+01:00 DEBUG 36632 --- [hotel_rest_tp3] [           main] org.hibernate.orm.sql.ast.create         : Created new SQL alias : cr2_0
2025-01-16T00:10:34.845+01:00 DEBUG 36632 --- [hotel_rest_tp3] [           main] org.hibernate.orm.sql.ast.create         : Registration of TableGroup [org.hibernate.sql.ast.tree.from.LazyTableGroup@8ab231] with identifierForTableGroup [hotel.rest.models.Chambre.reservation.{element}.client.reservation.client] for NavigablePath [hotel.rest.models.Chambre.reservation.{element}.client.reservation.client] 
2025-01-16T00:10:34.851+01:00 DEBUG 36632 --- [hotel_rest_tp3] [           main] org.hibernate.orm.results.graph.AST      : DomainResult Graph:
 \-CollectionDomainResult [hotel.rest.models.Chambre.reservation]

2025-01-16T00:10:34.851+01:00 DEBUG 36632 --- [hotel_rest_tp3] [           main] org.hibernate.orm.sql.ast.tree           : SQL AST Tree:
    SelectStatement {
      FromClause {
        OneToManyTableGroup (r1 : hotel.rest.models.Chambre.reservation) {
          primaryTableReference : reservation as r1_0
          TableGroupJoins {
            left  join LazyTableGroup (cr1 : hotel.rest.models.Chambre.reservation.{element}.chambreReservee) {
              primaryTableReference : chambre as cr1_0
            }
            left  join LazyTableGroup (c1 : hotel.rest.models.Chambre.reservation.{element}.client) {
              primaryTableReference : personne as c1_0
              TableGroupJoins {
                left  join LazyTableGroup (ap1 : hotel.rest.models.Chambre.reservation.{element}.client.adressePersonne) {
                  primaryTableReference : adresse as ap1_0
                }
                left  join LazyTableGroup (r2 : hotel.rest.models.Chambre.reservation.{element}.client.reservation) {
                  primaryTableReference : reservation as r2_0
                  TableGroupJoins {
                    left  join LazyTableGroup (cr2 : hotel.rest.models.Chambre.reservation.{element}.client.reservation.chambreReservee) {
                      primaryTableReference : chambre as cr2_0
                    }
                    left  join LazyTableGroup (c2 : hotel.rest.models.Chambre.reservation.{element}.client.reservation.client) {
                    }
                  }
                }
              }
            }
          }
        }
      }
    }

2025-01-16T00:10:34.853+01:00 DEBUG 36632 --- [hotel_rest_tp3] [           main] org.hibernate.orm.jdbc.mutation          : Static SQL for collection: hotel.rest.models.Chambre.reservation
2025-01-16T00:10:34.853+01:00 DEBUG 36632 --- [hotel_rest_tp3] [           main] org.hibernate.orm.jdbc.mutation          :  Row insert: update reservation set reservation_id=? where numero_reservation=?
2025-01-16T00:10:34.856+01:00 DEBUG 36632 --- [hotel_rest_tp3] [           main] org.hibernate.orm.jdbc.mutation          :  Row delete: update reservation set reservation_id=null where reservation_id=? and numero_reservation=?
2025-01-16T00:10:34.858+01:00 DEBUG 36632 --- [hotel_rest_tp3] [           main] org.hibernate.orm.jdbc.mutation          :  One-shot delete: update reservation set reservation_id=null where reservation_id=?
2025-01-16T00:10:34.859+01:00 DEBUG 36632 --- [hotel_rest_tp3] [           main] org.hibernate.orm.sql.ast.create         : Created new SQL alias : lc1_0
2025-01-16T00:10:34.859+01:00 DEBUG 36632 --- [hotel_rest_tp3] [           main] org.hibernate.orm.sql.ast.create         : Registration of TableGroup [org.hibernate.sql.ast.tree.from.OneToManyTableGroup@558ed473] with identifierForTableGroup [hotel.rest.models.Hotel.listeChambre] for NavigablePath [hotel.rest.models.Hotel.listeChambre] 
2025-01-16T00:10:34.859+01:00 DEBUG 36632 --- [hotel_rest_tp3] [           main] org.hibernate.orm.sql.ast.create         : Registration of TableGroup [StandardTableGroup(hotel.rest.models.Hotel.listeChambre.{element})] with identifierForTableGroup [hotel.rest.models.Hotel.listeChambre.{element}] for NavigablePath [hotel.rest.models.Hotel.listeChambre.{element}] 
2025-01-16T00:10:34.859+01:00 DEBUG 36632 --- [hotel_rest_tp3] [           main] org.hibernate.orm.results.graph.AST      : DomainResult Graph:
 \-CollectionDomainResult [hotel.rest.models.Hotel.listeChambre]

2025-01-16T00:10:34.859+01:00 DEBUG 36632 --- [hotel_rest_tp3] [           main] org.hibernate.orm.sql.ast.tree           : SQL AST Tree:
    SelectStatement {
      FromClause {
        OneToManyTableGroup (lc1 : hotel.rest.models.Hotel.listeChambre) {
          primaryTableReference : chambre as lc1_0
        }
      }
    }

2025-01-16T00:10:34.859+01:00 DEBUG 36632 --- [hotel_rest_tp3] [           main] org.hibernate.orm.jdbc.mutation          : Static SQL for collection: hotel.rest.models.Hotel.listeChambre
2025-01-16T00:10:34.859+01:00 DEBUG 36632 --- [hotel_rest_tp3] [           main] org.hibernate.orm.jdbc.mutation          :  Row insert: update chambre set chambre_id=? where id=?
2025-01-16T00:10:34.859+01:00 DEBUG 36632 --- [hotel_rest_tp3] [           main] org.hibernate.orm.jdbc.mutation          :  Row delete: update chambre set chambre_id=null where chambre_id=? and id=?
2025-01-16T00:10:34.859+01:00 DEBUG 36632 --- [hotel_rest_tp3] [           main] org.hibernate.orm.jdbc.mutation          :  One-shot delete: update chambre set chambre_id=null where chambre_id=?
2025-01-16T00:10:35.079+01:00  INFO 36632 --- [hotel_rest_tp3] [           main] o.h.e.t.j.p.i.JtaPlatformInitiator       : HHH000489: No JTA platform available (set 'hibernate.transaction.jta.platform' to enable JTA platform integration)
2025-01-16T00:10:35.083+01:00 DEBUG 36632 --- [hotel_rest_tp3] [           main] o.h.type.spi.TypeConfiguration$Scope     : Scoping TypeConfiguration [org.hibernate.type.spi.TypeConfiguration@59f3426f] to SessionFactoryImplementor [org.hibernate.internal.SessionFactoryImpl@285ac40b]
2025-01-16T00:10:35.085+01:00 DEBUG 36632 --- [hotel_rest_tp3] [           main] o.h.query.named.NamedObjectRepository    : Checking 0 named HQL queries
2025-01-16T00:10:35.085+01:00 DEBUG 36632 --- [hotel_rest_tp3] [           main] o.h.query.named.NamedObjectRepository    : Checking 0 named SQL queries
2025-01-16T00:10:35.165+01:00 DEBUG 36632 --- [hotel_rest_tp3] [           main] org.hibernate.SQL                        : drop table if exists adresse cascade 
2025-01-16T00:10:35.168+01:00 DEBUG 36632 --- [hotel_rest_tp3] [           main] org.hibernate.SQL                        : drop table if exists chambre cascade 
2025-01-16T00:10:35.168+01:00 DEBUG 36632 --- [hotel_rest_tp3] [           main] org.hibernate.SQL                        : drop table if exists hotel cascade 
2025-01-16T00:10:35.168+01:00 DEBUG 36632 --- [hotel_rest_tp3] [           main] org.hibernate.SQL                        : drop table if exists personne cascade 
2025-01-16T00:10:35.168+01:00 DEBUG 36632 --- [hotel_rest_tp3] [           main] org.hibernate.SQL                        : drop table if exists reservation cascade 
2025-01-16T00:10:35.168+01:00 DEBUG 36632 --- [hotel_rest_tp3] [           main] org.hibernate.SQL                        : drop sequence if exists adresse_seq
2025-01-16T00:10:35.169+01:00 DEBUG 36632 --- [hotel_rest_tp3] [           main] org.hibernate.SQL                        : drop sequence if exists chambre_seq
2025-01-16T00:10:35.169+01:00 DEBUG 36632 --- [hotel_rest_tp3] [           main] org.hibernate.SQL                        : drop sequence if exists personne_seq
2025-01-16T00:10:35.169+01:00 DEBUG 36632 --- [hotel_rest_tp3] [           main] org.hibernate.SQL                        : drop sequence if exists reservation_seq
2025-01-16T00:10:35.181+01:00 DEBUG 36632 --- [hotel_rest_tp3] [           main] org.hibernate.SQL                        : create sequence adresse_seq start with 1 increment by 50
2025-01-16T00:10:35.186+01:00 DEBUG 36632 --- [hotel_rest_tp3] [           main] org.hibernate.SQL                        : create sequence chambre_seq start with 1 increment by 50
2025-01-16T00:10:35.186+01:00 DEBUG 36632 --- [hotel_rest_tp3] [           main] org.hibernate.SQL                        : create sequence personne_seq start with 1 increment by 50
2025-01-16T00:10:35.187+01:00 DEBUG 36632 --- [hotel_rest_tp3] [           main] org.hibernate.SQL                        : create sequence reservation_seq start with 1 increment by 50
2025-01-16T00:10:35.193+01:00 DEBUG 36632 --- [hotel_rest_tp3] [           main] org.hibernate.SQL                        : create table adresse (id bigint not null, code_postal varchar(255), numero varchar(255), pays varchar(255), rue varchar(255), ville varchar(255), primary key (id))
2025-01-16T00:10:35.196+01:00 DEBUG 36632 --- [hotel_rest_tp3] [           main] org.hibernate.SQL                        : create table chambre (nombre_lit integer not null, prix float(53) not null, type_chambre tinyint check (type_chambre between 0 and 3), chambre_id bigint, id bigint not null, date_reservee date array, primary key (id))
2025-01-16T00:10:35.212+01:00 DEBUG 36632 --- [hotel_rest_tp3] [           main] org.hibernate.SQL                        : create table hotel (nombre_etoile integer not null, adresse_id bigint unique, id bigint not null, nom varchar(255), primary key (id))
2025-01-16T00:10:35.218+01:00 DEBUG 36632 --- [hotel_rest_tp3] [           main] org.hibernate.SQL                        : create table personne (age integer not null, nationalite smallint check (nationalite between 0 and 138), adresse_id bigint unique, id bigint not null, reservation_id bigint unique, nom varchar(255), prenom varchar(255), primary key (id))
2025-01-16T00:10:35.220+01:00 DEBUG 36632 --- [hotel_rest_tp3] [           main] org.hibernate.SQL                        : create table reservation (date_entree date, date_sortie date, chambre_id bigint unique, numero_reservation bigint not null, personne_id bigint unique, reservation_id bigint, date_reservee date array, primary key (numero_reservation))
2025-01-16T00:10:35.223+01:00 DEBUG 36632 --- [hotel_rest_tp3] [           main] org.hibernate.SQL                        : alter table if exists chambre add constraint FK4wtvl0ppvwv05ysmsomqcxybh foreign key (chambre_id) references hotel
2025-01-16T00:10:35.262+01:00 DEBUG 36632 --- [hotel_rest_tp3] [           main] org.hibernate.SQL                        : alter table if exists hotel add constraint FK4df2mh2rr97h29xj1k6d1p5kg foreign key (adresse_id) references adresse
2025-01-16T00:10:35.264+01:00 DEBUG 36632 --- [hotel_rest_tp3] [           main] org.hibernate.SQL                        : alter table if exists personne add constraint FK64wypb6go3kiegrp8ntdf7ywp foreign key (adresse_id) references adresse
2025-01-16T00:10:35.265+01:00 DEBUG 36632 --- [hotel_rest_tp3] [           main] org.hibernate.SQL                        : alter table if exists personne add constraint FKgcu9oqmq3nax3gyifkinakslf foreign key (reservation_id) references reservation
2025-01-16T00:10:35.266+01:00 DEBUG 36632 --- [hotel_rest_tp3] [           main] org.hibernate.SQL                        : alter table if exists reservation add constraint FKdqj45imhck9x1xd2b8l3oi05t foreign key (chambre_id) references chambre
2025-01-16T00:10:35.267+01:00 DEBUG 36632 --- [hotel_rest_tp3] [           main] org.hibernate.SQL                        : alter table if exists reservation add constraint FK9xxq6uwxoftfj8kgj3t201eoj foreign key (personne_id) references personne
2025-01-16T00:10:35.268+01:00 DEBUG 36632 --- [hotel_rest_tp3] [           main] org.hibernate.SQL                        : alter table if exists reservation add constraint FKsmauo1rlg8nms3xnsq1ly5it1 foreign key (reservation_id) references chambre
2025-01-16T00:10:35.294+01:00 DEBUG 36632 --- [hotel_rest_tp3] [           main] o.h.internal.SessionFactoryRegistry      : Initializing SessionFactoryRegistry : org.hibernate.internal.SessionFactoryRegistry@ecb8b3e
2025-01-16T00:10:35.294+01:00 DEBUG 36632 --- [hotel_rest_tp3] [           main] o.h.internal.SessionFactoryRegistry      : Registering SessionFactory: e437f335-6950-4ae3-b14d-6f40ad87eb42 (<unnamed>)
2025-01-16T00:10:35.294+01:00 DEBUG 36632 --- [hotel_rest_tp3] [           main] o.h.internal.SessionFactoryRegistry      : Not binding SessionFactory to JNDI, no JNDI name configured
2025-01-16T00:10:35.295+01:00 DEBUG 36632 --- [hotel_rest_tp3] [           main] o.hibernate.internal.SessionFactoryImpl  : Instantiated SessionFactory
2025-01-16T00:10:35.295+01:00  INFO 36632 --- [hotel_rest_tp3] [           main] j.LocalContainerEntityManagerFactoryBean : Initialized JPA EntityManagerFactory for persistence unit 'default'
2025-01-16T00:10:35.664+01:00 DEBUG 36632 --- [hotel_rest_tp3] [           main] tor$SharedEntityManagerInvocationHandler : Creating new EntityManager for shared EntityManager invocation
2025-01-16T00:10:35.792+01:00 DEBUG 36632 --- [hotel_rest_tp3] [           main] o.h.stat.internal.StatisticsInitiator    : Statistics initialized [enabled=false]
2025-01-16T00:10:35.814+01:00 DEBUG 36632 --- [hotel_rest_tp3] [           main] tor$SharedEntityManagerInvocationHandler : Creating new EntityManager for shared EntityManager invocation
2025-01-16T00:10:35.999+01:00 DEBUG 36632 --- [hotel_rest_tp3] [           main] tor$SharedEntityManagerInvocationHandler : Creating new EntityManager for shared EntityManager invocation
2025-01-16T00:10:36.111+01:00 DEBUG 36632 --- [hotel_rest_tp3] [           main] tor$SharedEntityManagerInvocationHandler : Creating new EntityManager for shared EntityManager invocation
2025-01-16T00:10:36.117+01:00 DEBUG 36632 --- [hotel_rest_tp3] [           main] tor$SharedEntityManagerInvocationHandler : Creating new EntityManager for shared EntityManager invocation
2025-01-16T00:10:36.130+01:00 DEBUG 36632 --- [hotel_rest_tp3] [           main] tor$SharedEntityManagerInvocationHandler : Creating new EntityManager for shared EntityManager invocation
2025-01-16T00:10:36.131+01:00 DEBUG 36632 --- [hotel_rest_tp3] [           main] tor$SharedEntityManagerInvocationHandler : Creating new EntityManager for shared EntityManager invocation
2025-01-16T00:10:36.144+01:00 DEBUG 36632 --- [hotel_rest_tp3] [           main] tor$SharedEntityManagerInvocationHandler : Creating new EntityManager for shared EntityManager invocation
2025-01-16T00:10:36.144+01:00 DEBUG 36632 --- [hotel_rest_tp3] [           main] tor$SharedEntityManagerInvocationHandler : Creating new EntityManager for shared EntityManager invocation
2025-01-16T00:10:36.159+01:00 DEBUG 36632 --- [hotel_rest_tp3] [           main] tor$SharedEntityManagerInvocationHandler : Creating new EntityManager for shared EntityManager invocation
2025-01-16T00:10:36.160+01:00 DEBUG 36632 --- [hotel_rest_tp3] [           main] tor$SharedEntityManagerInvocationHandler : Creating new EntityManager for shared EntityManager invocation
2025-01-16T00:10:36.975+01:00  WARN 36632 --- [hotel_rest_tp3] [           main] JpaBaseConfiguration$JpaWebConfiguration : spring.jpa.open-in-view is enabled by default. Therefore, database queries may be performed during view rendering. Explicitly configure spring.jpa.open-in-view to disable this warning
2025-01-16T00:10:37.176+01:00  INFO 36632 --- [hotel_rest_tp3] [           main] o.s.v.b.OptionalValidatorFactoryBean     : Failed to set up a Bean Validation provider: jakarta.validation.NoProviderFoundException: Unable to create a Configuration, because no Jakarta Bean Validation provider could be found. Add a provider like Hibernate Validator (RI) to your classpath.
2025-01-16T00:10:38.480+01:00  INFO 36632 --- [hotel_rest_tp3] [           main] o.s.b.a.h2.H2ConsoleAutoConfiguration    : H2 console available at '/h2-console'. Database available at 'jdbc:h2:mem:hotel'
2025-01-16T00:10:38.642+01:00  INFO 36632 --- [hotel_rest_tp3] [           main] h.r.main.HotelRestTp3ApplicationTests    : Started HotelRestTp3ApplicationTests in 20.527 seconds (process running for 23.895)
2025-01-16T00:10:38.705+01:00 DEBUG 36632 --- [hotel_rest_tp3] [           main] o.s.orm.jpa.JpaTransactionManager        : Creating new transaction with name [org.springframework.data.jpa.repository.support.SimpleJpaRepository.save]: PROPAGATION_REQUIRED,ISOLATION_DEFAULT
2025-01-16T00:10:38.706+01:00 DEBUG 36632 --- [hotel_rest_tp3] [           main] o.s.orm.jpa.JpaTransactionManager        : Opened new EntityManager [SessionImpl(476013202<open>)] for JPA transaction
2025-01-16T00:10:38.731+01:00 DEBUG 36632 --- [hotel_rest_tp3] [           main] o.h.e.t.internal.TransactionImpl         : On TransactionImpl creation, JpaCompliance#isJpaTransactionComplianceEnabled == false
2025-01-16T00:10:38.732+01:00 DEBUG 36632 --- [hotel_rest_tp3] [           main] o.h.e.t.internal.TransactionImpl         : begin
2025-01-16T00:10:38.743+01:00 DEBUG 36632 --- [hotel_rest_tp3] [           main] o.s.orm.jpa.JpaTransactionManager        : Exposing JPA transaction as JDBC [org.springframework.orm.jpa.vendor.HibernateJpaDialect$HibernateConnectionHandle@71c2cb26]
2025-01-16T00:10:38.763+01:00 DEBUG 36632 --- [hotel_rest_tp3] [           main] o.h.j.internal.PersistenceUnitUtilImpl   : jakarta.persistence.PersistenceUnitUtil.getIdentifier is only intended to work with enhanced entities (although Hibernate also adapts this support to its proxies); however the passed entity was not enhanced (nor a proxy).. may not be able to read identifier
2025-01-16T00:10:38.817+01:00 DEBUG 36632 --- [hotel_rest_tp3] [           main] org.hibernate.SQL                        : select next value for adresse_seq
2025-01-16T00:10:38.855+01:00 DEBUG 36632 --- [hotel_rest_tp3] [           main] o.h.id.enhanced.SequenceStructure        : Sequence value obtained: 1
2025-01-16T00:10:38.870+01:00 DEBUG 36632 --- [hotel_rest_tp3] [           main] o.h.e.i.AbstractSaveEventListener        : Generated identifier: 1, using strategy: org.hibernate.id.enhanced.SequenceStyleGenerator
2025-01-16T00:10:38.926+01:00 DEBUG 36632 --- [hotel_rest_tp3] [           main] org.hibernate.SQL                        : select next value for chambre_seq
2025-01-16T00:10:38.927+01:00 DEBUG 36632 --- [hotel_rest_tp3] [           main] o.h.id.enhanced.SequenceStructure        : Sequence value obtained: 1
2025-01-16T00:10:38.927+01:00 DEBUG 36632 --- [hotel_rest_tp3] [           main] o.h.e.i.AbstractSaveEventListener        : Generated identifier: 1, using strategy: org.hibernate.id.enhanced.SequenceStyleGenerator
2025-01-16T00:10:38.930+01:00 DEBUG 36632 --- [hotel_rest_tp3] [           main] org.hibernate.SQL                        : select next value for chambre_seq
2025-01-16T00:10:38.930+01:00 DEBUG 36632 --- [hotel_rest_tp3] [           main] o.h.id.enhanced.SequenceStructure        : Sequence value obtained: 51
2025-01-16T00:10:38.930+01:00 DEBUG 36632 --- [hotel_rest_tp3] [           main] o.h.e.i.AbstractSaveEventListener        : Generated identifier: 2, using strategy: org.hibernate.id.enhanced.SequenceStyleGenerator
2025-01-16T00:10:38.930+01:00 DEBUG 36632 --- [hotel_rest_tp3] [           main] o.h.e.i.AbstractSaveEventListener        : Generated identifier: 3, using strategy: org.hibernate.id.enhanced.SequenceStyleGenerator
2025-01-16T00:10:38.930+01:00 DEBUG 36632 --- [hotel_rest_tp3] [           main] o.h.e.i.AbstractSaveEventListener        : Generated identifier: 4, using strategy: org.hibernate.id.enhanced.SequenceStyleGenerator
2025-01-16T00:10:38.930+01:00 DEBUG 36632 --- [hotel_rest_tp3] [           main] o.h.e.i.AbstractSaveEventListener        : Generated identifier: 5, using strategy: org.hibernate.id.enhanced.SequenceStyleGenerator
2025-01-16T00:10:38.931+01:00 DEBUG 36632 --- [hotel_rest_tp3] [           main] o.h.e.i.AbstractSaveEventListener        : Generated identifier: 6, using strategy: org.hibernate.id.enhanced.SequenceStyleGenerator
2025-01-16T00:10:38.931+01:00 DEBUG 36632 --- [hotel_rest_tp3] [           main] o.h.e.i.AbstractSaveEventListener        : Generated identifier: 7, using strategy: org.hibernate.id.enhanced.SequenceStyleGenerator
2025-01-16T00:10:38.931+01:00 DEBUG 36632 --- [hotel_rest_tp3] [           main] o.h.e.i.AbstractSaveEventListener        : Generated identifier: 8, using strategy: org.hibernate.id.enhanced.SequenceStyleGenerator
2025-01-16T00:10:38.931+01:00 DEBUG 36632 --- [hotel_rest_tp3] [           main] o.h.e.i.AbstractSaveEventListener        : Generated identifier: 9, using strategy: org.hibernate.id.enhanced.SequenceStyleGenerator
2025-01-16T00:10:38.932+01:00 DEBUG 36632 --- [hotel_rest_tp3] [           main] o.h.e.i.AbstractSaveEventListener        : Generated identifier: 10, using strategy: org.hibernate.id.enhanced.SequenceStyleGenerator
2025-01-16T00:10:38.932+01:00 DEBUG 36632 --- [hotel_rest_tp3] [           main] o.h.e.i.AbstractSaveEventListener        : Generated identifier: 11, using strategy: org.hibernate.id.enhanced.SequenceStyleGenerator
2025-01-16T00:10:38.933+01:00 DEBUG 36632 --- [hotel_rest_tp3] [           main] o.h.e.i.AbstractSaveEventListener        : Generated identifier: 12, using strategy: org.hibernate.id.enhanced.SequenceStyleGenerator
2025-01-16T00:10:38.933+01:00 DEBUG 36632 --- [hotel_rest_tp3] [           main] o.h.e.i.AbstractSaveEventListener        : Generated identifier: 13, using strategy: org.hibernate.id.enhanced.SequenceStyleGenerator
2025-01-16T00:10:38.934+01:00 DEBUG 36632 --- [hotel_rest_tp3] [           main] o.h.e.i.AbstractSaveEventListener        : Generated identifier: 14, using strategy: org.hibernate.id.enhanced.SequenceStyleGenerator
2025-01-16T00:10:38.934+01:00 DEBUG 36632 --- [hotel_rest_tp3] [           main] o.h.e.i.AbstractSaveEventListener        : Generated identifier: 15, using strategy: org.hibernate.id.enhanced.SequenceStyleGenerator
2025-01-16T00:10:38.934+01:00 DEBUG 36632 --- [hotel_rest_tp3] [           main] o.h.e.i.AbstractSaveEventListener        : Generated identifier: 16, using strategy: org.hibernate.id.enhanced.SequenceStyleGenerator
2025-01-16T00:10:38.934+01:00 DEBUG 36632 --- [hotel_rest_tp3] [           main] o.h.e.i.AbstractSaveEventListener        : Generated identifier: 17, using strategy: org.hibernate.id.enhanced.SequenceStyleGenerator
2025-01-16T00:10:38.935+01:00 DEBUG 36632 --- [hotel_rest_tp3] [           main] o.h.e.i.AbstractSaveEventListener        : Generated identifier: 18, using strategy: org.hibernate.id.enhanced.SequenceStyleGenerator
2025-01-16T00:10:38.935+01:00 DEBUG 36632 --- [hotel_rest_tp3] [           main] o.h.e.i.AbstractSaveEventListener        : Generated identifier: 19, using strategy: org.hibernate.id.enhanced.SequenceStyleGenerator
2025-01-16T00:10:38.935+01:00 DEBUG 36632 --- [hotel_rest_tp3] [           main] o.h.e.i.AbstractSaveEventListener        : Generated identifier: 20, using strategy: org.hibernate.id.enhanced.SequenceStyleGenerator
2025-01-16T00:10:38.935+01:00 DEBUG 36632 --- [hotel_rest_tp3] [           main] o.h.e.i.AbstractSaveEventListener        : Generated identifier: 21, using strategy: org.hibernate.id.enhanced.SequenceStyleGenerator
2025-01-16T00:10:38.935+01:00 DEBUG 36632 --- [hotel_rest_tp3] [           main] o.h.e.i.AbstractSaveEventListener        : Generated identifier: 22, using strategy: org.hibernate.id.enhanced.SequenceStyleGenerator
2025-01-16T00:10:38.935+01:00 DEBUG 36632 --- [hotel_rest_tp3] [           main] o.h.e.i.AbstractSaveEventListener        : Generated identifier: 23, using strategy: org.hibernate.id.enhanced.SequenceStyleGenerator
2025-01-16T00:10:38.936+01:00 DEBUG 36632 --- [hotel_rest_tp3] [           main] o.h.e.i.AbstractSaveEventListener        : Generated identifier: 24, using strategy: org.hibernate.id.enhanced.SequenceStyleGenerator
2025-01-16T00:10:38.936+01:00 DEBUG 36632 --- [hotel_rest_tp3] [           main] o.h.e.i.AbstractSaveEventListener        : Generated identifier: 25, using strategy: org.hibernate.id.enhanced.SequenceStyleGenerator
2025-01-16T00:10:38.937+01:00 DEBUG 36632 --- [hotel_rest_tp3] [           main] o.h.e.i.AbstractSaveEventListener        : Generated identifier: 26, using strategy: org.hibernate.id.enhanced.SequenceStyleGenerator
2025-01-16T00:10:38.937+01:00 DEBUG 36632 --- [hotel_rest_tp3] [           main] o.h.e.i.AbstractSaveEventListener        : Generated identifier: 27, using strategy: org.hibernate.id.enhanced.SequenceStyleGenerator
2025-01-16T00:10:38.937+01:00 DEBUG 36632 --- [hotel_rest_tp3] [           main] o.h.e.i.AbstractSaveEventListener        : Generated identifier: 28, using strategy: org.hibernate.id.enhanced.SequenceStyleGenerator
2025-01-16T00:10:38.937+01:00 DEBUG 36632 --- [hotel_rest_tp3] [           main] o.h.e.i.AbstractSaveEventListener        : Generated identifier: 29, using strategy: org.hibernate.id.enhanced.SequenceStyleGenerator
2025-01-16T00:10:38.938+01:00 DEBUG 36632 --- [hotel_rest_tp3] [           main] o.h.e.i.AbstractSaveEventListener        : Generated identifier: 30, using strategy: org.hibernate.id.enhanced.SequenceStyleGenerator
2025-01-16T00:10:38.938+01:00 DEBUG 36632 --- [hotel_rest_tp3] [           main] o.h.e.i.AbstractSaveEventListener        : Generated identifier: 31, using strategy: org.hibernate.id.enhanced.SequenceStyleGenerator
2025-01-16T00:10:38.938+01:00 DEBUG 36632 --- [hotel_rest_tp3] [           main] o.h.e.i.AbstractSaveEventListener        : Generated identifier: 32, using strategy: org.hibernate.id.enhanced.SequenceStyleGenerator
2025-01-16T00:10:38.938+01:00 DEBUG 36632 --- [hotel_rest_tp3] [           main] o.h.e.i.AbstractSaveEventListener        : Generated identifier: 33, using strategy: org.hibernate.id.enhanced.SequenceStyleGenerator
2025-01-16T00:10:38.938+01:00 DEBUG 36632 --- [hotel_rest_tp3] [           main] o.h.e.i.AbstractSaveEventListener        : Generated identifier: 34, using strategy: org.hibernate.id.enhanced.SequenceStyleGenerator
2025-01-16T00:10:38.939+01:00 DEBUG 36632 --- [hotel_rest_tp3] [           main] o.h.e.i.AbstractSaveEventListener        : Generated identifier: 35, using strategy: org.hibernate.id.enhanced.SequenceStyleGenerator
2025-01-16T00:10:38.939+01:00 DEBUG 36632 --- [hotel_rest_tp3] [           main] o.h.e.i.AbstractSaveEventListener        : Generated identifier: 36, using strategy: org.hibernate.id.enhanced.SequenceStyleGenerator
2025-01-16T00:10:38.939+01:00 DEBUG 36632 --- [hotel_rest_tp3] [           main] o.h.e.i.AbstractSaveEventListener        : Generated identifier: 37, using strategy: org.hibernate.id.enhanced.SequenceStyleGenerator
2025-01-16T00:10:38.939+01:00 DEBUG 36632 --- [hotel_rest_tp3] [           main] o.h.e.i.AbstractSaveEventListener        : Generated identifier: 38, using strategy: org.hibernate.id.enhanced.SequenceStyleGenerator
2025-01-16T00:10:38.940+01:00 DEBUG 36632 --- [hotel_rest_tp3] [           main] o.h.e.i.AbstractSaveEventListener        : Generated identifier: 39, using strategy: org.hibernate.id.enhanced.SequenceStyleGenerator
2025-01-16T00:10:38.940+01:00 DEBUG 36632 --- [hotel_rest_tp3] [           main] o.h.e.i.AbstractSaveEventListener        : Generated identifier: 40, using strategy: org.hibernate.id.enhanced.SequenceStyleGenerator
2025-01-16T00:10:38.940+01:00 DEBUG 36632 --- [hotel_rest_tp3] [           main] o.h.e.i.AbstractSaveEventListener        : Generated identifier: 41, using strategy: org.hibernate.id.enhanced.SequenceStyleGenerator
2025-01-16T00:10:38.941+01:00 DEBUG 36632 --- [hotel_rest_tp3] [           main] o.h.e.i.AbstractSaveEventListener        : Generated identifier: 42, using strategy: org.hibernate.id.enhanced.SequenceStyleGenerator
2025-01-16T00:10:38.941+01:00 DEBUG 36632 --- [hotel_rest_tp3] [           main] o.h.e.i.AbstractSaveEventListener        : Generated identifier: 43, using strategy: org.hibernate.id.enhanced.SequenceStyleGenerator
2025-01-16T00:10:38.942+01:00 DEBUG 36632 --- [hotel_rest_tp3] [           main] o.h.e.i.AbstractSaveEventListener        : Generated identifier: 44, using strategy: org.hibernate.id.enhanced.SequenceStyleGenerator
2025-01-16T00:10:38.943+01:00 DEBUG 36632 --- [hotel_rest_tp3] [           main] o.h.e.i.AbstractSaveEventListener        : Generated identifier: 45, using strategy: org.hibernate.id.enhanced.SequenceStyleGenerator
2025-01-16T00:10:38.943+01:00 DEBUG 36632 --- [hotel_rest_tp3] [           main] o.h.e.i.AbstractSaveEventListener        : Generated identifier: 46, using strategy: org.hibernate.id.enhanced.SequenceStyleGenerator
2025-01-16T00:10:38.943+01:00 DEBUG 36632 --- [hotel_rest_tp3] [           main] o.h.e.i.AbstractSaveEventListener        : Generated identifier: 47, using strategy: org.hibernate.id.enhanced.SequenceStyleGenerator
2025-01-16T00:10:38.944+01:00 DEBUG 36632 --- [hotel_rest_tp3] [           main] o.h.e.i.AbstractSaveEventListener        : Generated identifier: 48, using strategy: org.hibernate.id.enhanced.SequenceStyleGenerator
2025-01-16T00:10:38.944+01:00 DEBUG 36632 --- [hotel_rest_tp3] [           main] o.h.e.i.AbstractSaveEventListener        : Generated identifier: 49, using strategy: org.hibernate.id.enhanced.SequenceStyleGenerator
2025-01-16T00:10:38.944+01:00 DEBUG 36632 --- [hotel_rest_tp3] [           main] o.h.e.i.AbstractSaveEventListener        : Generated identifier: 50, using strategy: org.hibernate.id.enhanced.SequenceStyleGenerator
2025-01-16T00:10:38.944+01:00 DEBUG 36632 --- [hotel_rest_tp3] [           main] o.h.e.i.AbstractSaveEventListener        : Generated identifier: 51, using strategy: org.hibernate.id.enhanced.SequenceStyleGenerator
2025-01-16T00:10:38.945+01:00 DEBUG 36632 --- [hotel_rest_tp3] [           main] org.hibernate.SQL                        : select next value for chambre_seq
2025-01-16T00:10:38.945+01:00 DEBUG 36632 --- [hotel_rest_tp3] [           main] o.h.id.enhanced.SequenceStructure        : Sequence value obtained: 101
2025-01-16T00:10:38.945+01:00 DEBUG 36632 --- [hotel_rest_tp3] [           main] o.h.e.i.AbstractSaveEventListener        : Generated identifier: 52, using strategy: org.hibernate.id.enhanced.SequenceStyleGenerator
2025-01-16T00:10:38.945+01:00 DEBUG 36632 --- [hotel_rest_tp3] [           main] o.h.e.i.AbstractSaveEventListener        : Generated identifier: 53, using strategy: org.hibernate.id.enhanced.SequenceStyleGenerator
2025-01-16T00:10:38.945+01:00 DEBUG 36632 --- [hotel_rest_tp3] [           main] o.h.e.i.AbstractSaveEventListener        : Generated identifier: 54, using strategy: org.hibernate.id.enhanced.SequenceStyleGenerator
2025-01-16T00:10:38.946+01:00 DEBUG 36632 --- [hotel_rest_tp3] [           main] o.h.e.i.AbstractSaveEventListener        : Generated identifier: 55, using strategy: org.hibernate.id.enhanced.SequenceStyleGenerator
2025-01-16T00:10:38.946+01:00 DEBUG 36632 --- [hotel_rest_tp3] [           main] o.h.e.i.AbstractSaveEventListener        : Generated identifier: 56, using strategy: org.hibernate.id.enhanced.SequenceStyleGenerator
2025-01-16T00:10:38.946+01:00 DEBUG 36632 --- [hotel_rest_tp3] [           main] o.h.e.i.AbstractSaveEventListener        : Generated identifier: 57, using strategy: org.hibernate.id.enhanced.SequenceStyleGenerator
2025-01-16T00:10:38.947+01:00 DEBUG 36632 --- [hotel_rest_tp3] [           main] o.h.e.i.AbstractSaveEventListener        : Generated identifier: 58, using strategy: org.hibernate.id.enhanced.SequenceStyleGenerator
2025-01-16T00:10:38.951+01:00 DEBUG 36632 --- [hotel_rest_tp3] [           main] o.s.orm.jpa.JpaTransactionManager        : Initiating transaction commit
2025-01-16T00:10:38.952+01:00 DEBUG 36632 --- [hotel_rest_tp3] [           main] o.s.orm.jpa.JpaTransactionManager        : Committing JPA transaction on EntityManager [SessionImpl(476013202<open>)]
2025-01-16T00:10:38.952+01:00 DEBUG 36632 --- [hotel_rest_tp3] [           main] o.h.e.t.internal.TransactionImpl         : committing
2025-01-16T00:10:38.954+01:00 DEBUG 36632 --- [hotel_rest_tp3] [           main] o.h.e.i.AbstractFlushingEventListener    : Processing flush-time cascades
2025-01-16T00:10:38.958+01:00 DEBUG 36632 --- [hotel_rest_tp3] [           main] o.h.e.i.AbstractFlushingEventListener    : Dirty checking collections
2025-01-16T00:10:38.973+01:00 DEBUG 36632 --- [hotel_rest_tp3] [           main] o.hibernate.engine.internal.Collections  : Collection found: [hotel.rest.models.Hotel.listeChambre#0], was: [<unreferenced>] (initialized)
2025-01-16T00:10:38.984+01:00 DEBUG 36632 --- [hotel_rest_tp3] [           main] o.h.e.i.AbstractFlushingEventListener    : Flushed: 60 insertions, 0 updates, 0 deletions to 60 objects
2025-01-16T00:10:38.984+01:00 DEBUG 36632 --- [hotel_rest_tp3] [           main] o.h.e.i.AbstractFlushingEventListener    : Flushed: 1 (re)creations, 0 updates, 0 removals to 1 collections
2025-01-16T00:10:38.987+01:00 DEBUG 36632 --- [hotel_rest_tp3] [           main] o.hibernate.internal.util.EntityPrinter  : Listing entities:
2025-01-16T00:10:38.988+01:00 DEBUG 36632 --- [hotel_rest_tp3] [           main] o.hibernate.internal.util.EntityPrinter  : hotel.rest.models.Chambre{prix=120.0, typeChambre=SUITE, reservation=null, id=2, dateReservee=[], nombreLit=2}
2025-01-16T00:10:38.988+01:00 DEBUG 36632 --- [hotel_rest_tp3] [           main] o.hibernate.internal.util.EntityPrinter  : hotel.rest.models.Chambre{prix=120.0, typeChambre=SUITE, reservation=null, id=1, dateReservee=[], nombreLit=2}
2025-01-16T00:10:38.988+01:00 DEBUG 36632 --- [hotel_rest_tp3] [           main] o.hibernate.internal.util.EntityPrinter  : hotel.rest.models.Chambre{prix=120.0, typeChambre=SUITE, reservation=null, id=4, dateReservee=[], nombreLit=2}
2025-01-16T00:10:38.988+01:00 DEBUG 36632 --- [hotel_rest_tp3] [           main] o.hibernate.internal.util.EntityPrinter  : hotel.rest.models.Chambre{prix=120.0, typeChambre=SUITE, reservation=null, id=3, dateReservee=[], nombreLit=2}
2025-01-16T00:10:38.988+01:00 DEBUG 36632 --- [hotel_rest_tp3] [           main] o.hibernate.internal.util.EntityPrinter  : hotel.rest.models.Chambre{prix=50.0, typeChambre=SIMPLE, reservation=null, id=6, dateReservee=[], nombreLit=1}
2025-01-16T00:10:38.988+01:00 DEBUG 36632 --- [hotel_rest_tp3] [           main] o.hibernate.internal.util.EntityPrinter  : hotel.rest.models.Chambre{prix=50.0, typeChambre=SIMPLE, reservation=null, id=5, dateReservee=[], nombreLit=1}
2025-01-16T00:10:38.988+01:00 DEBUG 36632 --- [hotel_rest_tp3] [           main] o.hibernate.internal.util.EntityPrinter  : hotel.rest.models.Chambre{prix=50.0, typeChambre=SIMPLE, reservation=null, id=8, dateReservee=[], nombreLit=1}
2025-01-16T00:10:38.988+01:00 DEBUG 36632 --- [hotel_rest_tp3] [           main] o.hibernate.internal.util.EntityPrinter  : hotel.rest.models.Chambre{prix=50.0, typeChambre=SIMPLE, reservation=null, id=7, dateReservee=[], nombreLit=1}
2025-01-16T00:10:38.988+01:00 DEBUG 36632 --- [hotel_rest_tp3] [           main] o.hibernate.internal.util.EntityPrinter  : hotel.rest.models.Chambre{prix=50.0, typeChambre=SIMPLE, reservation=null, id=10, dateReservee=[], nombreLit=1}
2025-01-16T00:10:38.988+01:00 DEBUG 36632 --- [hotel_rest_tp3] [           main] o.hibernate.internal.util.EntityPrinter  : hotel.rest.models.Chambre{prix=50.0, typeChambre=SIMPLE, reservation=null, id=9, dateReservee=[], nombreLit=1}
2025-01-16T00:10:38.989+01:00 DEBUG 36632 --- [hotel_rest_tp3] [           main] o.hibernate.internal.util.EntityPrinter  : hotel.rest.models.Chambre{prix=50.0, typeChambre=SIMPLE, reservation=null, id=12, dateReservee=[], nombreLit=1}
2025-01-16T00:10:38.989+01:00 DEBUG 36632 --- [hotel_rest_tp3] [           main] o.hibernate.internal.util.EntityPrinter  : hotel.rest.models.Chambre{prix=50.0, typeChambre=SIMPLE, reservation=null, id=11, dateReservee=[], nombreLit=1}
2025-01-16T00:10:38.989+01:00 DEBUG 36632 --- [hotel_rest_tp3] [           main] o.hibernate.internal.util.EntityPrinter  : hotel.rest.models.Chambre{prix=50.0, typeChambre=SIMPLE, reservation=null, id=14, dateReservee=[], nombreLit=1}
2025-01-16T00:10:38.989+01:00 DEBUG 36632 --- [hotel_rest_tp3] [           main] o.hibernate.internal.util.EntityPrinter  : hotel.rest.models.Chambre{prix=50.0, typeChambre=SIMPLE, reservation=null, id=13, dateReservee=[], nombreLit=1}
2025-01-16T00:10:38.989+01:00 DEBUG 36632 --- [hotel_rest_tp3] [           main] o.hibernate.internal.util.EntityPrinter  : hotel.rest.models.Chambre{prix=50.0, typeChambre=SIMPLE, reservation=null, id=16, dateReservee=[], nombreLit=1}
2025-01-16T00:10:38.989+01:00 DEBUG 36632 --- [hotel_rest_tp3] [           main] o.hibernate.internal.util.EntityPrinter  : hotel.rest.models.Chambre{prix=50.0, typeChambre=SIMPLE, reservation=null, id=15, dateReservee=[], nombreLit=1}
2025-01-16T00:10:38.989+01:00 DEBUG 36632 --- [hotel_rest_tp3] [           main] o.hibernate.internal.util.EntityPrinter  : hotel.rest.models.Chambre{prix=300.0, typeChambre=LUXE, reservation=null, id=18, dateReservee=[], nombreLit=2}
2025-01-16T00:10:38.989+01:00 DEBUG 36632 --- [hotel_rest_tp3] [           main] o.hibernate.internal.util.EntityPrinter  : hotel.rest.models.Chambre{prix=300.0, typeChambre=LUXE, reservation=null, id=17, dateReservee=[], nombreLit=2}
2025-01-16T00:10:38.989+01:00 DEBUG 36632 --- [hotel_rest_tp3] [           main] o.hibernate.internal.util.EntityPrinter  : hotel.rest.models.Chambre{prix=300.0, typeChambre=LUXE, reservation=null, id=20, dateReservee=[], nombreLit=2}
2025-01-16T00:10:38.989+01:00 DEBUG 36632 --- [hotel_rest_tp3] [           main] o.hibernate.internal.util.EntityPrinter  : hotel.rest.models.Chambre{prix=300.0, typeChambre=LUXE, reservation=null, id=19, dateReservee=[], nombreLit=2}
2025-01-16T00:10:38.989+01:00 DEBUG 36632 --- [hotel_rest_tp3] [           main] o.hibernate.internal.util.EntityPrinter  : hotel.rest.models.Chambre{prix=300.0, typeChambre=LUXE, reservation=null, id=22, dateReservee=[], nombreLit=2}
2025-01-16T00:10:38.989+01:00 DEBUG 36632 --- [hotel_rest_tp3] [           main] o.hibernate.internal.util.EntityPrinter  : More......
2025-01-16T00:10:39.020+01:00 DEBUG 36632 --- [hotel_rest_tp3] [           main] org.hibernate.SQL                        : insert into adresse (code_postal,numero,pays,rue,ville,id) values (?,?,?,?,?,?)
2025-01-16T00:10:39.033+01:00 DEBUG 36632 --- [hotel_rest_tp3] [           main] org.hibernate.SQL                        : insert into hotel (adresse_id,nom,nombre_etoile,id) values (?,?,?,?)
2025-01-16T00:10:39.035+01:00 DEBUG 36632 --- [hotel_rest_tp3] [           main] org.hibernate.SQL                        : insert into chambre (date_reservee,nombre_lit,prix,type_chambre,id) values (?,?,?,?,?)
2025-01-16T00:10:39.055+01:00 DEBUG 36632 --- [hotel_rest_tp3] [           main] org.hibernate.SQL                        : insert into chambre (date_reservee,nombre_lit,prix,type_chambre,id) values (?,?,?,?,?)
2025-01-16T00:10:39.056+01:00 DEBUG 36632 --- [hotel_rest_tp3] [           main] org.hibernate.SQL                        : insert into chambre (date_reservee,nombre_lit,prix,type_chambre,id) values (?,?,?,?,?)
2025-01-16T00:10:39.057+01:00 DEBUG 36632 --- [hotel_rest_tp3] [           main] org.hibernate.SQL                        : insert into chambre (date_reservee,nombre_lit,prix,type_chambre,id) values (?,?,?,?,?)
2025-01-16T00:10:39.058+01:00 DEBUG 36632 --- [hotel_rest_tp3] [           main] org.hibernate.SQL                        : insert into chambre (date_reservee,nombre_lit,prix,type_chambre,id) values (?,?,?,?,?)
2025-01-16T00:10:39.058+01:00 DEBUG 36632 --- [hotel_rest_tp3] [           main] org.hibernate.SQL                        : insert into chambre (date_reservee,nombre_lit,prix,type_chambre,id) values (?,?,?,?,?)
2025-01-16T00:10:39.059+01:00 DEBUG 36632 --- [hotel_rest_tp3] [           main] org.hibernate.SQL                        : insert into chambre (date_reservee,nombre_lit,prix,type_chambre,id) values (?,?,?,?,?)
2025-01-16T00:10:39.060+01:00 DEBUG 36632 --- [hotel_rest_tp3] [           main] org.hibernate.SQL                        : insert into chambre (date_reservee,nombre_lit,prix,type_chambre,id) values (?,?,?,?,?)
2025-01-16T00:10:39.061+01:00 DEBUG 36632 --- [hotel_rest_tp3] [           main] org.hibernate.SQL                        : insert into chambre (date_reservee,nombre_lit,prix,type_chambre,id) values (?,?,?,?,?)
2025-01-16T00:10:39.061+01:00 DEBUG 36632 --- [hotel_rest_tp3] [           main] org.hibernate.SQL                        : insert into chambre (date_reservee,nombre_lit,prix,type_chambre,id) values (?,?,?,?,?)
2025-01-16T00:10:39.062+01:00 DEBUG 36632 --- [hotel_rest_tp3] [           main] org.hibernate.SQL                        : insert into chambre (date_reservee,nombre_lit,prix,type_chambre,id) values (?,?,?,?,?)
2025-01-16T00:10:39.063+01:00 DEBUG 36632 --- [hotel_rest_tp3] [           main] org.hibernate.SQL                        : insert into chambre (date_reservee,nombre_lit,prix,type_chambre,id) values (?,?,?,?,?)
2025-01-16T00:10:39.064+01:00 DEBUG 36632 --- [hotel_rest_tp3] [           main] org.hibernate.SQL                        : insert into chambre (date_reservee,nombre_lit,prix,type_chambre,id) values (?,?,?,?,?)
2025-01-16T00:10:39.065+01:00 DEBUG 36632 --- [hotel_rest_tp3] [           main] org.hibernate.SQL                        : insert into chambre (date_reservee,nombre_lit,prix,type_chambre,id) values (?,?,?,?,?)
2025-01-16T00:10:39.066+01:00 DEBUG 36632 --- [hotel_rest_tp3] [           main] org.hibernate.SQL                        : insert into chambre (date_reservee,nombre_lit,prix,type_chambre,id) values (?,?,?,?,?)
2025-01-16T00:10:39.067+01:00 DEBUG 36632 --- [hotel_rest_tp3] [           main] org.hibernate.SQL                        : insert into chambre (date_reservee,nombre_lit,prix,type_chambre,id) values (?,?,?,?,?)
2025-01-16T00:10:39.067+01:00 DEBUG 36632 --- [hotel_rest_tp3] [           main] org.hibernate.SQL                        : insert into chambre (date_reservee,nombre_lit,prix,type_chambre,id) values (?,?,?,?,?)
2025-01-16T00:10:39.068+01:00 DEBUG 36632 --- [hotel_rest_tp3] [           main] org.hibernate.SQL                        : insert into chambre (date_reservee,nombre_lit,prix,type_chambre,id) values (?,?,?,?,?)
2025-01-16T00:10:39.069+01:00 DEBUG 36632 --- [hotel_rest_tp3] [           main] org.hibernate.SQL                        : insert into chambre (date_reservee,nombre_lit,prix,type_chambre,id) values (?,?,?,?,?)
2025-01-16T00:10:39.069+01:00 DEBUG 36632 --- [hotel_rest_tp3] [           main] org.hibernate.SQL                        : insert into chambre (date_reservee,nombre_lit,prix,type_chambre,id) values (?,?,?,?,?)
2025-01-16T00:10:39.070+01:00 DEBUG 36632 --- [hotel_rest_tp3] [           main] org.hibernate.SQL                        : insert into chambre (date_reservee,nombre_lit,prix,type_chambre,id) values (?,?,?,?,?)
2025-01-16T00:10:39.071+01:00 DEBUG 36632 --- [hotel_rest_tp3] [           main] org.hibernate.SQL                        : insert into chambre (date_reservee,nombre_lit,prix,type_chambre,id) values (?,?,?,?,?)
2025-01-16T00:10:39.071+01:00 DEBUG 36632 --- [hotel_rest_tp3] [           main] org.hibernate.SQL                        : insert into chambre (date_reservee,nombre_lit,prix,type_chambre,id) values (?,?,?,?,?)
2025-01-16T00:10:39.072+01:00 DEBUG 36632 --- [hotel_rest_tp3] [           main] org.hibernate.SQL                        : insert into chambre (date_reservee,nombre_lit,prix,type_chambre,id) values (?,?,?,?,?)
2025-01-16T00:10:39.073+01:00 DEBUG 36632 --- [hotel_rest_tp3] [           main] org.hibernate.SQL                        : insert into chambre (date_reservee,nombre_lit,prix,type_chambre,id) values (?,?,?,?,?)
2025-01-16T00:10:39.074+01:00 DEBUG 36632 --- [hotel_rest_tp3] [           main] org.hibernate.SQL                        : insert into chambre (date_reservee,nombre_lit,prix,type_chambre,id) values (?,?,?,?,?)
2025-01-16T00:10:39.074+01:00 DEBUG 36632 --- [hotel_rest_tp3] [           main] org.hibernate.SQL                        : insert into chambre (date_reservee,nombre_lit,prix,type_chambre,id) values (?,?,?,?,?)
2025-01-16T00:10:39.075+01:00 DEBUG 36632 --- [hotel_rest_tp3] [           main] org.hibernate.SQL                        : insert into chambre (date_reservee,nombre_lit,prix,type_chambre,id) values (?,?,?,?,?)
2025-01-16T00:10:39.076+01:00 DEBUG 36632 --- [hotel_rest_tp3] [           main] org.hibernate.SQL                        : insert into chambre (date_reservee,nombre_lit,prix,type_chambre,id) values (?,?,?,?,?)
2025-01-16T00:10:39.076+01:00 DEBUG 36632 --- [hotel_rest_tp3] [           main] org.hibernate.SQL                        : insert into chambre (date_reservee,nombre_lit,prix,type_chambre,id) values (?,?,?,?,?)
2025-01-16T00:10:39.077+01:00 DEBUG 36632 --- [hotel_rest_tp3] [           main] org.hibernate.SQL                        : insert into chambre (date_reservee,nombre_lit,prix,type_chambre,id) values (?,?,?,?,?)
2025-01-16T00:10:39.077+01:00 DEBUG 36632 --- [hotel_rest_tp3] [           main] org.hibernate.SQL                        : insert into chambre (date_reservee,nombre_lit,prix,type_chambre,id) values (?,?,?,?,?)
2025-01-16T00:10:39.078+01:00 DEBUG 36632 --- [hotel_rest_tp3] [           main] org.hibernate.SQL                        : insert into chambre (date_reservee,nombre_lit,prix,type_chambre,id) values (?,?,?,?,?)
2025-01-16T00:10:39.079+01:00 DEBUG 36632 --- [hotel_rest_tp3] [           main] org.hibernate.SQL                        : insert into chambre (date_reservee,nombre_lit,prix,type_chambre,id) values (?,?,?,?,?)
2025-01-16T00:10:39.079+01:00 DEBUG 36632 --- [hotel_rest_tp3] [           main] org.hibernate.SQL                        : insert into chambre (date_reservee,nombre_lit,prix,type_chambre,id) values (?,?,?,?,?)
2025-01-16T00:10:39.080+01:00 DEBUG 36632 --- [hotel_rest_tp3] [           main] org.hibernate.SQL                        : insert into chambre (date_reservee,nombre_lit,prix,type_chambre,id) values (?,?,?,?,?)
2025-01-16T00:10:39.081+01:00 DEBUG 36632 --- [hotel_rest_tp3] [           main] org.hibernate.SQL                        : insert into chambre (date_reservee,nombre_lit,prix,type_chambre,id) values (?,?,?,?,?)
2025-01-16T00:10:39.081+01:00 DEBUG 36632 --- [hotel_rest_tp3] [           main] org.hibernate.SQL                        : insert into chambre (date_reservee,nombre_lit,prix,type_chambre,id) values (?,?,?,?,?)
2025-01-16T00:10:39.082+01:00 DEBUG 36632 --- [hotel_rest_tp3] [           main] org.hibernate.SQL                        : insert into chambre (date_reservee,nombre_lit,prix,type_chambre,id) values (?,?,?,?,?)
2025-01-16T00:10:39.082+01:00 DEBUG 36632 --- [hotel_rest_tp3] [           main] org.hibernate.SQL                        : insert into chambre (date_reservee,nombre_lit,prix,type_chambre,id) values (?,?,?,?,?)
2025-01-16T00:10:39.083+01:00 DEBUG 36632 --- [hotel_rest_tp3] [           main] org.hibernate.SQL                        : insert into chambre (date_reservee,nombre_lit,prix,type_chambre,id) values (?,?,?,?,?)
2025-01-16T00:10:39.084+01:00 DEBUG 36632 --- [hotel_rest_tp3] [           main] org.hibernate.SQL                        : insert into chambre (date_reservee,nombre_lit,prix,type_chambre,id) values (?,?,?,?,?)
2025-01-16T00:10:39.084+01:00 DEBUG 36632 --- [hotel_rest_tp3] [           main] org.hibernate.SQL                        : insert into chambre (date_reservee,nombre_lit,prix,type_chambre,id) values (?,?,?,?,?)
2025-01-16T00:10:39.085+01:00 DEBUG 36632 --- [hotel_rest_tp3] [           main] org.hibernate.SQL                        : insert into chambre (date_reservee,nombre_lit,prix,type_chambre,id) values (?,?,?,?,?)
2025-01-16T00:10:39.086+01:00 DEBUG 36632 --- [hotel_rest_tp3] [           main] org.hibernate.SQL                        : insert into chambre (date_reservee,nombre_lit,prix,type_chambre,id) values (?,?,?,?,?)
2025-01-16T00:10:39.086+01:00 DEBUG 36632 --- [hotel_rest_tp3] [           main] org.hibernate.SQL                        : insert into chambre (date_reservee,nombre_lit,prix,type_chambre,id) values (?,?,?,?,?)
2025-01-16T00:10:39.087+01:00 DEBUG 36632 --- [hotel_rest_tp3] [           main] org.hibernate.SQL                        : insert into chambre (date_reservee,nombre_lit,prix,type_chambre,id) values (?,?,?,?,?)
2025-01-16T00:10:39.088+01:00 DEBUG 36632 --- [hotel_rest_tp3] [           main] org.hibernate.SQL                        : insert into chambre (date_reservee,nombre_lit,prix,type_chambre,id) values (?,?,?,?,?)
2025-01-16T00:10:39.088+01:00 DEBUG 36632 --- [hotel_rest_tp3] [           main] org.hibernate.SQL                        : insert into chambre (date_reservee,nombre_lit,prix,type_chambre,id) values (?,?,?,?,?)
2025-01-16T00:10:39.089+01:00 DEBUG 36632 --- [hotel_rest_tp3] [           main] org.hibernate.SQL                        : insert into chambre (date_reservee,nombre_lit,prix,type_chambre,id) values (?,?,?,?,?)
2025-01-16T00:10:39.090+01:00 DEBUG 36632 --- [hotel_rest_tp3] [           main] org.hibernate.SQL                        : insert into chambre (date_reservee,nombre_lit,prix,type_chambre,id) values (?,?,?,?,?)
2025-01-16T00:10:39.090+01:00 DEBUG 36632 --- [hotel_rest_tp3] [           main] org.hibernate.SQL                        : insert into chambre (date_reservee,nombre_lit,prix,type_chambre,id) values (?,?,?,?,?)
2025-01-16T00:10:39.091+01:00 DEBUG 36632 --- [hotel_rest_tp3] [           main] org.hibernate.SQL                        : insert into chambre (date_reservee,nombre_lit,prix,type_chambre,id) values (?,?,?,?,?)
2025-01-16T00:10:39.092+01:00 DEBUG 36632 --- [hotel_rest_tp3] [           main] org.hibernate.SQL                        : insert into chambre (date_reservee,nombre_lit,prix,type_chambre,id) values (?,?,?,?,?)
2025-01-16T00:10:39.092+01:00 DEBUG 36632 --- [hotel_rest_tp3] [           main] org.hibernate.SQL                        : insert into chambre (date_reservee,nombre_lit,prix,type_chambre,id) values (?,?,?,?,?)
2025-01-16T00:10:39.093+01:00 DEBUG 36632 --- [hotel_rest_tp3] [           main] org.hibernate.SQL                        : insert into chambre (date_reservee,nombre_lit,prix,type_chambre,id) values (?,?,?,?,?)
2025-01-16T00:10:39.094+01:00 DEBUG 36632 --- [hotel_rest_tp3] [           main] org.hibernate.SQL                        : insert into chambre (date_reservee,nombre_lit,prix,type_chambre,id) values (?,?,?,?,?)
2025-01-16T00:10:39.094+01:00 DEBUG 36632 --- [hotel_rest_tp3] [           main] org.hibernate.SQL                        : insert into chambre (date_reservee,nombre_lit,prix,type_chambre,id) values (?,?,?,?,?)
2025-01-16T00:10:39.102+01:00 DEBUG 36632 --- [hotel_rest_tp3] [           main] org.hibernate.orm.jdbc.mutation          : Inserting collection rows - hotel.rest.models.Hotel.listeChambre : 0
2025-01-16T00:10:39.103+01:00 DEBUG 36632 --- [hotel_rest_tp3] [           main] org.hibernate.SQL                        : update chambre set chambre_id=? where id=?
2025-01-16T00:10:39.110+01:00 DEBUG 36632 --- [hotel_rest_tp3] [           main] org.hibernate.SQL                        : update chambre set chambre_id=? where id=?
2025-01-16T00:10:39.111+01:00 DEBUG 36632 --- [hotel_rest_tp3] [           main] org.hibernate.SQL                        : update chambre set chambre_id=? where id=?
2025-01-16T00:10:39.112+01:00 DEBUG 36632 --- [hotel_rest_tp3] [           main] org.hibernate.SQL                        : update chambre set chambre_id=? where id=?
2025-01-16T00:10:39.112+01:00 DEBUG 36632 --- [hotel_rest_tp3] [           main] org.hibernate.SQL                        : update chambre set chambre_id=? where id=?
2025-01-16T00:10:39.113+01:00 DEBUG 36632 --- [hotel_rest_tp3] [           main] org.hibernate.SQL                        : update chambre set chambre_id=? where id=?
2025-01-16T00:10:39.114+01:00 DEBUG 36632 --- [hotel_rest_tp3] [           main] org.hibernate.SQL                        : update chambre set chambre_id=? where id=?
2025-01-16T00:10:39.116+01:00 DEBUG 36632 --- [hotel_rest_tp3] [           main] org.hibernate.SQL                        : update chambre set chambre_id=? where id=?
2025-01-16T00:10:39.118+01:00 DEBUG 36632 --- [hotel_rest_tp3] [           main] org.hibernate.SQL                        : update chambre set chambre_id=? where id=?
2025-01-16T00:10:39.120+01:00 DEBUG 36632 --- [hotel_rest_tp3] [           main] org.hibernate.SQL                        : update chambre set chambre_id=? where id=?
2025-01-16T00:10:39.120+01:00 DEBUG 36632 --- [hotel_rest_tp3] [           main] org.hibernate.SQL                        : update chambre set chambre_id=? where id=?
2025-01-16T00:10:39.122+01:00 DEBUG 36632 --- [hotel_rest_tp3] [           main] org.hibernate.SQL                        : update chambre set chambre_id=? where id=?
2025-01-16T00:10:39.122+01:00 DEBUG 36632 --- [hotel_rest_tp3] [           main] org.hibernate.SQL                        : update chambre set chambre_id=? where id=?
2025-01-16T00:10:39.123+01:00 DEBUG 36632 --- [hotel_rest_tp3] [           main] org.hibernate.SQL                        : update chambre set chambre_id=? where id=?
2025-01-16T00:10:39.124+01:00 DEBUG 36632 --- [hotel_rest_tp3] [           main] org.hibernate.SQL                        : update chambre set chambre_id=? where id=?
2025-01-16T00:10:39.125+01:00 DEBUG 36632 --- [hotel_rest_tp3] [           main] org.hibernate.SQL                        : update chambre set chambre_id=? where id=?
2025-01-16T00:10:39.126+01:00 DEBUG 36632 --- [hotel_rest_tp3] [           main] org.hibernate.SQL                        : update chambre set chambre_id=? where id=?
2025-01-16T00:10:39.127+01:00 DEBUG 36632 --- [hotel_rest_tp3] [           main] org.hibernate.SQL                        : update chambre set chambre_id=? where id=?
2025-01-16T00:10:39.128+01:00 DEBUG 36632 --- [hotel_rest_tp3] [           main] org.hibernate.SQL                        : update chambre set chambre_id=? where id=?
2025-01-16T00:10:39.129+01:00 DEBUG 36632 --- [hotel_rest_tp3] [           main] org.hibernate.SQL                        : update chambre set chambre_id=? where id=?
2025-01-16T00:10:39.129+01:00 DEBUG 36632 --- [hotel_rest_tp3] [           main] org.hibernate.SQL                        : update chambre set chambre_id=? where id=?
2025-01-16T00:10:39.130+01:00 DEBUG 36632 --- [hotel_rest_tp3] [           main] org.hibernate.SQL                        : update chambre set chambre_id=? where id=?
2025-01-16T00:10:39.131+01:00 DEBUG 36632 --- [hotel_rest_tp3] [           main] org.hibernate.SQL                        : update chambre set chambre_id=? where id=?
2025-01-16T00:10:39.132+01:00 DEBUG 36632 --- [hotel_rest_tp3] [           main] org.hibernate.SQL                        : update chambre set chambre_id=? where id=?
2025-01-16T00:10:39.134+01:00 DEBUG 36632 --- [hotel_rest_tp3] [           main] org.hibernate.SQL                        : update chambre set chambre_id=? where id=?
2025-01-16T00:10:39.135+01:00 DEBUG 36632 --- [hotel_rest_tp3] [           main] org.hibernate.SQL                        : update chambre set chambre_id=? where id=?
2025-01-16T00:10:39.136+01:00 DEBUG 36632 --- [hotel_rest_tp3] [           main] org.hibernate.SQL                        : update chambre set chambre_id=? where id=?
2025-01-16T00:10:39.138+01:00 DEBUG 36632 --- [hotel_rest_tp3] [           main] org.hibernate.SQL                        : update chambre set chambre_id=? where id=?
2025-01-16T00:10:39.139+01:00 DEBUG 36632 --- [hotel_rest_tp3] [           main] org.hibernate.SQL                        : update chambre set chambre_id=? where id=?
2025-01-16T00:10:39.141+01:00 DEBUG 36632 --- [hotel_rest_tp3] [           main] org.hibernate.SQL                        : update chambre set chambre_id=? where id=?
2025-01-16T00:10:39.142+01:00 DEBUG 36632 --- [hotel_rest_tp3] [           main] org.hibernate.SQL                        : update chambre set chambre_id=? where id=?
2025-01-16T00:10:39.144+01:00 DEBUG 36632 --- [hotel_rest_tp3] [           main] org.hibernate.SQL                        : update chambre set chambre_id=? where id=?
2025-01-16T00:10:39.145+01:00 DEBUG 36632 --- [hotel_rest_tp3] [           main] org.hibernate.SQL                        : update chambre set chambre_id=? where id=?
2025-01-16T00:10:39.146+01:00 DEBUG 36632 --- [hotel_rest_tp3] [           main] org.hibernate.SQL                        : update chambre set chambre_id=? where id=?
2025-01-16T00:10:39.147+01:00 DEBUG 36632 --- [hotel_rest_tp3] [           main] org.hibernate.SQL                        : update chambre set chambre_id=? where id=?
2025-01-16T00:10:39.149+01:00 DEBUG 36632 --- [hotel_rest_tp3] [           main] org.hibernate.SQL                        : update chambre set chambre_id=? where id=?
2025-01-16T00:10:39.150+01:00 DEBUG 36632 --- [hotel_rest_tp3] [           main] org.hibernate.SQL                        : update chambre set chambre_id=? where id=?
2025-01-16T00:10:39.151+01:00 DEBUG 36632 --- [hotel_rest_tp3] [           main] org.hibernate.SQL                        : update chambre set chambre_id=? where id=?
2025-01-16T00:10:39.153+01:00 DEBUG 36632 --- [hotel_rest_tp3] [           main] org.hibernate.SQL                        : update chambre set chambre_id=? where id=?
2025-01-16T00:10:39.154+01:00 DEBUG 36632 --- [hotel_rest_tp3] [           main] org.hibernate.SQL                        : update chambre set chambre_id=? where id=?
2025-01-16T00:10:39.156+01:00 DEBUG 36632 --- [hotel_rest_tp3] [           main] org.hibernate.SQL                        : update chambre set chambre_id=? where id=?
2025-01-16T00:10:39.157+01:00 DEBUG 36632 --- [hotel_rest_tp3] [           main] org.hibernate.SQL                        : update chambre set chambre_id=? where id=?
2025-01-16T00:10:39.158+01:00 DEBUG 36632 --- [hotel_rest_tp3] [           main] org.hibernate.SQL                        : update chambre set chambre_id=? where id=?
2025-01-16T00:10:39.159+01:00 DEBUG 36632 --- [hotel_rest_tp3] [           main] org.hibernate.SQL                        : update chambre set chambre_id=? where id=?
2025-01-16T00:10:39.161+01:00 DEBUG 36632 --- [hotel_rest_tp3] [           main] org.hibernate.SQL                        : update chambre set chambre_id=? where id=?
2025-01-16T00:10:39.162+01:00 DEBUG 36632 --- [hotel_rest_tp3] [           main] org.hibernate.SQL                        : update chambre set chambre_id=? where id=?
2025-01-16T00:10:39.163+01:00 DEBUG 36632 --- [hotel_rest_tp3] [           main] org.hibernate.SQL                        : update chambre set chambre_id=? where id=?
2025-01-16T00:10:39.164+01:00 DEBUG 36632 --- [hotel_rest_tp3] [           main] org.hibernate.SQL                        : update chambre set chambre_id=? where id=?
2025-01-16T00:10:39.166+01:00 DEBUG 36632 --- [hotel_rest_tp3] [           main] org.hibernate.SQL                        : update chambre set chambre_id=? where id=?
2025-01-16T00:10:39.167+01:00 DEBUG 36632 --- [hotel_rest_tp3] [           main] org.hibernate.SQL                        : update chambre set chambre_id=? where id=?
2025-01-16T00:10:39.168+01:00 DEBUG 36632 --- [hotel_rest_tp3] [           main] org.hibernate.SQL                        : update chambre set chambre_id=? where id=?
2025-01-16T00:10:39.169+01:00 DEBUG 36632 --- [hotel_rest_tp3] [           main] org.hibernate.SQL                        : update chambre set chambre_id=? where id=?
2025-01-16T00:10:39.170+01:00 DEBUG 36632 --- [hotel_rest_tp3] [           main] org.hibernate.SQL                        : update chambre set chambre_id=? where id=?
2025-01-16T00:10:39.172+01:00 DEBUG 36632 --- [hotel_rest_tp3] [           main] org.hibernate.SQL                        : update chambre set chambre_id=? where id=?
2025-01-16T00:10:39.173+01:00 DEBUG 36632 --- [hotel_rest_tp3] [           main] org.hibernate.SQL                        : update chambre set chambre_id=? where id=?
2025-01-16T00:10:39.174+01:00 DEBUG 36632 --- [hotel_rest_tp3] [           main] org.hibernate.SQL                        : update chambre set chambre_id=? where id=?
2025-01-16T00:10:39.175+01:00 DEBUG 36632 --- [hotel_rest_tp3] [           main] org.hibernate.SQL                        : update chambre set chambre_id=? where id=?
2025-01-16T00:10:39.176+01:00 DEBUG 36632 --- [hotel_rest_tp3] [           main] org.hibernate.SQL                        : update chambre set chambre_id=? where id=?
2025-01-16T00:10:39.177+01:00 DEBUG 36632 --- [hotel_rest_tp3] [           main] org.hibernate.orm.jdbc.mutation          : Done inserting `58` collection rows : hotel.rest.models.Hotel.listeChambre
2025-01-16T00:10:39.195+01:00 DEBUG 36632 --- [hotel_rest_tp3] [           main] o.s.orm.jpa.JpaTransactionManager        : Closing JPA EntityManager [SessionImpl(476013202<open>)] after transaction
2025-01-16T00:10:39.196+01:00  INFO 36632 --- [hotel_rest_tp3] [           main] hotel.rest.data.HotelData                : Préchargement de la base de donnée avecLe Parisien
]]></system-out>
    <system-err><![CDATA[Mockito is currently self-attaching to enable the inline-mock-maker. This will no longer work in future releases of the JDK. Please add Mockito as an agent to your build what is described in Mockito's documentation: https://javadoc.io/doc/org.mockito/mockito-core/latest/org/mockito/Mockito.html#0.3
WARNING: A Java agent has been loaded dynamically (/home/miguel/.m2/repository/net/bytebuddy/byte-buddy-agent/1.15.11/byte-buddy-agent-1.15.11.jar)
WARNING: If a serviceability tool is in use, please run with -XX:+EnableDynamicAgentLoading to hide this warning
WARNING: If a serviceability tool is not in use, please run with -Djdk.instrument.traceUsage for more information
WARNING: Dynamic loading of agents will be disallowed by default in a future release
]]></system-err>
  </testcase>
</testsuite>